Symlinking /home/bryan/dissertation/Dissertation-/summit_sim_git/devel/include/interbotix_moveit_interface/MoveItPlanResponse.h
Symlinking /home/bryan/dissertation/Dissertation-/summit_sim_git/devel/include/interbotix_moveit_interface/MoveItPlanRequest.h
Symlinking /home/bryan/dissertation/Dissertation-/summit_sim_git/devel/include/interbotix_moveit_interface/MoveItPlan.h
Symlinking /home/bryan/dissertation/Dissertation-/summit_sim_git/devel/lib/python3/dist-packages/interbotix_moveit_interface/__init__.py
Symlinking /home/bryan/dissertation/Dissertation-/summit_sim_git/devel/lib/python3/dist-packages/interbotix_moveit_interface/srv/__init__.py
Symlinking /home/bryan/dissertation/Dissertation-/summit_sim_git/devel/lib/python3/dist-packages/interbotix_moveit_interface/srv/_MoveItPlan.py
Symlinking /home/bryan/dissertation/Dissertation-/summit_sim_git/devel/lib/interbotix_moveit_interface/moveit_interface
Symlinking /home/bryan/dissertation/Dissertation-/summit_sim_git/devel/lib/interbotix_moveit_interface/moveit_python_interface
Symlinking /home/bryan/dissertation/Dissertation-/summit_sim_git/devel/lib/interbotix_moveit_interface/cmake.lock
Symlinking /home/bryan/dissertation/Dissertation-/summit_sim_git/devel/lib/interbotix_moveit_interface/moveit_interface_gui
Symlinking /home/bryan/dissertation/Dissertation-/summit_sim_git/devel/lib/pkgconfig/interbotix_moveit_interface.pc
Symlinking /home/bryan/dissertation/Dissertation-/summit_sim_git/devel/share/roseus/ros/interbotix_moveit_interface/manifest.l
Symlinking /home/bryan/dissertation/Dissertation-/summit_sim_git/devel/share/roseus/ros/interbotix_moveit_interface/srv/MoveItPlan.l
Symlinking /home/bryan/dissertation/Dissertation-/summit_sim_git/devel/share/interbotix_moveit_interface/cmake/interbotix_moveit_interface-msg-extras.cmake
Symlinking /home/bryan/dissertation/Dissertation-/summit_sim_git/devel/share/interbotix_moveit_interface/cmake/interbotix_moveit_interface-msg-paths.cmake
Symlinking /home/bryan/dissertation/Dissertation-/summit_sim_git/devel/share/interbotix_moveit_interface/cmake/interbotix_moveit_interfaceConfig.cmake
Symlinking /home/bryan/dissertation/Dissertation-/summit_sim_git/devel/share/interbotix_moveit_interface/cmake/interbotix_moveit_interfaceConfig-version.cmake
Symlinking /home/bryan/dissertation/Dissertation-/summit_sim_git/devel/share/gennodejs/ros/interbotix_moveit_interface/_index.js
Symlinking /home/bryan/dissertation/Dissertation-/summit_sim_git/devel/share/gennodejs/ros/interbotix_moveit_interface/srv/MoveItPlan.js
Symlinking /home/bryan/dissertation/Dissertation-/summit_sim_git/devel/share/gennodejs/ros/interbotix_moveit_interface/srv/_index.js
Symlinking /home/bryan/dissertation/Dissertation-/summit_sim_git/devel/share/common-lisp/ros/interbotix_moveit_interface/srv/_package.lisp
Symlinking /home/bryan/dissertation/Dissertation-/summit_sim_git/devel/share/common-lisp/ros/interbotix_moveit_interface/srv/MoveItPlan.lisp
Symlinking /home/bryan/dissertation/Dissertation-/summit_sim_git/devel/share/common-lisp/ros/interbotix_moveit_interface/srv/_package_MoveItPlan.lisp
Symlinking /home/bryan/dissertation/Dissertation-/summit_sim_git/devel/share/common-lisp/ros/interbotix_moveit_interface/srv/interbotix_moveit_interface-srv.asd
Cleaning: (/home/bryan/dissertation/summit_sim_git/devel/.private/interbotix_moveit_interface/cmake.lock, /home/bryan/dissertation/summit_sim_git/devel/./cmake.lock)
Cleaning: (/home/bryan/dissertation/summit_sim_git/devel/.private/interbotix_moveit_interface/include/interbotix_moveit_interface/MoveItPlanResponse.h, /home/bryan/dissertation/summit_sim_git/devel/include/interbotix_moveit_interface/MoveItPlanResponse.h)
Cleaning: (/home/bryan/dissertation/summit_sim_git/devel/.private/interbotix_moveit_interface/include/interbotix_moveit_interface/MoveItPlanRequest.h, /home/bryan/dissertation/summit_sim_git/devel/include/interbotix_moveit_interface/MoveItPlanRequest.h)
Cleaning: (/home/bryan/dissertation/summit_sim_git/devel/.private/interbotix_moveit_interface/include/interbotix_moveit_interface/MoveItPlan.h, /home/bryan/dissertation/summit_sim_git/devel/include/interbotix_moveit_interface/MoveItPlan.h)
Cleaning: (/home/bryan/dissertation/summit_sim_git/devel/.private/interbotix_moveit_interface/lib/python3/dist-packages/interbotix_moveit_interface/__init__.py, /home/bryan/dissertation/summit_sim_git/devel/lib/python3/dist-packages/interbotix_moveit_interface/__init__.py)
Cleaning: (/home/bryan/dissertation/summit_sim_git/devel/.private/interbotix_moveit_interface/lib/python3/dist-packages/interbotix_moveit_interface/srv/__init__.py, /home/bryan/dissertation/summit_sim_git/devel/lib/python3/dist-packages/interbotix_moveit_interface/srv/__init__.py)
Cleaning: (/home/bryan/dissertation/summit_sim_git/devel/.private/interbotix_moveit_interface/lib/python3/dist-packages/interbotix_moveit_interface/srv/_MoveItPlan.py, /home/bryan/dissertation/summit_sim_git/devel/lib/python3/dist-packages/interbotix_moveit_interface/srv/_MoveItPlan.py)
Cleaning: (/home/bryan/dissertation/summit_sim_git/devel/.private/interbotix_moveit_interface/lib/interbotix_moveit_interface/moveit_interface, /home/bryan/dissertation/summit_sim_git/devel/lib/interbotix_moveit_interface/moveit_interface)
Cleaning: (/home/bryan/dissertation/summit_sim_git/devel/.private/interbotix_moveit_interface/lib/interbotix_moveit_interface/moveit_python_interface, /home/bryan/dissertation/summit_sim_git/devel/lib/interbotix_moveit_interface/moveit_python_interface)
Cleaning: (/home/bryan/dissertation/summit_sim_git/devel/.private/interbotix_moveit_interface/lib/interbotix_moveit_interface/cmake.lock, /home/bryan/dissertation/summit_sim_git/devel/lib/interbotix_moveit_interface/cmake.lock)
Cleaning: (/home/bryan/dissertation/summit_sim_git/devel/.private/interbotix_moveit_interface/lib/interbotix_moveit_interface/moveit_interface_gui, /home/bryan/dissertation/summit_sim_git/devel/lib/interbotix_moveit_interface/moveit_interface_gui)
Cleaning: (/home/bryan/dissertation/summit_sim_git/devel/.private/interbotix_moveit_interface/lib/pkgconfig/interbotix_moveit_interface.pc, /home/bryan/dissertation/summit_sim_git/devel/lib/pkgconfig/interbotix_moveit_interface.pc)
Cleaning: (/home/bryan/dissertation/summit_sim_git/devel/.private/interbotix_moveit_interface/share/roseus/ros/interbotix_moveit_interface/manifest.l, /home/bryan/dissertation/summit_sim_git/devel/share/roseus/ros/interbotix_moveit_interface/manifest.l)
Cleaning: (/home/bryan/dissertation/summit_sim_git/devel/.private/interbotix_moveit_interface/share/roseus/ros/interbotix_moveit_interface/srv/MoveItPlan.l, /home/bryan/dissertation/summit_sim_git/devel/share/roseus/ros/interbotix_moveit_interface/srv/MoveItPlan.l)
Cleaning: (/home/bryan/dissertation/summit_sim_git/devel/.private/interbotix_moveit_interface/share/interbotix_moveit_interface/cmake/interbotix_moveit_interface-msg-extras.cmake, /home/bryan/dissertation/summit_sim_git/devel/share/interbotix_moveit_interface/cmake/interbotix_moveit_interface-msg-extras.cmake)
Cleaning: (/home/bryan/dissertation/summit_sim_git/devel/.private/interbotix_moveit_interface/share/interbotix_moveit_interface/cmake/interbotix_moveit_interface-msg-paths.cmake, /home/bryan/dissertation/summit_sim_git/devel/share/interbotix_moveit_interface/cmake/interbotix_moveit_interface-msg-paths.cmake)
Cleaning: (/home/bryan/dissertation/summit_sim_git/devel/.private/interbotix_moveit_interface/share/interbotix_moveit_interface/cmake/interbotix_moveit_interfaceConfig.cmake, /home/bryan/dissertation/summit_sim_git/devel/share/interbotix_moveit_interface/cmake/interbotix_moveit_interfaceConfig.cmake)
Cleaning: (/home/bryan/dissertation/summit_sim_git/devel/.private/interbotix_moveit_interface/share/interbotix_moveit_interface/cmake/interbotix_moveit_interfaceConfig-version.cmake, /home/bryan/dissertation/summit_sim_git/devel/share/interbotix_moveit_interface/cmake/interbotix_moveit_interfaceConfig-version.cmake)
Cleaning: (/home/bryan/dissertation/summit_sim_git/devel/.private/interbotix_moveit_interface/share/gennodejs/ros/interbotix_moveit_interface/_index.js, /home/bryan/dissertation/summit_sim_git/devel/share/gennodejs/ros/interbotix_moveit_interface/_index.js)
Cleaning: (/home/bryan/dissertation/summit_sim_git/devel/.private/interbotix_moveit_interface/share/gennodejs/ros/interbotix_moveit_interface/srv/MoveItPlan.js, /home/bryan/dissertation/summit_sim_git/devel/share/gennodejs/ros/interbotix_moveit_interface/srv/MoveItPlan.js)
Cleaning: (/home/bryan/dissertation/summit_sim_git/devel/.private/interbotix_moveit_interface/share/gennodejs/ros/interbotix_moveit_interface/srv/_index.js, /home/bryan/dissertation/summit_sim_git/devel/share/gennodejs/ros/interbotix_moveit_interface/srv/_index.js)
Cleaning: (/home/bryan/dissertation/summit_sim_git/devel/.private/interbotix_moveit_interface/share/common-lisp/ros/interbotix_moveit_interface/srv/_package.lisp, /home/bryan/dissertation/summit_sim_git/devel/share/common-lisp/ros/interbotix_moveit_interface/srv/_package.lisp)
Cleaning: (/home/bryan/dissertation/summit_sim_git/devel/.private/interbotix_moveit_interface/share/common-lisp/ros/interbotix_moveit_interface/srv/MoveItPlan.lisp, /home/bryan/dissertation/summit_sim_git/devel/share/common-lisp/ros/interbotix_moveit_interface/srv/MoveItPlan.lisp)
Cleaning: (/home/bryan/dissertation/summit_sim_git/devel/.private/interbotix_moveit_interface/share/common-lisp/ros/interbotix_moveit_interface/srv/_package_MoveItPlan.lisp, /home/bryan/dissertation/summit_sim_git/devel/share/common-lisp/ros/interbotix_moveit_interface/srv/_package_MoveItPlan.lisp)
Cleaning: (/home/bryan/dissertation/summit_sim_git/devel/.private/interbotix_moveit_interface/share/common-lisp/ros/interbotix_moveit_interface/srv/interbotix_moveit_interface-srv.asd, /home/bryan/dissertation/summit_sim_git/devel/share/common-lisp/ros/interbotix_moveit_interface/srv/interbotix_moveit_interface-srv.asd)
Unlinking: /home/bryan/dissertation/summit_sim_git/devel/include/interbotix_moveit_interface/MoveItPlanResponse.h
Already unlinked: {}
Unlinking: /home/bryan/dissertation/summit_sim_git/devel/include/interbotix_moveit_interface/MoveItPlanRequest.h
Already unlinked: {}
Unlinking: /home/bryan/dissertation/summit_sim_git/devel/include/interbotix_moveit_interface/MoveItPlan.h
Already unlinked: {}
Unlinking: /home/bryan/dissertation/summit_sim_git/devel/lib/python3/dist-packages/interbotix_moveit_interface/__init__.py
Already unlinked: {}
Unlinking: /home/bryan/dissertation/summit_sim_git/devel/lib/python3/dist-packages/interbotix_moveit_interface/srv/__init__.py
Already unlinked: {}
Unlinking: /home/bryan/dissertation/summit_sim_git/devel/lib/python3/dist-packages/interbotix_moveit_interface/srv/_MoveItPlan.py
Already unlinked: {}
Unlinking: /home/bryan/dissertation/summit_sim_git/devel/lib/interbotix_moveit_interface/moveit_interface
Already unlinked: {}
Unlinking: /home/bryan/dissertation/summit_sim_git/devel/lib/interbotix_moveit_interface/moveit_python_interface
Already unlinked: {}
Unlinking: /home/bryan/dissertation/summit_sim_git/devel/lib/interbotix_moveit_interface/cmake.lock
Already unlinked: {}
Unlinking: /home/bryan/dissertation/summit_sim_git/devel/lib/interbotix_moveit_interface/moveit_interface_gui
Already unlinked: {}
Unlinking: /home/bryan/dissertation/summit_sim_git/devel/lib/pkgconfig/interbotix_moveit_interface.pc
Already unlinked: {}
Unlinking: /home/bryan/dissertation/summit_sim_git/devel/share/roseus/ros/interbotix_moveit_interface/manifest.l
Already unlinked: {}
Unlinking: /home/bryan/dissertation/summit_sim_git/devel/share/roseus/ros/interbotix_moveit_interface/srv/MoveItPlan.l
Already unlinked: {}
Unlinking: /home/bryan/dissertation/summit_sim_git/devel/share/interbotix_moveit_interface/cmake/interbotix_moveit_interface-msg-extras.cmake
Already unlinked: {}
Unlinking: /home/bryan/dissertation/summit_sim_git/devel/share/interbotix_moveit_interface/cmake/interbotix_moveit_interface-msg-paths.cmake
Already unlinked: {}
Unlinking: /home/bryan/dissertation/summit_sim_git/devel/share/interbotix_moveit_interface/cmake/interbotix_moveit_interfaceConfig.cmake
Already unlinked: {}
Unlinking: /home/bryan/dissertation/summit_sim_git/devel/share/interbotix_moveit_interface/cmake/interbotix_moveit_interfaceConfig-version.cmake
Already unlinked: {}
Unlinking: /home/bryan/dissertation/summit_sim_git/devel/share/gennodejs/ros/interbotix_moveit_interface/_index.js
Already unlinked: {}
Unlinking: /home/bryan/dissertation/summit_sim_git/devel/share/gennodejs/ros/interbotix_moveit_interface/srv/MoveItPlan.js
Already unlinked: {}
Unlinking: /home/bryan/dissertation/summit_sim_git/devel/share/gennodejs/ros/interbotix_moveit_interface/srv/_index.js
Already unlinked: {}
Unlinking: /home/bryan/dissertation/summit_sim_git/devel/share/common-lisp/ros/interbotix_moveit_interface/srv/_package.lisp
Already unlinked: {}
Unlinking: /home/bryan/dissertation/summit_sim_git/devel/share/common-lisp/ros/interbotix_moveit_interface/srv/MoveItPlan.lisp
Already unlinked: {}
Unlinking: /home/bryan/dissertation/summit_sim_git/devel/share/common-lisp/ros/interbotix_moveit_interface/srv/_package_MoveItPlan.lisp
Already unlinked: {}
Unlinking: /home/bryan/dissertation/summit_sim_git/devel/share/common-lisp/ros/interbotix_moveit_interface/srv/interbotix_moveit_interface-srv.asd
Already unlinked: {}
