Symlinking /home/bryan/dissertation/Dissertation-/summit_sim_git/devel/lib/librcomponent.so
Symlinking /home/bryan/dissertation/Dissertation-/summit_sim_git/devel/lib/rcomponent/rcomponent_simple_async
Symlinking /home/bryan/dissertation/Dissertation-/summit_sim_git/devel/lib/rcomponent/rcomponent_diagnostic
Symlinking /home/bryan/dissertation/Dissertation-/summit_sim_git/devel/lib/rcomponent/test_namespace
Symlinking /home/bryan/dissertation/Dissertation-/summit_sim_git/devel/lib/rcomponent/rcomponent_server
Symlinking /home/bryan/dissertation/Dissertation-/summit_sim_git/devel/lib/rcomponent/rcomponent_simple
Symlinking /home/bryan/dissertation/Dissertation-/summit_sim_git/devel/lib/python3/dist-packages/rcomponent/__init__.py
Symlinking /home/bryan/dissertation/Dissertation-/summit_sim_git/devel/lib/pkgconfig/rcomponent.pc
Symlinking /home/bryan/dissertation/Dissertation-/summit_sim_git/devel/share/rcomponent/cmake/rcomponentConfig-version.cmake
Symlinking /home/bryan/dissertation/Dissertation-/summit_sim_git/devel/share/rcomponent/cmake/rcomponentConfig.cmake
Cleaning: (/home/bryan/dissertation/summit_sim_git/devel/.private/rcomponent/cmake.lock, /home/bryan/dissertation/summit_sim_git/devel/./cmake.lock)
Cleaning: (/home/bryan/dissertation/summit_sim_git/devel/.private/rcomponent/lib/librcomponent.so, /home/bryan/dissertation/summit_sim_git/devel/lib/librcomponent.so)
Cleaning: (/home/bryan/dissertation/summit_sim_git/devel/.private/rcomponent/lib/rcomponent/rcomponent_simple_async, /home/bryan/dissertation/summit_sim_git/devel/lib/rcomponent/rcomponent_simple_async)
Cleaning: (/home/bryan/dissertation/summit_sim_git/devel/.private/rcomponent/lib/rcomponent/rcomponent_diagnostic, /home/bryan/dissertation/summit_sim_git/devel/lib/rcomponent/rcomponent_diagnostic)
Cleaning: (/home/bryan/dissertation/summit_sim_git/devel/.private/rcomponent/lib/rcomponent/test_namespace, /home/bryan/dissertation/summit_sim_git/devel/lib/rcomponent/test_namespace)
Cleaning: (/home/bryan/dissertation/summit_sim_git/devel/.private/rcomponent/lib/rcomponent/rcomponent_server, /home/bryan/dissertation/summit_sim_git/devel/lib/rcomponent/rcomponent_server)
Cleaning: (/home/bryan/dissertation/summit_sim_git/devel/.private/rcomponent/lib/rcomponent/rcomponent_simple, /home/bryan/dissertation/summit_sim_git/devel/lib/rcomponent/rcomponent_simple)
Cleaning: (/home/bryan/dissertation/summit_sim_git/devel/.private/rcomponent/lib/python3/dist-packages/rcomponent/__init__.py, /home/bryan/dissertation/summit_sim_git/devel/lib/python3/dist-packages/rcomponent/__init__.py)
Cleaning: (/home/bryan/dissertation/summit_sim_git/devel/.private/rcomponent/lib/pkgconfig/rcomponent.pc, /home/bryan/dissertation/summit_sim_git/devel/lib/pkgconfig/rcomponent.pc)
Cleaning: (/home/bryan/dissertation/summit_sim_git/devel/.private/rcomponent/share/rcomponent/cmake/rcomponentConfig-version.cmake, /home/bryan/dissertation/summit_sim_git/devel/share/rcomponent/cmake/rcomponentConfig-version.cmake)
Cleaning: (/home/bryan/dissertation/summit_sim_git/devel/.private/rcomponent/share/rcomponent/cmake/rcomponentConfig.cmake, /home/bryan/dissertation/summit_sim_git/devel/share/rcomponent/cmake/rcomponentConfig.cmake)
Unlinking: /home/bryan/dissertation/summit_sim_git/devel/lib/librcomponent.so
Already unlinked: {}
Unlinking: /home/bryan/dissertation/summit_sim_git/devel/lib/rcomponent/rcomponent_simple_async
Already unlinked: {}
Unlinking: /home/bryan/dissertation/summit_sim_git/devel/lib/rcomponent/rcomponent_diagnostic
Already unlinked: {}
Unlinking: /home/bryan/dissertation/summit_sim_git/devel/lib/rcomponent/test_namespace
Already unlinked: {}
Unlinking: /home/bryan/dissertation/summit_sim_git/devel/lib/rcomponent/rcomponent_server
Already unlinked: {}
Unlinking: /home/bryan/dissertation/summit_sim_git/devel/lib/rcomponent/rcomponent_simple
Already unlinked: {}
Unlinking: /home/bryan/dissertation/summit_sim_git/devel/lib/python3/dist-packages/rcomponent/__init__.py
Already unlinked: {}
Unlinking: /home/bryan/dissertation/summit_sim_git/devel/lib/pkgconfig/rcomponent.pc
Already unlinked: {}
Unlinking: /home/bryan/dissertation/summit_sim_git/devel/share/rcomponent/cmake/rcomponentConfig-version.cmake
Already unlinked: {}
Unlinking: /home/bryan/dissertation/summit_sim_git/devel/share/rcomponent/cmake/rcomponentConfig.cmake
Already unlinked: {}
