Symlinking /home/bryan/dissertation/Dissertation-/summit_sim_git/devel/lib/libxarm_ros_client.so
Symlinking /home/bryan/dissertation/Dissertation-/summit_sim_git/devel/lib/libxarm_api.so
Symlinking /home/bryan/dissertation/Dissertation-/summit_sim_git/devel/lib/xarm_api/servo_cart_test
Symlinking /home/bryan/dissertation/Dissertation-/summit_sim_git/devel/lib/xarm_api/test_tool_modbus
Symlinking /home/bryan/dissertation/Dissertation-/summit_sim_git/devel/lib/xarm_api/servo_cartesian_test.py
Symlinking /home/bryan/dissertation/Dissertation-/summit_sim_git/devel/lib/xarm_api/example1_report_norm_node
Symlinking /home/bryan/dissertation/Dissertation-/summit_sim_git/devel/lib/xarm_api/xarm_driver_node
Symlinking /home/bryan/dissertation/Dissertation-/summit_sim_git/devel/lib/xarm_api/cmake.lock
Symlinking /home/bryan/dissertation/Dissertation-/summit_sim_git/devel/lib/xarm_api/move_test
Symlinking /home/bryan/dissertation/Dissertation-/summit_sim_git/devel/lib/pkgconfig/xarm_api.pc
Symlinking /home/bryan/dissertation/Dissertation-/summit_sim_git/devel/share/xarm_api/cmake/xarm_apiConfig.cmake
Symlinking /home/bryan/dissertation/Dissertation-/summit_sim_git/devel/share/xarm_api/cmake/xarm_apiConfig-version.cmake
Cleaning: (/home/bryan/dissertation/summit_sim_git/devel/.private/xarm_api/cmake.lock, /home/bryan/dissertation/summit_sim_git/devel/./cmake.lock)
Cleaning: (/home/bryan/dissertation/summit_sim_git/devel/.private/xarm_api/lib/libxarm_ros_client.so, /home/bryan/dissertation/summit_sim_git/devel/lib/libxarm_ros_client.so)
Cleaning: (/home/bryan/dissertation/summit_sim_git/devel/.private/xarm_api/lib/libxarm_api.so, /home/bryan/dissertation/summit_sim_git/devel/lib/libxarm_api.so)
Cleaning: (/home/bryan/dissertation/summit_sim_git/devel/.private/xarm_api/lib/xarm_api/servo_cart_test, /home/bryan/dissertation/summit_sim_git/devel/lib/xarm_api/servo_cart_test)
Cleaning: (/home/bryan/dissertation/summit_sim_git/devel/.private/xarm_api/lib/xarm_api/test_tool_modbus, /home/bryan/dissertation/summit_sim_git/devel/lib/xarm_api/test_tool_modbus)
Cleaning: (/home/bryan/dissertation/summit_sim_git/devel/.private/xarm_api/lib/xarm_api/servo_cartesian_test.py, /home/bryan/dissertation/summit_sim_git/devel/lib/xarm_api/servo_cartesian_test.py)
Cleaning: (/home/bryan/dissertation/summit_sim_git/devel/.private/xarm_api/lib/xarm_api/example1_report_norm_node, /home/bryan/dissertation/summit_sim_git/devel/lib/xarm_api/example1_report_norm_node)
Cleaning: (/home/bryan/dissertation/summit_sim_git/devel/.private/xarm_api/lib/xarm_api/xarm_driver_node, /home/bryan/dissertation/summit_sim_git/devel/lib/xarm_api/xarm_driver_node)
Cleaning: (/home/bryan/dissertation/summit_sim_git/devel/.private/xarm_api/lib/xarm_api/cmake.lock, /home/bryan/dissertation/summit_sim_git/devel/lib/xarm_api/cmake.lock)
Cleaning: (/home/bryan/dissertation/summit_sim_git/devel/.private/xarm_api/lib/xarm_api/move_test, /home/bryan/dissertation/summit_sim_git/devel/lib/xarm_api/move_test)
Cleaning: (/home/bryan/dissertation/summit_sim_git/devel/.private/xarm_api/lib/pkgconfig/xarm_api.pc, /home/bryan/dissertation/summit_sim_git/devel/lib/pkgconfig/xarm_api.pc)
Cleaning: (/home/bryan/dissertation/summit_sim_git/devel/.private/xarm_api/share/xarm_api/cmake/xarm_apiConfig.cmake, /home/bryan/dissertation/summit_sim_git/devel/share/xarm_api/cmake/xarm_apiConfig.cmake)
Cleaning: (/home/bryan/dissertation/summit_sim_git/devel/.private/xarm_api/share/xarm_api/cmake/xarm_apiConfig-version.cmake, /home/bryan/dissertation/summit_sim_git/devel/share/xarm_api/cmake/xarm_apiConfig-version.cmake)
Unlinking: /home/bryan/dissertation/summit_sim_git/devel/lib/libxarm_ros_client.so
Already unlinked: {}
Unlinking: /home/bryan/dissertation/summit_sim_git/devel/lib/libxarm_api.so
Already unlinked: {}
Unlinking: /home/bryan/dissertation/summit_sim_git/devel/lib/xarm_api/servo_cart_test
Already unlinked: {}
Unlinking: /home/bryan/dissertation/summit_sim_git/devel/lib/xarm_api/test_tool_modbus
Already unlinked: {}
Unlinking: /home/bryan/dissertation/summit_sim_git/devel/lib/xarm_api/servo_cartesian_test.py
Already unlinked: {}
Unlinking: /home/bryan/dissertation/summit_sim_git/devel/lib/xarm_api/example1_report_norm_node
Already unlinked: {}
Unlinking: /home/bryan/dissertation/summit_sim_git/devel/lib/xarm_api/xarm_driver_node
Already unlinked: {}
Unlinking: /home/bryan/dissertation/summit_sim_git/devel/lib/xarm_api/cmake.lock
Already unlinked: {}
Unlinking: /home/bryan/dissertation/summit_sim_git/devel/lib/xarm_api/move_test
Already unlinked: {}
Unlinking: /home/bryan/dissertation/summit_sim_git/devel/lib/pkgconfig/xarm_api.pc
Already unlinked: {}
Unlinking: /home/bryan/dissertation/summit_sim_git/devel/share/xarm_api/cmake/xarm_apiConfig.cmake
Already unlinked: {}
Unlinking: /home/bryan/dissertation/summit_sim_git/devel/share/xarm_api/cmake/xarm_apiConfig-version.cmake
Already unlinked: {}
