Symlinking /home/bryan/dissertation/Dissertation-/summit_sim_git/devel/lib/librobotnik_elevator_component.so
Symlinking /home/bryan/dissertation/Dissertation-/summit_sim_git/devel/lib/robotnik_elevator_component/robotnik_fake_elevator_node
Symlinking /home/bryan/dissertation/Dissertation-/summit_sim_git/devel/lib/pkgconfig/robotnik_elevator_component.pc
Symlinking /home/bryan/dissertation/Dissertation-/summit_sim_git/devel/share/robotnik_elevator_component/cmake/robotnik_elevator_componentConfig-version.cmake
Symlinking /home/bryan/dissertation/Dissertation-/summit_sim_git/devel/share/robotnik_elevator_component/cmake/robotnik_elevator_componentConfig.cmake
Cleaning: (/home/bryan/dissertation/summit_sim_git/devel/.private/robotnik_elevator_component/cmake.lock, /home/bryan/dissertation/summit_sim_git/devel/./cmake.lock)
Cleaning: (/home/bryan/dissertation/summit_sim_git/devel/.private/robotnik_elevator_component/lib/librobotnik_elevator_component.so, /home/bryan/dissertation/summit_sim_git/devel/lib/librobotnik_elevator_component.so)
Cleaning: (/home/bryan/dissertation/summit_sim_git/devel/.private/robotnik_elevator_component/lib/robotnik_elevator_component/robotnik_fake_elevator_node, /home/bryan/dissertation/summit_sim_git/devel/lib/robotnik_elevator_component/robotnik_fake_elevator_node)
Cleaning: (/home/bryan/dissertation/summit_sim_git/devel/.private/robotnik_elevator_component/lib/pkgconfig/robotnik_elevator_component.pc, /home/bryan/dissertation/summit_sim_git/devel/lib/pkgconfig/robotnik_elevator_component.pc)
Cleaning: (/home/bryan/dissertation/summit_sim_git/devel/.private/robotnik_elevator_component/share/robotnik_elevator_component/cmake/robotnik_elevator_componentConfig-version.cmake, /home/bryan/dissertation/summit_sim_git/devel/share/robotnik_elevator_component/cmake/robotnik_elevator_componentConfig-version.cmake)
Cleaning: (/home/bryan/dissertation/summit_sim_git/devel/.private/robotnik_elevator_component/share/robotnik_elevator_component/cmake/robotnik_elevator_componentConfig.cmake, /home/bryan/dissertation/summit_sim_git/devel/share/robotnik_elevator_component/cmake/robotnik_elevator_componentConfig.cmake)
Unlinking: /home/bryan/dissertation/summit_sim_git/devel/lib/librobotnik_elevator_component.so
Already unlinked: {}
Unlinking: /home/bryan/dissertation/summit_sim_git/devel/lib/robotnik_elevator_component/robotnik_fake_elevator_node
Already unlinked: {}
Unlinking: /home/bryan/dissertation/summit_sim_git/devel/lib/pkgconfig/robotnik_elevator_component.pc
Already unlinked: {}
Unlinking: /home/bryan/dissertation/summit_sim_git/devel/share/robotnik_elevator_component/cmake/robotnik_elevator_componentConfig-version.cmake
Already unlinked: {}
Unlinking: /home/bryan/dissertation/summit_sim_git/devel/share/robotnik_elevator_component/cmake/robotnik_elevator_componentConfig.cmake
Already unlinked: {}
