Symlinking /home/bryan/dissertation/Dissertation-/summit_sim_git/devel/lib/elevator_controller_modbus/elevator_controller_interface_node
Symlinking /home/bryan/dissertation/Dissertation-/summit_sim_git/devel/lib/elevator_controller_modbus/robotnik_elevator_component_modbus_node
Symlinking /home/bryan/dissertation/Dissertation-/summit_sim_git/devel/lib/pkgconfig/elevator_controller_modbus.pc
Symlinking /home/bryan/dissertation/Dissertation-/summit_sim_git/devel/share/elevator_controller_modbus/cmake/elevator_controller_modbusConfig.cmake
Symlinking /home/bryan/dissertation/Dissertation-/summit_sim_git/devel/share/elevator_controller_modbus/cmake/elevator_controller_modbusConfig-version.cmake
Cleaning: (/home/bryan/dissertation/summit_sim_git/devel/.private/elevator_controller_modbus/cmake.lock, /home/bryan/dissertation/summit_sim_git/devel/./cmake.lock)
Cleaning: (/home/bryan/dissertation/summit_sim_git/devel/.private/elevator_controller_modbus/lib/elevator_controller_modbus/elevator_controller_interface_node, /home/bryan/dissertation/summit_sim_git/devel/lib/elevator_controller_modbus/elevator_controller_interface_node)
Cleaning: (/home/bryan/dissertation/summit_sim_git/devel/.private/elevator_controller_modbus/lib/elevator_controller_modbus/robotnik_elevator_component_modbus_node, /home/bryan/dissertation/summit_sim_git/devel/lib/elevator_controller_modbus/robotnik_elevator_component_modbus_node)
Cleaning: (/home/bryan/dissertation/summit_sim_git/devel/.private/elevator_controller_modbus/lib/pkgconfig/elevator_controller_modbus.pc, /home/bryan/dissertation/summit_sim_git/devel/lib/pkgconfig/elevator_controller_modbus.pc)
Cleaning: (/home/bryan/dissertation/summit_sim_git/devel/.private/elevator_controller_modbus/share/elevator_controller_modbus/cmake/elevator_controller_modbusConfig.cmake, /home/bryan/dissertation/summit_sim_git/devel/share/elevator_controller_modbus/cmake/elevator_controller_modbusConfig.cmake)
Cleaning: (/home/bryan/dissertation/summit_sim_git/devel/.private/elevator_controller_modbus/share/elevator_controller_modbus/cmake/elevator_controller_modbusConfig-version.cmake, /home/bryan/dissertation/summit_sim_git/devel/share/elevator_controller_modbus/cmake/elevator_controller_modbusConfig-version.cmake)
Unlinking: /home/bryan/dissertation/summit_sim_git/devel/lib/elevator_controller_modbus/elevator_controller_interface_node
Already unlinked: {}
Unlinking: /home/bryan/dissertation/summit_sim_git/devel/lib/elevator_controller_modbus/robotnik_elevator_component_modbus_node
Already unlinked: {}
Unlinking: /home/bryan/dissertation/summit_sim_git/devel/lib/pkgconfig/elevator_controller_modbus.pc
Already unlinked: {}
Unlinking: /home/bryan/dissertation/summit_sim_git/devel/share/elevator_controller_modbus/cmake/elevator_controller_modbusConfig.cmake
Already unlinked: {}
Unlinking: /home/bryan/dissertation/summit_sim_git/devel/share/elevator_controller_modbus/cmake/elevator_controller_modbusConfig-version.cmake
Already unlinked: {}
