Symlinking /home/bryan/dissertation/Dissertation-/summit_sim_git/devel/lib/interbotix_xsarm_puppet/xsarm_puppet
Symlinking /home/bryan/dissertation/Dissertation-/summit_sim_git/devel/lib/interbotix_xsarm_puppet/xsarm_puppet_single
Symlinking /home/bryan/dissertation/Dissertation-/summit_sim_git/devel/lib/pkgconfig/interbotix_xsarm_puppet.pc
Symlinking /home/bryan/dissertation/Dissertation-/summit_sim_git/devel/share/interbotix_xsarm_puppet/cmake/interbotix_xsarm_puppetConfig-version.cmake
Symlinking /home/bryan/dissertation/Dissertation-/summit_sim_git/devel/share/interbotix_xsarm_puppet/cmake/interbotix_xsarm_puppetConfig.cmake
Cleaning: (/home/bryan/dissertation/summit_sim_git/devel/.private/interbotix_xsarm_puppet/cmake.lock, /home/bryan/dissertation/summit_sim_git/devel/./cmake.lock)
Cleaning: (/home/bryan/dissertation/summit_sim_git/devel/.private/interbotix_xsarm_puppet/lib/interbotix_xsarm_puppet/xsarm_puppet, /home/bryan/dissertation/summit_sim_git/devel/lib/interbotix_xsarm_puppet/xsarm_puppet)
Cleaning: (/home/bryan/dissertation/summit_sim_git/devel/.private/interbotix_xsarm_puppet/lib/interbotix_xsarm_puppet/xsarm_puppet_single, /home/bryan/dissertation/summit_sim_git/devel/lib/interbotix_xsarm_puppet/xsarm_puppet_single)
Cleaning: (/home/bryan/dissertation/summit_sim_git/devel/.private/interbotix_xsarm_puppet/lib/pkgconfig/interbotix_xsarm_puppet.pc, /home/bryan/dissertation/summit_sim_git/devel/lib/pkgconfig/interbotix_xsarm_puppet.pc)
Cleaning: (/home/bryan/dissertation/summit_sim_git/devel/.private/interbotix_xsarm_puppet/share/interbotix_xsarm_puppet/cmake/interbotix_xsarm_puppetConfig-version.cmake, /home/bryan/dissertation/summit_sim_git/devel/share/interbotix_xsarm_puppet/cmake/interbotix_xsarm_puppetConfig-version.cmake)
Cleaning: (/home/bryan/dissertation/summit_sim_git/devel/.private/interbotix_xsarm_puppet/share/interbotix_xsarm_puppet/cmake/interbotix_xsarm_puppetConfig.cmake, /home/bryan/dissertation/summit_sim_git/devel/share/interbotix_xsarm_puppet/cmake/interbotix_xsarm_puppetConfig.cmake)
Unlinking: /home/bryan/dissertation/summit_sim_git/devel/lib/interbotix_xsarm_puppet/xsarm_puppet
Already unlinked: {}
Unlinking: /home/bryan/dissertation/summit_sim_git/devel/lib/interbotix_xsarm_puppet/xsarm_puppet_single
Already unlinked: {}
Unlinking: /home/bryan/dissertation/summit_sim_git/devel/lib/pkgconfig/interbotix_xsarm_puppet.pc
Already unlinked: {}
Unlinking: /home/bryan/dissertation/summit_sim_git/devel/share/interbotix_xsarm_puppet/cmake/interbotix_xsarm_puppetConfig-version.cmake
Already unlinked: {}
Unlinking: /home/bryan/dissertation/summit_sim_git/devel/share/interbotix_xsarm_puppet/cmake/interbotix_xsarm_puppetConfig.cmake
Already unlinked: {}
