Symlinking /home/bryan/dissertation/Dissertation-/summit_sim_git/devel/lib/librobotnik_pad.so
Symlinking /home/bryan/dissertation/Dissertation-/summit_sim_git/devel/lib/robotnik_pad/robotnik_pad_node
Symlinking /home/bryan/dissertation/Dissertation-/summit_sim_git/devel/lib/pkgconfig/robotnik_pad.pc
Symlinking /home/bryan/dissertation/Dissertation-/summit_sim_git/devel/share/robotnik_pad/cmake/robotnik_padConfig-version.cmake
Symlinking /home/bryan/dissertation/Dissertation-/summit_sim_git/devel/share/robotnik_pad/cmake/robotnik_padConfig.cmake
Cleaning: (/home/bryan/dissertation/summit_sim_git/devel/.private/robotnik_pad/cmake.lock, /home/bryan/dissertation/summit_sim_git/devel/./cmake.lock)
Cleaning: (/home/bryan/dissertation/summit_sim_git/devel/.private/robotnik_pad/lib/librobotnik_pad.so, /home/bryan/dissertation/summit_sim_git/devel/lib/librobotnik_pad.so)
Cleaning: (/home/bryan/dissertation/summit_sim_git/devel/.private/robotnik_pad/lib/robotnik_pad/robotnik_pad_node, /home/bryan/dissertation/summit_sim_git/devel/lib/robotnik_pad/robotnik_pad_node)
Cleaning: (/home/bryan/dissertation/summit_sim_git/devel/.private/robotnik_pad/lib/pkgconfig/robotnik_pad.pc, /home/bryan/dissertation/summit_sim_git/devel/lib/pkgconfig/robotnik_pad.pc)
Cleaning: (/home/bryan/dissertation/summit_sim_git/devel/.private/robotnik_pad/share/robotnik_pad/cmake/robotnik_padConfig-version.cmake, /home/bryan/dissertation/summit_sim_git/devel/share/robotnik_pad/cmake/robotnik_padConfig-version.cmake)
Cleaning: (/home/bryan/dissertation/summit_sim_git/devel/.private/robotnik_pad/share/robotnik_pad/cmake/robotnik_padConfig.cmake, /home/bryan/dissertation/summit_sim_git/devel/share/robotnik_pad/cmake/robotnik_padConfig.cmake)
Unlinking: /home/bryan/dissertation/summit_sim_git/devel/lib/librobotnik_pad.so
Already unlinked: {}
Unlinking: /home/bryan/dissertation/summit_sim_git/devel/lib/robotnik_pad/robotnik_pad_node
Already unlinked: {}
Unlinking: /home/bryan/dissertation/summit_sim_git/devel/lib/pkgconfig/robotnik_pad.pc
Already unlinked: {}
Unlinking: /home/bryan/dissertation/summit_sim_git/devel/share/robotnik_pad/cmake/robotnik_padConfig-version.cmake
Already unlinked: {}
Unlinking: /home/bryan/dissertation/summit_sim_git/devel/share/robotnik_pad/cmake/robotnik_padConfig.cmake
Already unlinked: {}
