Symlinking /home/bryan/dissertation/Dissertation-/summit_sim_git/devel/lib/libkinova_driver.so
Symlinking /home/bryan/dissertation/Dissertation-/summit_sim_git/devel/lib/python3/dist-packages/kinova_driver/__init__.py
Symlinking /home/bryan/dissertation/Dissertation-/summit_sim_git/devel/lib/python3/dist-packages/kinova_driver/cfg/__init__.py
Symlinking /home/bryan/dissertation/Dissertation-/summit_sim_git/devel/lib/kinova_driver/kinova_interactive_control
Symlinking /home/bryan/dissertation/Dissertation-/summit_sim_git/devel/lib/kinova_driver/kinova_arm_driver
Symlinking /home/bryan/dissertation/Dissertation-/summit_sim_git/devel/lib/kinova_driver/joint_trajectory_action_server
Symlinking /home/bryan/dissertation/Dissertation-/summit_sim_git/devel/lib/kinova_driver/kinova_tf_updater
Symlinking /home/bryan/dissertation/Dissertation-/summit_sim_git/devel/lib/kinova_driver/gripper_command_action_server
Symlinking /home/bryan/dissertation/Dissertation-/summit_sim_git/devel/lib/pkgconfig/kinova_driver.pc
Symlinking /home/bryan/dissertation/Dissertation-/summit_sim_git/devel/share/kinova_driver/cmake/kinova_driverConfig-version.cmake
Symlinking /home/bryan/dissertation/Dissertation-/summit_sim_git/devel/share/kinova_driver/cmake/kinova_driverConfig.cmake
Cleaning: (/home/bryan/dissertation/summit_sim_git/devel/.private/kinova_driver/cmake.lock, /home/bryan/dissertation/summit_sim_git/devel/./cmake.lock)
Cleaning: (/home/bryan/dissertation/summit_sim_git/devel/.private/kinova_driver/lib/libkinova_driver.so, /home/bryan/dissertation/summit_sim_git/devel/lib/libkinova_driver.so)
Cleaning: (/home/bryan/dissertation/summit_sim_git/devel/.private/kinova_driver/lib/python3/dist-packages/kinova_driver/__init__.py, /home/bryan/dissertation/summit_sim_git/devel/lib/python3/dist-packages/kinova_driver/__init__.py)
Cleaning: (/home/bryan/dissertation/summit_sim_git/devel/.private/kinova_driver/lib/python3/dist-packages/kinova_driver/cfg/__init__.py, /home/bryan/dissertation/summit_sim_git/devel/lib/python3/dist-packages/kinova_driver/cfg/__init__.py)
Cleaning: (/home/bryan/dissertation/summit_sim_git/devel/.private/kinova_driver/lib/kinova_driver/kinova_interactive_control, /home/bryan/dissertation/summit_sim_git/devel/lib/kinova_driver/kinova_interactive_control)
Cleaning: (/home/bryan/dissertation/summit_sim_git/devel/.private/kinova_driver/lib/kinova_driver/kinova_arm_driver, /home/bryan/dissertation/summit_sim_git/devel/lib/kinova_driver/kinova_arm_driver)
Cleaning: (/home/bryan/dissertation/summit_sim_git/devel/.private/kinova_driver/lib/kinova_driver/joint_trajectory_action_server, /home/bryan/dissertation/summit_sim_git/devel/lib/kinova_driver/joint_trajectory_action_server)
Cleaning: (/home/bryan/dissertation/summit_sim_git/devel/.private/kinova_driver/lib/kinova_driver/kinova_tf_updater, /home/bryan/dissertation/summit_sim_git/devel/lib/kinova_driver/kinova_tf_updater)
Cleaning: (/home/bryan/dissertation/summit_sim_git/devel/.private/kinova_driver/lib/kinova_driver/gripper_command_action_server, /home/bryan/dissertation/summit_sim_git/devel/lib/kinova_driver/gripper_command_action_server)
Cleaning: (/home/bryan/dissertation/summit_sim_git/devel/.private/kinova_driver/lib/pkgconfig/kinova_driver.pc, /home/bryan/dissertation/summit_sim_git/devel/lib/pkgconfig/kinova_driver.pc)
Cleaning: (/home/bryan/dissertation/summit_sim_git/devel/.private/kinova_driver/share/kinova_driver/cmake/kinova_driverConfig-version.cmake, /home/bryan/dissertation/summit_sim_git/devel/share/kinova_driver/cmake/kinova_driverConfig-version.cmake)
Cleaning: (/home/bryan/dissertation/summit_sim_git/devel/.private/kinova_driver/share/kinova_driver/cmake/kinova_driverConfig.cmake, /home/bryan/dissertation/summit_sim_git/devel/share/kinova_driver/cmake/kinova_driverConfig.cmake)
Unlinking: /home/bryan/dissertation/summit_sim_git/devel/lib/libkinova_driver.so
Already unlinked: {}
Unlinking: /home/bryan/dissertation/summit_sim_git/devel/lib/python3/dist-packages/kinova_driver/__init__.py
Already unlinked: {}
Unlinking: /home/bryan/dissertation/summit_sim_git/devel/lib/python3/dist-packages/kinova_driver/cfg/__init__.py
Already unlinked: {}
Unlinking: /home/bryan/dissertation/summit_sim_git/devel/lib/kinova_driver/kinova_interactive_control
Already unlinked: {}
Unlinking: /home/bryan/dissertation/summit_sim_git/devel/lib/kinova_driver/kinova_arm_driver
Already unlinked: {}
Unlinking: /home/bryan/dissertation/summit_sim_git/devel/lib/kinova_driver/joint_trajectory_action_server
Already unlinked: {}
Unlinking: /home/bryan/dissertation/summit_sim_git/devel/lib/kinova_driver/kinova_tf_updater
Already unlinked: {}
Unlinking: /home/bryan/dissertation/summit_sim_git/devel/lib/kinova_driver/gripper_command_action_server
Already unlinked: {}
Unlinking: /home/bryan/dissertation/summit_sim_git/devel/lib/pkgconfig/kinova_driver.pc
Already unlinked: {}
Unlinking: /home/bryan/dissertation/summit_sim_git/devel/share/kinova_driver/cmake/kinova_driverConfig-version.cmake
Already unlinked: {}
Unlinking: /home/bryan/dissertation/summit_sim_git/devel/share/kinova_driver/cmake/kinova_driverConfig.cmake
Already unlinked: {}
