Symlinking /home/bryan/dissertation/Dissertation-/summit_sim_git/devel/lib/kinova_arm_moveit_demo/work_scene
Symlinking /home/bryan/dissertation/Dissertation-/summit_sim_git/devel/lib/kinova_arm_moveit_demo/pick_place
Symlinking /home/bryan/dissertation/Dissertation-/summit_sim_git/devel/lib/kinova_arm_moveit_demo/motion_plan
Symlinking /home/bryan/dissertation/Dissertation-/summit_sim_git/devel/lib/kinova_arm_moveit_demo/test_accuracy
Symlinking /home/bryan/dissertation/Dissertation-/summit_sim_git/devel/lib/pkgconfig/kinova_arm_moveit_demo.pc
Symlinking /home/bryan/dissertation/Dissertation-/summit_sim_git/devel/share/kinova_arm_moveit_demo/cmake/kinova_arm_moveit_demoConfig-version.cmake
Symlinking /home/bryan/dissertation/Dissertation-/summit_sim_git/devel/share/kinova_arm_moveit_demo/cmake/kinova_arm_moveit_demoConfig.cmake
Cleaning: (/home/bryan/dissertation/summit_sim_git/devel/.private/kinova_arm_moveit_demo/cmake.lock, /home/bryan/dissertation/summit_sim_git/devel/./cmake.lock)
Cleaning: (/home/bryan/dissertation/summit_sim_git/devel/.private/kinova_arm_moveit_demo/lib/kinova_arm_moveit_demo/work_scene, /home/bryan/dissertation/summit_sim_git/devel/lib/kinova_arm_moveit_demo/work_scene)
Cleaning: (/home/bryan/dissertation/summit_sim_git/devel/.private/kinova_arm_moveit_demo/lib/kinova_arm_moveit_demo/pick_place, /home/bryan/dissertation/summit_sim_git/devel/lib/kinova_arm_moveit_demo/pick_place)
Cleaning: (/home/bryan/dissertation/summit_sim_git/devel/.private/kinova_arm_moveit_demo/lib/kinova_arm_moveit_demo/motion_plan, /home/bryan/dissertation/summit_sim_git/devel/lib/kinova_arm_moveit_demo/motion_plan)
Cleaning: (/home/bryan/dissertation/summit_sim_git/devel/.private/kinova_arm_moveit_demo/lib/kinova_arm_moveit_demo/test_accuracy, /home/bryan/dissertation/summit_sim_git/devel/lib/kinova_arm_moveit_demo/test_accuracy)
Cleaning: (/home/bryan/dissertation/summit_sim_git/devel/.private/kinova_arm_moveit_demo/lib/pkgconfig/kinova_arm_moveit_demo.pc, /home/bryan/dissertation/summit_sim_git/devel/lib/pkgconfig/kinova_arm_moveit_demo.pc)
Cleaning: (/home/bryan/dissertation/summit_sim_git/devel/.private/kinova_arm_moveit_demo/share/kinova_arm_moveit_demo/cmake/kinova_arm_moveit_demoConfig-version.cmake, /home/bryan/dissertation/summit_sim_git/devel/share/kinova_arm_moveit_demo/cmake/kinova_arm_moveit_demoConfig-version.cmake)
Cleaning: (/home/bryan/dissertation/summit_sim_git/devel/.private/kinova_arm_moveit_demo/share/kinova_arm_moveit_demo/cmake/kinova_arm_moveit_demoConfig.cmake, /home/bryan/dissertation/summit_sim_git/devel/share/kinova_arm_moveit_demo/cmake/kinova_arm_moveit_demoConfig.cmake)
Unlinking: /home/bryan/dissertation/summit_sim_git/devel/lib/kinova_arm_moveit_demo/work_scene
Already unlinked: {}
Unlinking: /home/bryan/dissertation/summit_sim_git/devel/lib/kinova_arm_moveit_demo/pick_place
Already unlinked: {}
Unlinking: /home/bryan/dissertation/summit_sim_git/devel/lib/kinova_arm_moveit_demo/motion_plan
Already unlinked: {}
Unlinking: /home/bryan/dissertation/summit_sim_git/devel/lib/kinova_arm_moveit_demo/test_accuracy
Already unlinked: {}
Unlinking: /home/bryan/dissertation/summit_sim_git/devel/lib/pkgconfig/kinova_arm_moveit_demo.pc
Already unlinked: {}
Unlinking: /home/bryan/dissertation/summit_sim_git/devel/share/kinova_arm_moveit_demo/cmake/kinova_arm_moveit_demoConfig-version.cmake
Already unlinked: {}
Unlinking: /home/bryan/dissertation/summit_sim_git/devel/share/kinova_arm_moveit_demo/cmake/kinova_arm_moveit_demoConfig.cmake
Already unlinked: {}
