Symlinking /home/bryan/dissertation/Dissertation-/summit_sim_git/devel/include/summit_xl_pad/enable_disable_pad.h
Symlinking /home/bryan/dissertation/Dissertation-/summit_sim_git/devel/include/summit_xl_pad/enable_disable_padResponse.h
Symlinking /home/bryan/dissertation/Dissertation-/summit_sim_git/devel/include/summit_xl_pad/enable_disable_padRequest.h
Symlinking /home/bryan/dissertation/Dissertation-/summit_sim_git/devel/lib/python3/dist-packages/summit_xl_pad/__init__.py
Symlinking /home/bryan/dissertation/Dissertation-/summit_sim_git/devel/lib/python3/dist-packages/summit_xl_pad/srv/_enable_disable_pad.py
Symlinking /home/bryan/dissertation/Dissertation-/summit_sim_git/devel/lib/python3/dist-packages/summit_xl_pad/srv/__init__.py
Symlinking /home/bryan/dissertation/Dissertation-/summit_sim_git/devel/lib/summit_xl_pad/summit_xl_pad
Symlinking /home/bryan/dissertation/Dissertation-/summit_sim_git/devel/lib/pkgconfig/summit_xl_pad.pc
Symlinking /home/bryan/dissertation/Dissertation-/summit_sim_git/devel/share/roseus/ros/summit_xl_pad/manifest.l
Symlinking /home/bryan/dissertation/Dissertation-/summit_sim_git/devel/share/roseus/ros/summit_xl_pad/srv/enable_disable_pad.l
Symlinking /home/bryan/dissertation/Dissertation-/summit_sim_git/devel/share/gennodejs/ros/summit_xl_pad/_index.js
Symlinking /home/bryan/dissertation/Dissertation-/summit_sim_git/devel/share/gennodejs/ros/summit_xl_pad/srv/enable_disable_pad.js
Symlinking /home/bryan/dissertation/Dissertation-/summit_sim_git/devel/share/gennodejs/ros/summit_xl_pad/srv/_index.js
Symlinking /home/bryan/dissertation/Dissertation-/summit_sim_git/devel/share/common-lisp/ros/summit_xl_pad/srv/_package.lisp
Symlinking /home/bryan/dissertation/Dissertation-/summit_sim_git/devel/share/common-lisp/ros/summit_xl_pad/srv/enable_disable_pad.lisp
Symlinking /home/bryan/dissertation/Dissertation-/summit_sim_git/devel/share/common-lisp/ros/summit_xl_pad/srv/_package_enable_disable_pad.lisp
Symlinking /home/bryan/dissertation/Dissertation-/summit_sim_git/devel/share/common-lisp/ros/summit_xl_pad/srv/summit_xl_pad-srv.asd
Symlinking /home/bryan/dissertation/Dissertation-/summit_sim_git/devel/share/summit_xl_pad/cmake/summit_xl_pad-msg-paths.cmake
Symlinking /home/bryan/dissertation/Dissertation-/summit_sim_git/devel/share/summit_xl_pad/cmake/summit_xl_padConfig-version.cmake
Symlinking /home/bryan/dissertation/Dissertation-/summit_sim_git/devel/share/summit_xl_pad/cmake/summit_xl_pad-msg-extras.cmake
Symlinking /home/bryan/dissertation/Dissertation-/summit_sim_git/devel/share/summit_xl_pad/cmake/summit_xl_padConfig.cmake
Cleaning: (/home/bryan/dissertation/summit_sim_git/devel/.private/summit_xl_pad/cmake.lock, /home/bryan/dissertation/summit_sim_git/devel/./cmake.lock)
Cleaning: (/home/bryan/dissertation/summit_sim_git/devel/.private/summit_xl_pad/include/summit_xl_pad/enable_disable_pad.h, /home/bryan/dissertation/summit_sim_git/devel/include/summit_xl_pad/enable_disable_pad.h)
Cleaning: (/home/bryan/dissertation/summit_sim_git/devel/.private/summit_xl_pad/include/summit_xl_pad/enable_disable_padResponse.h, /home/bryan/dissertation/summit_sim_git/devel/include/summit_xl_pad/enable_disable_padResponse.h)
Cleaning: (/home/bryan/dissertation/summit_sim_git/devel/.private/summit_xl_pad/include/summit_xl_pad/enable_disable_padRequest.h, /home/bryan/dissertation/summit_sim_git/devel/include/summit_xl_pad/enable_disable_padRequest.h)
Cleaning: (/home/bryan/dissertation/summit_sim_git/devel/.private/summit_xl_pad/lib/python3/dist-packages/summit_xl_pad/__init__.py, /home/bryan/dissertation/summit_sim_git/devel/lib/python3/dist-packages/summit_xl_pad/__init__.py)
Cleaning: (/home/bryan/dissertation/summit_sim_git/devel/.private/summit_xl_pad/lib/python3/dist-packages/summit_xl_pad/srv/_enable_disable_pad.py, /home/bryan/dissertation/summit_sim_git/devel/lib/python3/dist-packages/summit_xl_pad/srv/_enable_disable_pad.py)
Cleaning: (/home/bryan/dissertation/summit_sim_git/devel/.private/summit_xl_pad/lib/python3/dist-packages/summit_xl_pad/srv/__init__.py, /home/bryan/dissertation/summit_sim_git/devel/lib/python3/dist-packages/summit_xl_pad/srv/__init__.py)
Cleaning: (/home/bryan/dissertation/summit_sim_git/devel/.private/summit_xl_pad/lib/summit_xl_pad/summit_xl_pad, /home/bryan/dissertation/summit_sim_git/devel/lib/summit_xl_pad/summit_xl_pad)
Cleaning: (/home/bryan/dissertation/summit_sim_git/devel/.private/summit_xl_pad/lib/pkgconfig/summit_xl_pad.pc, /home/bryan/dissertation/summit_sim_git/devel/lib/pkgconfig/summit_xl_pad.pc)
Cleaning: (/home/bryan/dissertation/summit_sim_git/devel/.private/summit_xl_pad/share/roseus/ros/summit_xl_pad/manifest.l, /home/bryan/dissertation/summit_sim_git/devel/share/roseus/ros/summit_xl_pad/manifest.l)
Cleaning: (/home/bryan/dissertation/summit_sim_git/devel/.private/summit_xl_pad/share/roseus/ros/summit_xl_pad/srv/enable_disable_pad.l, /home/bryan/dissertation/summit_sim_git/devel/share/roseus/ros/summit_xl_pad/srv/enable_disable_pad.l)
Cleaning: (/home/bryan/dissertation/summit_sim_git/devel/.private/summit_xl_pad/share/gennodejs/ros/summit_xl_pad/_index.js, /home/bryan/dissertation/summit_sim_git/devel/share/gennodejs/ros/summit_xl_pad/_index.js)
Cleaning: (/home/bryan/dissertation/summit_sim_git/devel/.private/summit_xl_pad/share/gennodejs/ros/summit_xl_pad/srv/enable_disable_pad.js, /home/bryan/dissertation/summit_sim_git/devel/share/gennodejs/ros/summit_xl_pad/srv/enable_disable_pad.js)
Cleaning: (/home/bryan/dissertation/summit_sim_git/devel/.private/summit_xl_pad/share/gennodejs/ros/summit_xl_pad/srv/_index.js, /home/bryan/dissertation/summit_sim_git/devel/share/gennodejs/ros/summit_xl_pad/srv/_index.js)
Cleaning: (/home/bryan/dissertation/summit_sim_git/devel/.private/summit_xl_pad/share/common-lisp/ros/summit_xl_pad/srv/_package.lisp, /home/bryan/dissertation/summit_sim_git/devel/share/common-lisp/ros/summit_xl_pad/srv/_package.lisp)
Cleaning: (/home/bryan/dissertation/summit_sim_git/devel/.private/summit_xl_pad/share/common-lisp/ros/summit_xl_pad/srv/enable_disable_pad.lisp, /home/bryan/dissertation/summit_sim_git/devel/share/common-lisp/ros/summit_xl_pad/srv/enable_disable_pad.lisp)
Cleaning: (/home/bryan/dissertation/summit_sim_git/devel/.private/summit_xl_pad/share/common-lisp/ros/summit_xl_pad/srv/_package_enable_disable_pad.lisp, /home/bryan/dissertation/summit_sim_git/devel/share/common-lisp/ros/summit_xl_pad/srv/_package_enable_disable_pad.lisp)
Cleaning: (/home/bryan/dissertation/summit_sim_git/devel/.private/summit_xl_pad/share/common-lisp/ros/summit_xl_pad/srv/summit_xl_pad-srv.asd, /home/bryan/dissertation/summit_sim_git/devel/share/common-lisp/ros/summit_xl_pad/srv/summit_xl_pad-srv.asd)
Cleaning: (/home/bryan/dissertation/summit_sim_git/devel/.private/summit_xl_pad/share/summit_xl_pad/cmake/summit_xl_pad-msg-paths.cmake, /home/bryan/dissertation/summit_sim_git/devel/share/summit_xl_pad/cmake/summit_xl_pad-msg-paths.cmake)
Cleaning: (/home/bryan/dissertation/summit_sim_git/devel/.private/summit_xl_pad/share/summit_xl_pad/cmake/summit_xl_padConfig-version.cmake, /home/bryan/dissertation/summit_sim_git/devel/share/summit_xl_pad/cmake/summit_xl_padConfig-version.cmake)
Cleaning: (/home/bryan/dissertation/summit_sim_git/devel/.private/summit_xl_pad/share/summit_xl_pad/cmake/summit_xl_pad-msg-extras.cmake, /home/bryan/dissertation/summit_sim_git/devel/share/summit_xl_pad/cmake/summit_xl_pad-msg-extras.cmake)
Cleaning: (/home/bryan/dissertation/summit_sim_git/devel/.private/summit_xl_pad/share/summit_xl_pad/cmake/summit_xl_padConfig.cmake, /home/bryan/dissertation/summit_sim_git/devel/share/summit_xl_pad/cmake/summit_xl_padConfig.cmake)
Unlinking: /home/bryan/dissertation/summit_sim_git/devel/include/summit_xl_pad/enable_disable_pad.h
Already unlinked: {}
Unlinking: /home/bryan/dissertation/summit_sim_git/devel/include/summit_xl_pad/enable_disable_padResponse.h
Already unlinked: {}
Unlinking: /home/bryan/dissertation/summit_sim_git/devel/include/summit_xl_pad/enable_disable_padRequest.h
Already unlinked: {}
Unlinking: /home/bryan/dissertation/summit_sim_git/devel/lib/python3/dist-packages/summit_xl_pad/__init__.py
Already unlinked: {}
Unlinking: /home/bryan/dissertation/summit_sim_git/devel/lib/python3/dist-packages/summit_xl_pad/srv/_enable_disable_pad.py
Already unlinked: {}
Unlinking: /home/bryan/dissertation/summit_sim_git/devel/lib/python3/dist-packages/summit_xl_pad/srv/__init__.py
Already unlinked: {}
Unlinking: /home/bryan/dissertation/summit_sim_git/devel/lib/summit_xl_pad/summit_xl_pad
Already unlinked: {}
Unlinking: /home/bryan/dissertation/summit_sim_git/devel/lib/pkgconfig/summit_xl_pad.pc
Already unlinked: {}
Unlinking: /home/bryan/dissertation/summit_sim_git/devel/share/roseus/ros/summit_xl_pad/manifest.l
Already unlinked: {}
Unlinking: /home/bryan/dissertation/summit_sim_git/devel/share/roseus/ros/summit_xl_pad/srv/enable_disable_pad.l
Already unlinked: {}
Unlinking: /home/bryan/dissertation/summit_sim_git/devel/share/gennodejs/ros/summit_xl_pad/_index.js
Already unlinked: {}
Unlinking: /home/bryan/dissertation/summit_sim_git/devel/share/gennodejs/ros/summit_xl_pad/srv/enable_disable_pad.js
Already unlinked: {}
Unlinking: /home/bryan/dissertation/summit_sim_git/devel/share/gennodejs/ros/summit_xl_pad/srv/_index.js
Already unlinked: {}
Unlinking: /home/bryan/dissertation/summit_sim_git/devel/share/common-lisp/ros/summit_xl_pad/srv/_package.lisp
Already unlinked: {}
Unlinking: /home/bryan/dissertation/summit_sim_git/devel/share/common-lisp/ros/summit_xl_pad/srv/enable_disable_pad.lisp
Already unlinked: {}
Unlinking: /home/bryan/dissertation/summit_sim_git/devel/share/common-lisp/ros/summit_xl_pad/srv/_package_enable_disable_pad.lisp
Already unlinked: {}
Unlinking: /home/bryan/dissertation/summit_sim_git/devel/share/common-lisp/ros/summit_xl_pad/srv/summit_xl_pad-srv.asd
Already unlinked: {}
Unlinking: /home/bryan/dissertation/summit_sim_git/devel/share/summit_xl_pad/cmake/summit_xl_pad-msg-paths.cmake
Already unlinked: {}
Unlinking: /home/bryan/dissertation/summit_sim_git/devel/share/summit_xl_pad/cmake/summit_xl_padConfig-version.cmake
Already unlinked: {}
Unlinking: /home/bryan/dissertation/summit_sim_git/devel/share/summit_xl_pad/cmake/summit_xl_pad-msg-extras.cmake
Already unlinked: {}
Unlinking: /home/bryan/dissertation/summit_sim_git/devel/share/summit_xl_pad/cmake/summit_xl_padConfig.cmake
Already unlinked: {}
