Symlinking /home/bryan/dissertation/Dissertation-/summit_sim_git/devel/lib/librobotnik_pad_plugins.so
Symlinking /home/bryan/dissertation/Dissertation-/summit_sim_git/devel/lib/librobotnik_pad_pluginlib.so
Symlinking /home/bryan/dissertation/Dissertation-/summit_sim_git/devel/lib/pkgconfig/robotnik_pad_plugins.pc
Symlinking /home/bryan/dissertation/Dissertation-/summit_sim_git/devel/share/robotnik_pad_plugins/cmake/robotnik_pad_pluginsConfig-version.cmake
Symlinking /home/bryan/dissertation/Dissertation-/summit_sim_git/devel/share/robotnik_pad_plugins/cmake/robotnik_pad_pluginsConfig.cmake
Cleaning: (/home/bryan/dissertation/summit_sim_git/devel/.private/robotnik_pad_plugins/cmake.lock, /home/bryan/dissertation/summit_sim_git/devel/./cmake.lock)
Cleaning: (/home/bryan/dissertation/summit_sim_git/devel/.private/robotnik_pad_plugins/lib/librobotnik_pad_plugins.so, /home/bryan/dissertation/summit_sim_git/devel/lib/librobotnik_pad_plugins.so)
Cleaning: (/home/bryan/dissertation/summit_sim_git/devel/.private/robotnik_pad_plugins/lib/librobotnik_pad_pluginlib.so, /home/bryan/dissertation/summit_sim_git/devel/lib/librobotnik_pad_pluginlib.so)
Cleaning: (/home/bryan/dissertation/summit_sim_git/devel/.private/robotnik_pad_plugins/lib/pkgconfig/robotnik_pad_plugins.pc, /home/bryan/dissertation/summit_sim_git/devel/lib/pkgconfig/robotnik_pad_plugins.pc)
Cleaning: (/home/bryan/dissertation/summit_sim_git/devel/.private/robotnik_pad_plugins/share/robotnik_pad_plugins/cmake/robotnik_pad_pluginsConfig-version.cmake, /home/bryan/dissertation/summit_sim_git/devel/share/robotnik_pad_plugins/cmake/robotnik_pad_pluginsConfig-version.cmake)
Cleaning: (/home/bryan/dissertation/summit_sim_git/devel/.private/robotnik_pad_plugins/share/robotnik_pad_plugins/cmake/robotnik_pad_pluginsConfig.cmake, /home/bryan/dissertation/summit_sim_git/devel/share/robotnik_pad_plugins/cmake/robotnik_pad_pluginsConfig.cmake)
Unlinking: /home/bryan/dissertation/summit_sim_git/devel/lib/librobotnik_pad_plugins.so
Already unlinked: {}
Unlinking: /home/bryan/dissertation/summit_sim_git/devel/lib/librobotnik_pad_pluginlib.so
Already unlinked: {}
Unlinking: /home/bryan/dissertation/summit_sim_git/devel/lib/pkgconfig/robotnik_pad_plugins.pc
Already unlinked: {}
Unlinking: /home/bryan/dissertation/summit_sim_git/devel/share/robotnik_pad_plugins/cmake/robotnik_pad_pluginsConfig-version.cmake
Already unlinked: {}
Unlinking: /home/bryan/dissertation/summit_sim_git/devel/share/robotnik_pad_plugins/cmake/robotnik_pad_pluginsConfig.cmake
Already unlinked: {}
