[35m[1mScanning dependencies of target actionlib_msgs_generate_messages_lisp[0m
[35m[1mScanning dependencies of target sensor_msgs_generate_messages_nodejs[0m
[35m[1mScanning dependencies of target robotnik_pad_msgs_generate_messages_nodejs[0m
[35m[1mScanning dependencies of target robotnik_pad_msgs_generate_messages_lisp[0m
[35m[1mScanning dependencies of target ackermann_msgs_generate_messages_nodejs[0m
[35m[1mScanning dependencies of target ackermann_msgs_generate_messages_lisp[0m
[  0%] Built target robotnik_pad_msgs_generate_messages_nodejs
[  0%] Built target sensor_msgs_generate_messages_nodejs
[  0%] Built target actionlib_msgs_generate_messages_lisp
[  0%] Built target ackermann_msgs_generate_messages_nodejs
[  0%] Built target robotnik_pad_msgs_generate_messages_lisp
[  0%] Built target ackermann_msgs_generate_messages_lisp
[35m[1mScanning dependencies of target sensor_msgs_generate_messages_lisp[0m
[35m[1mScanning dependencies of target sensor_msgs_generate_messages_cpp[0m
[35m[1mScanning dependencies of target geometry_msgs_generate_messages_py[0m
[35m[1mScanning dependencies of target robotnik_pad_msgs_generate_messages_eus[0m
[35m[1mScanning dependencies of target sensor_msgs_generate_messages_py[0m
[  0%] Built target sensor_msgs_generate_messages_cpp
[  0%] Built target sensor_msgs_generate_messages_lisp
[  0%] Built target robotnik_pad_msgs_generate_messages_eus
[35m[1mScanning dependencies of target ackermann_msgs_generate_messages_py[0m
[  0%] Built target geometry_msgs_generate_messages_py
[  0%] Built target sensor_msgs_generate_messages_py
[35m[1mScanning dependencies of target robotnik_msgs_generate_messages_nodejs[0m
[35m[1mScanning dependencies of target geometry_msgs_generate_messages_nodejs[0m
[35m[1mScanning dependencies of target geometry_msgs_generate_messages_lisp[0m
[35m[1mScanning dependencies of target geometry_msgs_generate_messages_cpp[0m
[35m[1mScanning dependencies of target robotnik_pad_msgs_generate_messages_cpp[0m
[  0%] Built target robotnik_pad_msgs_generate_messages_cpp
[  0%] Built target geometry_msgs_generate_messages_lisp
[  0%] Built target ackermann_msgs_generate_messages_py
[  0%] Built target geometry_msgs_generate_messages_cpp
[  0%] Built target robotnik_msgs_generate_messages_nodejs
[  0%] Built target geometry_msgs_generate_messages_nodejs
[35m[1mScanning dependencies of target rosgraph_msgs_generate_messages_cpp[0m
[35m[1mScanning dependencies of target ackermann_msgs_generate_messages_eus[0m
[35m[1mScanning dependencies of target rosgraph_msgs_generate_messages_eus[0m
[35m[1mScanning dependencies of target robotnik_pad_msgs_generate_messages_py[0m
[35m[1mScanning dependencies of target actionlib_msgs_generate_messages_nodejs[0m
[35m[1mScanning dependencies of target roscpp_generate_messages_nodejs[0m
[  0%] Built target rosgraph_msgs_generate_messages_eus
[  0%] Built target rosgraph_msgs_generate_messages_cpp
[  0%] Built target robotnik_pad_msgs_generate_messages_py
[  0%] Built target ackermann_msgs_generate_messages_eus
[  0%] Built target actionlib_msgs_generate_messages_nodejs
[  0%] Built target roscpp_generate_messages_nodejs
[35m[1mScanning dependencies of target ackermann_msgs_generate_messages_cpp[0m
[35m[1mScanning dependencies of target std_msgs_generate_messages_eus[0m
[35m[1mScanning dependencies of target roscpp_generate_messages_eus[0m
[35m[1mScanning dependencies of target roscpp_generate_messages_cpp[0m
[35m[1mScanning dependencies of target sensor_msgs_generate_messages_eus[0m
[  0%] Built target ackermann_msgs_generate_messages_cpp
[35m[1mScanning dependencies of target roscpp_generate_messages_py[0m
[  0%] Built target std_msgs_generate_messages_eus
[  0%] Built target roscpp_generate_messages_eus
[  0%] Built target roscpp_generate_messages_cpp
[  0%] Built target sensor_msgs_generate_messages_eus
[35m[1mScanning dependencies of target rosgraph_msgs_generate_messages_lisp[0m
[35m[1mScanning dependencies of target std_msgs_generate_messages_lisp[0m
[35m[1mScanning dependencies of target rosgraph_msgs_generate_messages_py[0m
[35m[1mScanning dependencies of target actionlib_msgs_generate_messages_eus[0m
[  0%] Built target roscpp_generate_messages_py
[35m[1mScanning dependencies of target actionlib_msgs_generate_messages_cpp[0m
[  0%] Built target rosgraph_msgs_generate_messages_lisp
[  0%] Built target rosgraph_msgs_generate_messages_py
[  0%] Built target std_msgs_generate_messages_lisp
[  0%] Built target actionlib_msgs_generate_messages_eus
[35m[1mScanning dependencies of target roscpp_generate_messages_lisp[0m
[  0%] Built target actionlib_msgs_generate_messages_cpp
[35m[1mScanning dependencies of target std_msgs_generate_messages_cpp[0m
[35m[1mScanning dependencies of target rosgraph_msgs_generate_messages_nodejs[0m
[35m[1mScanning dependencies of target actionlib_msgs_generate_messages_py[0m
[  0%] Built target roscpp_generate_messages_lisp
[35m[1mScanning dependencies of target geometry_msgs_generate_messages_eus[0m
[  0%] Built target rosgraph_msgs_generate_messages_nodejs
[  0%] Built target std_msgs_generate_messages_cpp
[  0%] Built target geometry_msgs_generate_messages_eus
[35m[1mScanning dependencies of target std_msgs_generate_messages_nodejs[0m
[  0%] Built target actionlib_msgs_generate_messages_py
[35m[1mScanning dependencies of target std_msgs_generate_messages_py[0m
[35m[1mScanning dependencies of target robotnik_msgs_generate_messages_cpp[0m
[35m[1mScanning dependencies of target robotnik_msgs_generate_messages_eus[0m
[35m[1mScanning dependencies of target robotnik_msgs_generate_messages_lisp[0m
[  0%] Built target std_msgs_generate_messages_nodejs
[35m[1mScanning dependencies of target robotnik_msgs_generate_messages_py[0m
[  0%] Built target std_msgs_generate_messages_py
[  0%] Built target robotnik_msgs_generate_messages_eus
[  0%] Built target robotnik_msgs_generate_messages_lisp
[  0%] Built target robotnik_msgs_generate_messages_cpp
[  0%] Built target robotnik_msgs_generate_messages_py
[35m[1mScanning dependencies of target robotnik_pad_plugins[0m
[ 10%] [32mBuilding CXX object CMakeFiles/robotnik_pad_plugins.dir/src/safety_movement_plugin.cpp.o[0m
[ 20%] [32mBuilding CXX object CMakeFiles/robotnik_pad_plugins.dir/src/elevator_plugin.cpp.o[0m
[ 30%] [32mBuilding CXX object CMakeFiles/robotnik_pad_plugins.dir/src/ackermann_movement_plugin.cpp.o[0m
[ 40%] [32mBuilding CXX object CMakeFiles/robotnik_pad_plugins.dir/src/movement_plugin.cpp.o[0m
[ 50%] [32mBuilding CXX object CMakeFiles/robotnik_pad_plugins.dir/src/ptz_plugin.cpp.o[0m
[ 60%] [32mBuilding CXX object CMakeFiles/robotnik_pad_plugins.dir/src/poi_plugin.cpp.o[0m
[ 70%] [32mBuilding CXX object CMakeFiles/robotnik_pad_plugins.dir/src/blkarc_plugin.cpp.o[0m
[ 80%] [32m[1mLinking CXX shared library /home/bryan/dissertation/Dissertation-/summit_sim_git/devel/.private/robotnik_pad_plugins/lib/librobotnik_pad_plugins.so[0m
[ 80%] Built target robotnik_pad_plugins
[35m[1mScanning dependencies of target robotnik_pad_pluginlib[0m
[ 90%] [32mBuilding CXX object CMakeFiles/robotnik_pad_pluginlib.dir/src/generic_pad_plugins.cpp.o[0m
[100%] [32m[1mLinking CXX shared library /home/bryan/dissertation/Dissertation-/summit_sim_git/devel/.private/robotnik_pad_plugins/lib/librobotnik_pad_pluginlib.so[0m
[100%] Built target robotnik_pad_pluginlib
