Symlinking /home/bryan/dissertation/Dissertation-/summit_sim_git/devel/include/costmap_prohibition_layer/AddProhibitedPointsResponse.h
Symlinking /home/bryan/dissertation/Dissertation-/summit_sim_git/devel/include/costmap_prohibition_layer/SetProhibitedPointsResponse.h
Symlinking /home/bryan/dissertation/Dissertation-/summit_sim_git/devel/include/costmap_prohibition_layer/GetProhibitedPointsResponse.h
Symlinking /home/bryan/dissertation/Dissertation-/summit_sim_git/devel/include/costmap_prohibition_layer/ClearProhibitedPointsResponse.h
Symlinking /home/bryan/dissertation/Dissertation-/summit_sim_git/devel/include/costmap_prohibition_layer/SetProhibitedPoints.h
Symlinking /home/bryan/dissertation/Dissertation-/summit_sim_git/devel/include/costmap_prohibition_layer/SetProhibitedPointsRequest.h
Symlinking /home/bryan/dissertation/Dissertation-/summit_sim_git/devel/include/costmap_prohibition_layer/AddProhibitedPointsRequest.h
Symlinking /home/bryan/dissertation/Dissertation-/summit_sim_git/devel/include/costmap_prohibition_layer/CostmapProhibitionLayerConfig.h
Symlinking /home/bryan/dissertation/Dissertation-/summit_sim_git/devel/include/costmap_prohibition_layer/AddProhibitedPoints.h
Symlinking /home/bryan/dissertation/Dissertation-/summit_sim_git/devel/include/costmap_prohibition_layer/ClearProhibitedPointsRequest.h
Symlinking /home/bryan/dissertation/Dissertation-/summit_sim_git/devel/include/costmap_prohibition_layer/GetProhibitedPointsRequest.h
Symlinking /home/bryan/dissertation/Dissertation-/summit_sim_git/devel/include/costmap_prohibition_layer/ClearProhibitedPoints.h
Symlinking /home/bryan/dissertation/Dissertation-/summit_sim_git/devel/include/costmap_prohibition_layer/GetProhibitedPoints.h
Symlinking /home/bryan/dissertation/Dissertation-/summit_sim_git/devel/lib/libcostmap_prohibition_layer.so
Symlinking /home/bryan/dissertation/Dissertation-/summit_sim_git/devel/lib/python3/dist-packages/costmap_prohibition_layer/__init__.py
Symlinking /home/bryan/dissertation/Dissertation-/summit_sim_git/devel/lib/python3/dist-packages/costmap_prohibition_layer/cfg/CostmapProhibitionLayerConfig.py
Symlinking /home/bryan/dissertation/Dissertation-/summit_sim_git/devel/lib/python3/dist-packages/costmap_prohibition_layer/cfg/__init__.py
Symlinking /home/bryan/dissertation/Dissertation-/summit_sim_git/devel/lib/python3/dist-packages/costmap_prohibition_layer/srv/_GetProhibitedPoints.py
Symlinking /home/bryan/dissertation/Dissertation-/summit_sim_git/devel/lib/python3/dist-packages/costmap_prohibition_layer/srv/_AddProhibitedPoints.py
Symlinking /home/bryan/dissertation/Dissertation-/summit_sim_git/devel/lib/python3/dist-packages/costmap_prohibition_layer/srv/_ClearProhibitedPoints.py
Symlinking /home/bryan/dissertation/Dissertation-/summit_sim_git/devel/lib/python3/dist-packages/costmap_prohibition_layer/srv/_SetProhibitedPoints.py
Symlinking /home/bryan/dissertation/Dissertation-/summit_sim_git/devel/lib/python3/dist-packages/costmap_prohibition_layer/srv/__init__.py
Symlinking /home/bryan/dissertation/Dissertation-/summit_sim_git/devel/lib/pkgconfig/costmap_prohibition_layer.pc
Symlinking /home/bryan/dissertation/Dissertation-/summit_sim_git/devel/share/roseus/ros/costmap_prohibition_layer/manifest.l
Symlinking /home/bryan/dissertation/Dissertation-/summit_sim_git/devel/share/roseus/ros/costmap_prohibition_layer/srv/GetProhibitedPoints.l
Symlinking /home/bryan/dissertation/Dissertation-/summit_sim_git/devel/share/roseus/ros/costmap_prohibition_layer/srv/SetProhibitedPoints.l
Symlinking /home/bryan/dissertation/Dissertation-/summit_sim_git/devel/share/roseus/ros/costmap_prohibition_layer/srv/AddProhibitedPoints.l
Symlinking /home/bryan/dissertation/Dissertation-/summit_sim_git/devel/share/roseus/ros/costmap_prohibition_layer/srv/ClearProhibitedPoints.l
Symlinking /home/bryan/dissertation/Dissertation-/summit_sim_git/devel/share/costmap_prohibition_layer/docs/CostmapProhibitionLayerConfig.dox
Symlinking /home/bryan/dissertation/Dissertation-/summit_sim_git/devel/share/costmap_prohibition_layer/docs/CostmapProhibitionLayerConfig.wikidoc
Symlinking /home/bryan/dissertation/Dissertation-/summit_sim_git/devel/share/costmap_prohibition_layer/docs/CostmapProhibitionLayerConfig-usage.dox
Symlinking /home/bryan/dissertation/Dissertation-/summit_sim_git/devel/share/costmap_prohibition_layer/cmake/costmap_prohibition_layerConfig-version.cmake
Symlinking /home/bryan/dissertation/Dissertation-/summit_sim_git/devel/share/costmap_prohibition_layer/cmake/costmap_prohibition_layer-msg-paths.cmake
Symlinking /home/bryan/dissertation/Dissertation-/summit_sim_git/devel/share/costmap_prohibition_layer/cmake/costmap_prohibition_layerConfig.cmake
Symlinking /home/bryan/dissertation/Dissertation-/summit_sim_git/devel/share/costmap_prohibition_layer/cmake/costmap_prohibition_layer-msg-extras.cmake
Symlinking /home/bryan/dissertation/Dissertation-/summit_sim_git/devel/share/gennodejs/ros/costmap_prohibition_layer/_index.js
Symlinking /home/bryan/dissertation/Dissertation-/summit_sim_git/devel/share/gennodejs/ros/costmap_prohibition_layer/srv/AddProhibitedPoints.js
Symlinking /home/bryan/dissertation/Dissertation-/summit_sim_git/devel/share/gennodejs/ros/costmap_prohibition_layer/srv/SetProhibitedPoints.js
Symlinking /home/bryan/dissertation/Dissertation-/summit_sim_git/devel/share/gennodejs/ros/costmap_prohibition_layer/srv/GetProhibitedPoints.js
Symlinking /home/bryan/dissertation/Dissertation-/summit_sim_git/devel/share/gennodejs/ros/costmap_prohibition_layer/srv/ClearProhibitedPoints.js
Symlinking /home/bryan/dissertation/Dissertation-/summit_sim_git/devel/share/gennodejs/ros/costmap_prohibition_layer/srv/_index.js
Symlinking /home/bryan/dissertation/Dissertation-/summit_sim_git/devel/share/common-lisp/ros/costmap_prohibition_layer/srv/_package.lisp
Symlinking /home/bryan/dissertation/Dissertation-/summit_sim_git/devel/share/common-lisp/ros/costmap_prohibition_layer/srv/ClearProhibitedPoints.lisp
Symlinking /home/bryan/dissertation/Dissertation-/summit_sim_git/devel/share/common-lisp/ros/costmap_prohibition_layer/srv/_package_AddProhibitedPoints.lisp
Symlinking /home/bryan/dissertation/Dissertation-/summit_sim_git/devel/share/common-lisp/ros/costmap_prohibition_layer/srv/_package_ClearProhibitedPoints.lisp
Symlinking /home/bryan/dissertation/Dissertation-/summit_sim_git/devel/share/common-lisp/ros/costmap_prohibition_layer/srv/SetProhibitedPoints.lisp
Symlinking /home/bryan/dissertation/Dissertation-/summit_sim_git/devel/share/common-lisp/ros/costmap_prohibition_layer/srv/AddProhibitedPoints.lisp
Symlinking /home/bryan/dissertation/Dissertation-/summit_sim_git/devel/share/common-lisp/ros/costmap_prohibition_layer/srv/GetProhibitedPoints.lisp
Symlinking /home/bryan/dissertation/Dissertation-/summit_sim_git/devel/share/common-lisp/ros/costmap_prohibition_layer/srv/_package_GetProhibitedPoints.lisp
Symlinking /home/bryan/dissertation/Dissertation-/summit_sim_git/devel/share/common-lisp/ros/costmap_prohibition_layer/srv/costmap_prohibition_layer-srv.asd
Symlinking /home/bryan/dissertation/Dissertation-/summit_sim_git/devel/share/common-lisp/ros/costmap_prohibition_layer/srv/_package_SetProhibitedPoints.lisp
Cleaning: (/home/bryan/dissertation/summit_sim_git/devel/.private/costmap_prohibition_layer/cmake.lock, /home/bryan/dissertation/summit_sim_git/devel/./cmake.lock)
Cleaning: (/home/bryan/dissertation/summit_sim_git/devel/.private/costmap_prohibition_layer/include/costmap_prohibition_layer/AddProhibitedPointsResponse.h, /home/bryan/dissertation/summit_sim_git/devel/include/costmap_prohibition_layer/AddProhibitedPointsResponse.h)
Cleaning: (/home/bryan/dissertation/summit_sim_git/devel/.private/costmap_prohibition_layer/include/costmap_prohibition_layer/SetProhibitedPointsResponse.h, /home/bryan/dissertation/summit_sim_git/devel/include/costmap_prohibition_layer/SetProhibitedPointsResponse.h)
Cleaning: (/home/bryan/dissertation/summit_sim_git/devel/.private/costmap_prohibition_layer/include/costmap_prohibition_layer/GetProhibitedPointsResponse.h, /home/bryan/dissertation/summit_sim_git/devel/include/costmap_prohibition_layer/GetProhibitedPointsResponse.h)
Cleaning: (/home/bryan/dissertation/summit_sim_git/devel/.private/costmap_prohibition_layer/include/costmap_prohibition_layer/ClearProhibitedPointsResponse.h, /home/bryan/dissertation/summit_sim_git/devel/include/costmap_prohibition_layer/ClearProhibitedPointsResponse.h)
Cleaning: (/home/bryan/dissertation/summit_sim_git/devel/.private/costmap_prohibition_layer/include/costmap_prohibition_layer/SetProhibitedPoints.h, /home/bryan/dissertation/summit_sim_git/devel/include/costmap_prohibition_layer/SetProhibitedPoints.h)
Cleaning: (/home/bryan/dissertation/summit_sim_git/devel/.private/costmap_prohibition_layer/include/costmap_prohibition_layer/SetProhibitedPointsRequest.h, /home/bryan/dissertation/summit_sim_git/devel/include/costmap_prohibition_layer/SetProhibitedPointsRequest.h)
Cleaning: (/home/bryan/dissertation/summit_sim_git/devel/.private/costmap_prohibition_layer/include/costmap_prohibition_layer/AddProhibitedPointsRequest.h, /home/bryan/dissertation/summit_sim_git/devel/include/costmap_prohibition_layer/AddProhibitedPointsRequest.h)
Cleaning: (/home/bryan/dissertation/summit_sim_git/devel/.private/costmap_prohibition_layer/include/costmap_prohibition_layer/CostmapProhibitionLayerConfig.h, /home/bryan/dissertation/summit_sim_git/devel/include/costmap_prohibition_layer/CostmapProhibitionLayerConfig.h)
Cleaning: (/home/bryan/dissertation/summit_sim_git/devel/.private/costmap_prohibition_layer/include/costmap_prohibition_layer/AddProhibitedPoints.h, /home/bryan/dissertation/summit_sim_git/devel/include/costmap_prohibition_layer/AddProhibitedPoints.h)
Cleaning: (/home/bryan/dissertation/summit_sim_git/devel/.private/costmap_prohibition_layer/include/costmap_prohibition_layer/ClearProhibitedPointsRequest.h, /home/bryan/dissertation/summit_sim_git/devel/include/costmap_prohibition_layer/ClearProhibitedPointsRequest.h)
Cleaning: (/home/bryan/dissertation/summit_sim_git/devel/.private/costmap_prohibition_layer/include/costmap_prohibition_layer/GetProhibitedPointsRequest.h, /home/bryan/dissertation/summit_sim_git/devel/include/costmap_prohibition_layer/GetProhibitedPointsRequest.h)
Cleaning: (/home/bryan/dissertation/summit_sim_git/devel/.private/costmap_prohibition_layer/include/costmap_prohibition_layer/ClearProhibitedPoints.h, /home/bryan/dissertation/summit_sim_git/devel/include/costmap_prohibition_layer/ClearProhibitedPoints.h)
Cleaning: (/home/bryan/dissertation/summit_sim_git/devel/.private/costmap_prohibition_layer/include/costmap_prohibition_layer/GetProhibitedPoints.h, /home/bryan/dissertation/summit_sim_git/devel/include/costmap_prohibition_layer/GetProhibitedPoints.h)
Cleaning: (/home/bryan/dissertation/summit_sim_git/devel/.private/costmap_prohibition_layer/lib/libcostmap_prohibition_layer.so, /home/bryan/dissertation/summit_sim_git/devel/lib/libcostmap_prohibition_layer.so)
Cleaning: (/home/bryan/dissertation/summit_sim_git/devel/.private/costmap_prohibition_layer/lib/python3/dist-packages/costmap_prohibition_layer/__init__.py, /home/bryan/dissertation/summit_sim_git/devel/lib/python3/dist-packages/costmap_prohibition_layer/__init__.py)
Cleaning: (/home/bryan/dissertation/summit_sim_git/devel/.private/costmap_prohibition_layer/lib/python3/dist-packages/costmap_prohibition_layer/cfg/CostmapProhibitionLayerConfig.py, /home/bryan/dissertation/summit_sim_git/devel/lib/python3/dist-packages/costmap_prohibition_layer/cfg/CostmapProhibitionLayerConfig.py)
Cleaning: (/home/bryan/dissertation/summit_sim_git/devel/.private/costmap_prohibition_layer/lib/python3/dist-packages/costmap_prohibition_layer/cfg/__init__.py, /home/bryan/dissertation/summit_sim_git/devel/lib/python3/dist-packages/costmap_prohibition_layer/cfg/__init__.py)
Cleaning: (/home/bryan/dissertation/summit_sim_git/devel/.private/costmap_prohibition_layer/lib/python3/dist-packages/costmap_prohibition_layer/srv/_GetProhibitedPoints.py, /home/bryan/dissertation/summit_sim_git/devel/lib/python3/dist-packages/costmap_prohibition_layer/srv/_GetProhibitedPoints.py)
Cleaning: (/home/bryan/dissertation/summit_sim_git/devel/.private/costmap_prohibition_layer/lib/python3/dist-packages/costmap_prohibition_layer/srv/_AddProhibitedPoints.py, /home/bryan/dissertation/summit_sim_git/devel/lib/python3/dist-packages/costmap_prohibition_layer/srv/_AddProhibitedPoints.py)
Cleaning: (/home/bryan/dissertation/summit_sim_git/devel/.private/costmap_prohibition_layer/lib/python3/dist-packages/costmap_prohibition_layer/srv/_ClearProhibitedPoints.py, /home/bryan/dissertation/summit_sim_git/devel/lib/python3/dist-packages/costmap_prohibition_layer/srv/_ClearProhibitedPoints.py)
Cleaning: (/home/bryan/dissertation/summit_sim_git/devel/.private/costmap_prohibition_layer/lib/python3/dist-packages/costmap_prohibition_layer/srv/_SetProhibitedPoints.py, /home/bryan/dissertation/summit_sim_git/devel/lib/python3/dist-packages/costmap_prohibition_layer/srv/_SetProhibitedPoints.py)
Cleaning: (/home/bryan/dissertation/summit_sim_git/devel/.private/costmap_prohibition_layer/lib/python3/dist-packages/costmap_prohibition_layer/srv/__init__.py, /home/bryan/dissertation/summit_sim_git/devel/lib/python3/dist-packages/costmap_prohibition_layer/srv/__init__.py)
Cleaning: (/home/bryan/dissertation/summit_sim_git/devel/.private/costmap_prohibition_layer/lib/pkgconfig/costmap_prohibition_layer.pc, /home/bryan/dissertation/summit_sim_git/devel/lib/pkgconfig/costmap_prohibition_layer.pc)
Cleaning: (/home/bryan/dissertation/summit_sim_git/devel/.private/costmap_prohibition_layer/share/roseus/ros/costmap_prohibition_layer/manifest.l, /home/bryan/dissertation/summit_sim_git/devel/share/roseus/ros/costmap_prohibition_layer/manifest.l)
Cleaning: (/home/bryan/dissertation/summit_sim_git/devel/.private/costmap_prohibition_layer/share/roseus/ros/costmap_prohibition_layer/srv/GetProhibitedPoints.l, /home/bryan/dissertation/summit_sim_git/devel/share/roseus/ros/costmap_prohibition_layer/srv/GetProhibitedPoints.l)
Cleaning: (/home/bryan/dissertation/summit_sim_git/devel/.private/costmap_prohibition_layer/share/roseus/ros/costmap_prohibition_layer/srv/SetProhibitedPoints.l, /home/bryan/dissertation/summit_sim_git/devel/share/roseus/ros/costmap_prohibition_layer/srv/SetProhibitedPoints.l)
Cleaning: (/home/bryan/dissertation/summit_sim_git/devel/.private/costmap_prohibition_layer/share/roseus/ros/costmap_prohibition_layer/srv/AddProhibitedPoints.l, /home/bryan/dissertation/summit_sim_git/devel/share/roseus/ros/costmap_prohibition_layer/srv/AddProhibitedPoints.l)
Cleaning: (/home/bryan/dissertation/summit_sim_git/devel/.private/costmap_prohibition_layer/share/roseus/ros/costmap_prohibition_layer/srv/ClearProhibitedPoints.l, /home/bryan/dissertation/summit_sim_git/devel/share/roseus/ros/costmap_prohibition_layer/srv/ClearProhibitedPoints.l)
Cleaning: (/home/bryan/dissertation/summit_sim_git/devel/.private/costmap_prohibition_layer/share/costmap_prohibition_layer/docs/CostmapProhibitionLayerConfig.dox, /home/bryan/dissertation/summit_sim_git/devel/share/costmap_prohibition_layer/docs/CostmapProhibitionLayerConfig.dox)
Cleaning: (/home/bryan/dissertation/summit_sim_git/devel/.private/costmap_prohibition_layer/share/costmap_prohibition_layer/docs/CostmapProhibitionLayerConfig.wikidoc, /home/bryan/dissertation/summit_sim_git/devel/share/costmap_prohibition_layer/docs/CostmapProhibitionLayerConfig.wikidoc)
Cleaning: (/home/bryan/dissertation/summit_sim_git/devel/.private/costmap_prohibition_layer/share/costmap_prohibition_layer/docs/CostmapProhibitionLayerConfig-usage.dox, /home/bryan/dissertation/summit_sim_git/devel/share/costmap_prohibition_layer/docs/CostmapProhibitionLayerConfig-usage.dox)
Cleaning: (/home/bryan/dissertation/summit_sim_git/devel/.private/costmap_prohibition_layer/share/costmap_prohibition_layer/cmake/costmap_prohibition_layerConfig-version.cmake, /home/bryan/dissertation/summit_sim_git/devel/share/costmap_prohibition_layer/cmake/costmap_prohibition_layerConfig-version.cmake)
Cleaning: (/home/bryan/dissertation/summit_sim_git/devel/.private/costmap_prohibition_layer/share/costmap_prohibition_layer/cmake/costmap_prohibition_layer-msg-paths.cmake, /home/bryan/dissertation/summit_sim_git/devel/share/costmap_prohibition_layer/cmake/costmap_prohibition_layer-msg-paths.cmake)
Cleaning: (/home/bryan/dissertation/summit_sim_git/devel/.private/costmap_prohibition_layer/share/costmap_prohibition_layer/cmake/costmap_prohibition_layerConfig.cmake, /home/bryan/dissertation/summit_sim_git/devel/share/costmap_prohibition_layer/cmake/costmap_prohibition_layerConfig.cmake)
Cleaning: (/home/bryan/dissertation/summit_sim_git/devel/.private/costmap_prohibition_layer/share/costmap_prohibition_layer/cmake/costmap_prohibition_layer-msg-extras.cmake, /home/bryan/dissertation/summit_sim_git/devel/share/costmap_prohibition_layer/cmake/costmap_prohibition_layer-msg-extras.cmake)
Cleaning: (/home/bryan/dissertation/summit_sim_git/devel/.private/costmap_prohibition_layer/share/gennodejs/ros/costmap_prohibition_layer/_index.js, /home/bryan/dissertation/summit_sim_git/devel/share/gennodejs/ros/costmap_prohibition_layer/_index.js)
Cleaning: (/home/bryan/dissertation/summit_sim_git/devel/.private/costmap_prohibition_layer/share/gennodejs/ros/costmap_prohibition_layer/srv/AddProhibitedPoints.js, /home/bryan/dissertation/summit_sim_git/devel/share/gennodejs/ros/costmap_prohibition_layer/srv/AddProhibitedPoints.js)
Cleaning: (/home/bryan/dissertation/summit_sim_git/devel/.private/costmap_prohibition_layer/share/gennodejs/ros/costmap_prohibition_layer/srv/SetProhibitedPoints.js, /home/bryan/dissertation/summit_sim_git/devel/share/gennodejs/ros/costmap_prohibition_layer/srv/SetProhibitedPoints.js)
Cleaning: (/home/bryan/dissertation/summit_sim_git/devel/.private/costmap_prohibition_layer/share/gennodejs/ros/costmap_prohibition_layer/srv/GetProhibitedPoints.js, /home/bryan/dissertation/summit_sim_git/devel/share/gennodejs/ros/costmap_prohibition_layer/srv/GetProhibitedPoints.js)
Cleaning: (/home/bryan/dissertation/summit_sim_git/devel/.private/costmap_prohibition_layer/share/gennodejs/ros/costmap_prohibition_layer/srv/ClearProhibitedPoints.js, /home/bryan/dissertation/summit_sim_git/devel/share/gennodejs/ros/costmap_prohibition_layer/srv/ClearProhibitedPoints.js)
Cleaning: (/home/bryan/dissertation/summit_sim_git/devel/.private/costmap_prohibition_layer/share/gennodejs/ros/costmap_prohibition_layer/srv/_index.js, /home/bryan/dissertation/summit_sim_git/devel/share/gennodejs/ros/costmap_prohibition_layer/srv/_index.js)
Cleaning: (/home/bryan/dissertation/summit_sim_git/devel/.private/costmap_prohibition_layer/share/common-lisp/ros/costmap_prohibition_layer/srv/_package.lisp, /home/bryan/dissertation/summit_sim_git/devel/share/common-lisp/ros/costmap_prohibition_layer/srv/_package.lisp)
Cleaning: (/home/bryan/dissertation/summit_sim_git/devel/.private/costmap_prohibition_layer/share/common-lisp/ros/costmap_prohibition_layer/srv/ClearProhibitedPoints.lisp, /home/bryan/dissertation/summit_sim_git/devel/share/common-lisp/ros/costmap_prohibition_layer/srv/ClearProhibitedPoints.lisp)
Cleaning: (/home/bryan/dissertation/summit_sim_git/devel/.private/costmap_prohibition_layer/share/common-lisp/ros/costmap_prohibition_layer/srv/_package_AddProhibitedPoints.lisp, /home/bryan/dissertation/summit_sim_git/devel/share/common-lisp/ros/costmap_prohibition_layer/srv/_package_AddProhibitedPoints.lisp)
Cleaning: (/home/bryan/dissertation/summit_sim_git/devel/.private/costmap_prohibition_layer/share/common-lisp/ros/costmap_prohibition_layer/srv/_package_ClearProhibitedPoints.lisp, /home/bryan/dissertation/summit_sim_git/devel/share/common-lisp/ros/costmap_prohibition_layer/srv/_package_ClearProhibitedPoints.lisp)
Cleaning: (/home/bryan/dissertation/summit_sim_git/devel/.private/costmap_prohibition_layer/share/common-lisp/ros/costmap_prohibition_layer/srv/SetProhibitedPoints.lisp, /home/bryan/dissertation/summit_sim_git/devel/share/common-lisp/ros/costmap_prohibition_layer/srv/SetProhibitedPoints.lisp)
Cleaning: (/home/bryan/dissertation/summit_sim_git/devel/.private/costmap_prohibition_layer/share/common-lisp/ros/costmap_prohibition_layer/srv/AddProhibitedPoints.lisp, /home/bryan/dissertation/summit_sim_git/devel/share/common-lisp/ros/costmap_prohibition_layer/srv/AddProhibitedPoints.lisp)
Cleaning: (/home/bryan/dissertation/summit_sim_git/devel/.private/costmap_prohibition_layer/share/common-lisp/ros/costmap_prohibition_layer/srv/GetProhibitedPoints.lisp, /home/bryan/dissertation/summit_sim_git/devel/share/common-lisp/ros/costmap_prohibition_layer/srv/GetProhibitedPoints.lisp)
Cleaning: (/home/bryan/dissertation/summit_sim_git/devel/.private/costmap_prohibition_layer/share/common-lisp/ros/costmap_prohibition_layer/srv/_package_GetProhibitedPoints.lisp, /home/bryan/dissertation/summit_sim_git/devel/share/common-lisp/ros/costmap_prohibition_layer/srv/_package_GetProhibitedPoints.lisp)
Cleaning: (/home/bryan/dissertation/summit_sim_git/devel/.private/costmap_prohibition_layer/share/common-lisp/ros/costmap_prohibition_layer/srv/costmap_prohibition_layer-srv.asd, /home/bryan/dissertation/summit_sim_git/devel/share/common-lisp/ros/costmap_prohibition_layer/srv/costmap_prohibition_layer-srv.asd)
Cleaning: (/home/bryan/dissertation/summit_sim_git/devel/.private/costmap_prohibition_layer/share/common-lisp/ros/costmap_prohibition_layer/srv/_package_SetProhibitedPoints.lisp, /home/bryan/dissertation/summit_sim_git/devel/share/common-lisp/ros/costmap_prohibition_layer/srv/_package_SetProhibitedPoints.lisp)
Unlinking: /home/bryan/dissertation/summit_sim_git/devel/include/costmap_prohibition_layer/AddProhibitedPointsResponse.h
Already unlinked: {}
Unlinking: /home/bryan/dissertation/summit_sim_git/devel/include/costmap_prohibition_layer/SetProhibitedPointsResponse.h
Already unlinked: {}
Unlinking: /home/bryan/dissertation/summit_sim_git/devel/include/costmap_prohibition_layer/GetProhibitedPointsResponse.h
Already unlinked: {}
Unlinking: /home/bryan/dissertation/summit_sim_git/devel/include/costmap_prohibition_layer/ClearProhibitedPointsResponse.h
Already unlinked: {}
Unlinking: /home/bryan/dissertation/summit_sim_git/devel/include/costmap_prohibition_layer/SetProhibitedPoints.h
Already unlinked: {}
Unlinking: /home/bryan/dissertation/summit_sim_git/devel/include/costmap_prohibition_layer/SetProhibitedPointsRequest.h
Already unlinked: {}
Unlinking: /home/bryan/dissertation/summit_sim_git/devel/include/costmap_prohibition_layer/AddProhibitedPointsRequest.h
Already unlinked: {}
Unlinking: /home/bryan/dissertation/summit_sim_git/devel/include/costmap_prohibition_layer/CostmapProhibitionLayerConfig.h
Already unlinked: {}
Unlinking: /home/bryan/dissertation/summit_sim_git/devel/include/costmap_prohibition_layer/AddProhibitedPoints.h
Already unlinked: {}
Unlinking: /home/bryan/dissertation/summit_sim_git/devel/include/costmap_prohibition_layer/ClearProhibitedPointsRequest.h
Already unlinked: {}
Unlinking: /home/bryan/dissertation/summit_sim_git/devel/include/costmap_prohibition_layer/GetProhibitedPointsRequest.h
Already unlinked: {}
Unlinking: /home/bryan/dissertation/summit_sim_git/devel/include/costmap_prohibition_layer/ClearProhibitedPoints.h
Already unlinked: {}
Unlinking: /home/bryan/dissertation/summit_sim_git/devel/include/costmap_prohibition_layer/GetProhibitedPoints.h
Already unlinked: {}
Unlinking: /home/bryan/dissertation/summit_sim_git/devel/lib/libcostmap_prohibition_layer.so
Already unlinked: {}
Unlinking: /home/bryan/dissertation/summit_sim_git/devel/lib/python3/dist-packages/costmap_prohibition_layer/__init__.py
Already unlinked: {}
Unlinking: /home/bryan/dissertation/summit_sim_git/devel/lib/python3/dist-packages/costmap_prohibition_layer/cfg/CostmapProhibitionLayerConfig.py
Already unlinked: {}
Unlinking: /home/bryan/dissertation/summit_sim_git/devel/lib/python3/dist-packages/costmap_prohibition_layer/cfg/__init__.py
Already unlinked: {}
Unlinking: /home/bryan/dissertation/summit_sim_git/devel/lib/python3/dist-packages/costmap_prohibition_layer/srv/_GetProhibitedPoints.py
Already unlinked: {}
Unlinking: /home/bryan/dissertation/summit_sim_git/devel/lib/python3/dist-packages/costmap_prohibition_layer/srv/_AddProhibitedPoints.py
Already unlinked: {}
Unlinking: /home/bryan/dissertation/summit_sim_git/devel/lib/python3/dist-packages/costmap_prohibition_layer/srv/_ClearProhibitedPoints.py
Already unlinked: {}
Unlinking: /home/bryan/dissertation/summit_sim_git/devel/lib/python3/dist-packages/costmap_prohibition_layer/srv/_SetProhibitedPoints.py
Already unlinked: {}
Unlinking: /home/bryan/dissertation/summit_sim_git/devel/lib/python3/dist-packages/costmap_prohibition_layer/srv/__init__.py
Already unlinked: {}
Unlinking: /home/bryan/dissertation/summit_sim_git/devel/lib/pkgconfig/costmap_prohibition_layer.pc
Already unlinked: {}
Unlinking: /home/bryan/dissertation/summit_sim_git/devel/share/roseus/ros/costmap_prohibition_layer/manifest.l
Already unlinked: {}
Unlinking: /home/bryan/dissertation/summit_sim_git/devel/share/roseus/ros/costmap_prohibition_layer/srv/GetProhibitedPoints.l
Already unlinked: {}
Unlinking: /home/bryan/dissertation/summit_sim_git/devel/share/roseus/ros/costmap_prohibition_layer/srv/SetProhibitedPoints.l
Already unlinked: {}
Unlinking: /home/bryan/dissertation/summit_sim_git/devel/share/roseus/ros/costmap_prohibition_layer/srv/AddProhibitedPoints.l
Already unlinked: {}
Unlinking: /home/bryan/dissertation/summit_sim_git/devel/share/roseus/ros/costmap_prohibition_layer/srv/ClearProhibitedPoints.l
Already unlinked: {}
Unlinking: /home/bryan/dissertation/summit_sim_git/devel/share/costmap_prohibition_layer/docs/CostmapProhibitionLayerConfig.dox
Already unlinked: {}
Unlinking: /home/bryan/dissertation/summit_sim_git/devel/share/costmap_prohibition_layer/docs/CostmapProhibitionLayerConfig.wikidoc
Already unlinked: {}
Unlinking: /home/bryan/dissertation/summit_sim_git/devel/share/costmap_prohibition_layer/docs/CostmapProhibitionLayerConfig-usage.dox
Already unlinked: {}
Unlinking: /home/bryan/dissertation/summit_sim_git/devel/share/costmap_prohibition_layer/cmake/costmap_prohibition_layerConfig-version.cmake
Already unlinked: {}
Unlinking: /home/bryan/dissertation/summit_sim_git/devel/share/costmap_prohibition_layer/cmake/costmap_prohibition_layer-msg-paths.cmake
Already unlinked: {}
Unlinking: /home/bryan/dissertation/summit_sim_git/devel/share/costmap_prohibition_layer/cmake/costmap_prohibition_layerConfig.cmake
Already unlinked: {}
Unlinking: /home/bryan/dissertation/summit_sim_git/devel/share/costmap_prohibition_layer/cmake/costmap_prohibition_layer-msg-extras.cmake
Already unlinked: {}
Unlinking: /home/bryan/dissertation/summit_sim_git/devel/share/gennodejs/ros/costmap_prohibition_layer/_index.js
Already unlinked: {}
Unlinking: /home/bryan/dissertation/summit_sim_git/devel/share/gennodejs/ros/costmap_prohibition_layer/srv/AddProhibitedPoints.js
Already unlinked: {}
Unlinking: /home/bryan/dissertation/summit_sim_git/devel/share/gennodejs/ros/costmap_prohibition_layer/srv/SetProhibitedPoints.js
Already unlinked: {}
Unlinking: /home/bryan/dissertation/summit_sim_git/devel/share/gennodejs/ros/costmap_prohibition_layer/srv/GetProhibitedPoints.js
Already unlinked: {}
Unlinking: /home/bryan/dissertation/summit_sim_git/devel/share/gennodejs/ros/costmap_prohibition_layer/srv/ClearProhibitedPoints.js
Already unlinked: {}
Unlinking: /home/bryan/dissertation/summit_sim_git/devel/share/gennodejs/ros/costmap_prohibition_layer/srv/_index.js
Already unlinked: {}
Unlinking: /home/bryan/dissertation/summit_sim_git/devel/share/common-lisp/ros/costmap_prohibition_layer/srv/_package.lisp
Already unlinked: {}
Unlinking: /home/bryan/dissertation/summit_sim_git/devel/share/common-lisp/ros/costmap_prohibition_layer/srv/ClearProhibitedPoints.lisp
Already unlinked: {}
Unlinking: /home/bryan/dissertation/summit_sim_git/devel/share/common-lisp/ros/costmap_prohibition_layer/srv/_package_AddProhibitedPoints.lisp
Already unlinked: {}
Unlinking: /home/bryan/dissertation/summit_sim_git/devel/share/common-lisp/ros/costmap_prohibition_layer/srv/_package_ClearProhibitedPoints.lisp
Already unlinked: {}
Unlinking: /home/bryan/dissertation/summit_sim_git/devel/share/common-lisp/ros/costmap_prohibition_layer/srv/SetProhibitedPoints.lisp
Already unlinked: {}
Unlinking: /home/bryan/dissertation/summit_sim_git/devel/share/common-lisp/ros/costmap_prohibition_layer/srv/AddProhibitedPoints.lisp
Already unlinked: {}
Unlinking: /home/bryan/dissertation/summit_sim_git/devel/share/common-lisp/ros/costmap_prohibition_layer/srv/GetProhibitedPoints.lisp
Already unlinked: {}
Unlinking: /home/bryan/dissertation/summit_sim_git/devel/share/common-lisp/ros/costmap_prohibition_layer/srv/_package_GetProhibitedPoints.lisp
Already unlinked: {}
Unlinking: /home/bryan/dissertation/summit_sim_git/devel/share/common-lisp/ros/costmap_prohibition_layer/srv/costmap_prohibition_layer-srv.asd
Already unlinked: {}
Unlinking: /home/bryan/dissertation/summit_sim_git/devel/share/common-lisp/ros/costmap_prohibition_layer/srv/_package_SetProhibitedPoints.lisp
Already unlinked: {}
