[35m[1mScanning dependencies of target geometry_msgs_generate_messages_py[0m
[  0%] Built target geometry_msgs_generate_messages_py
[35m[1mScanning dependencies of target _costmap_prohibition_layer_generate_messages_check_deps_AddProhibitedPoints[0m
[35m[1mScanning dependencies of target _costmap_prohibition_layer_generate_messages_check_deps_SetProhibitedPoints[0m
[  0%] Built target _costmap_prohibition_layer_generate_messages_check_deps_AddProhibitedPoints
[35m[1mScanning dependencies of target _costmap_prohibition_layer_generate_messages_check_deps_GetProhibitedPoints[0m
[  0%] Built target _costmap_prohibition_layer_generate_messages_check_deps_SetProhibitedPoints
[35m[1mScanning dependencies of target _costmap_prohibition_layer_generate_messages_check_deps_ClearProhibitedPoints[0m
[  0%] Built target _costmap_prohibition_layer_generate_messages_check_deps_GetProhibitedPoints
[  0%] Built target _costmap_prohibition_layer_generate_messages_check_deps_ClearProhibitedPoints
[35m[1mScanning dependencies of target std_msgs_generate_messages_py[0m
[  0%] Built target std_msgs_generate_messages_py
[35m[1mScanning dependencies of target std_msgs_generate_messages_lisp[0m
[  0%] Built target std_msgs_generate_messages_lisp
[35m[1mScanning dependencies of target geometry_msgs_generate_messages_lisp[0m
[  0%] Built target geometry_msgs_generate_messages_lisp
[35m[1mScanning dependencies of target geometry_msgs_generate_messages_cpp[0m
[  0%] Built target geometry_msgs_generate_messages_cpp
[35m[1mScanning dependencies of target std_msgs_generate_messages_cpp[0m
[  0%] Built target std_msgs_generate_messages_cpp
[35m[1mScanning dependencies of target geometry_msgs_generate_messages_nodejs[0m
[35m[1mScanning dependencies of target std_msgs_generate_messages_nodejs[0m
[  0%] Built target geometry_msgs_generate_messages_nodejs
[  0%] Built target std_msgs_generate_messages_nodejs
[35m[1mScanning dependencies of target std_msgs_generate_messages_eus[0m
[35m[1mScanning dependencies of target geometry_msgs_generate_messages_eus[0m
[  0%] Built target std_msgs_generate_messages_eus
[  0%] Built target geometry_msgs_generate_messages_eus
[35m[1mScanning dependencies of target costmap_prohibition_layer_gencfg[0m
[  4%] [34m[1mGenerating dynamic reconfigure files from cfg/CostmapProhibitionLayer.cfg: /home/bryan/dissertation/Dissertation-/summit_sim_git/devel/.private/costmap_prohibition_layer/include/costmap_prohibition_layer/CostmapProhibitionLayerConfig.h /home/bryan/dissertation/Dissertation-/summit_sim_git/devel/.private/costmap_prohibition_layer/lib/python3/dist-packages/costmap_prohibition_layer/cfg/CostmapProhibitionLayerConfig.py[0m
[35m[1mScanning dependencies of target costmap_prohibition_layer_generate_messages_py[0m
[  8%] [34m[1mGenerating Python code from SRV costmap_prohibition_layer/ClearProhibitedPoints[0m
[ 12%] [34m[1mGenerating Python code from SRV costmap_prohibition_layer/GetProhibitedPoints[0m
Generating reconfiguration files for CostmapProhibitionLayer in costmap_prohibition_layer_namespace
Wrote header file in /home/bryan/dissertation/Dissertation-/summit_sim_git/devel/.private/costmap_prohibition_layer/include/costmap_prohibition_layer/CostmapProhibitionLayerConfig.h
[ 12%] Built target costmap_prohibition_layer_gencfg
[35m[1mScanning dependencies of target costmap_prohibition_layer_generate_messages_lisp[0m
[35m[1mScanning dependencies of target costmap_prohibition_layer_generate_messages_cpp[0m
[ 16%] [34m[1mGenerating Python code from SRV costmap_prohibition_layer/SetProhibitedPoints[0m
[ 20%] [34m[1mGenerating Lisp code from costmap_prohibition_layer/ClearProhibitedPoints.srv[0m
[ 24%] [34m[1mGenerating C++ code from costmap_prohibition_layer/ClearProhibitedPoints.srv[0m
[ 28%] [34m[1mGenerating Lisp code from costmap_prohibition_layer/GetProhibitedPoints.srv[0m
[ 32%] [34m[1mGenerating Lisp code from costmap_prohibition_layer/SetProhibitedPoints.srv[0m
[ 36%] [34m[1mGenerating Lisp code from costmap_prohibition_layer/AddProhibitedPoints.srv[0m
[ 36%] Built target costmap_prohibition_layer_generate_messages_lisp
[35m[1mScanning dependencies of target costmap_prohibition_layer_generate_messages_nodejs[0m
[ 40%] [34m[1mGenerating Javascript code from costmap_prohibition_layer/ClearProhibitedPoints.srv[0m
[ 44%] [34m[1mGenerating C++ code from costmap_prohibition_layer/GetProhibitedPoints.srv[0m
[ 48%] [34m[1mGenerating Python code from SRV costmap_prohibition_layer/AddProhibitedPoints[0m
[ 52%] [34m[1mGenerating Javascript code from costmap_prohibition_layer/GetProhibitedPoints.srv[0m
[ 56%] [34m[1mGenerating C++ code from costmap_prohibition_layer/SetProhibitedPoints.srv[0m
[ 60%] [34m[1mGenerating Javascript code from costmap_prohibition_layer/SetProhibitedPoints.srv[0m
[ 64%] [34m[1mGenerating Javascript code from costmap_prohibition_layer/AddProhibitedPoints.srv[0m
[ 68%] [34m[1mGenerating C++ code from costmap_prohibition_layer/AddProhibitedPoints.srv[0m
[ 68%] Built target costmap_prohibition_layer_generate_messages_nodejs
[ 72%] [34m[1mGenerating Python srv __init__.py for costmap_prohibition_layer[0m
[ 72%] Built target costmap_prohibition_layer_generate_messages_cpp
[35m[1mScanning dependencies of target costmap_prohibition_layer_generate_messages_eus[0m
[ 76%] [34m[1mGenerating EusLisp code from costmap_prohibition_layer/ClearProhibitedPoints.srv[0m
[35m[1mScanning dependencies of target costmap_prohibition_layer[0m
[ 80%] [34m[1mGenerating EusLisp code from costmap_prohibition_layer/GetProhibitedPoints.srv[0m
[ 80%] Built target costmap_prohibition_layer_generate_messages_py
[ 84%] [34m[1mGenerating EusLisp code from costmap_prohibition_layer/SetProhibitedPoints.srv[0m
[ 88%] [34m[1mGenerating EusLisp code from costmap_prohibition_layer/AddProhibitedPoints.srv[0m
[ 92%] [32mBuilding CXX object CMakeFiles/costmap_prohibition_layer.dir/src/costmap_prohibition_layer.cpp.o[0m
[ 96%] [34m[1mGenerating EusLisp manifest code for costmap_prohibition_layer[0m
[ 96%] Built target costmap_prohibition_layer_generate_messages_eus
[35m[1mScanning dependencies of target costmap_prohibition_layer_generate_messages[0m
[ 96%] Built target costmap_prohibition_layer_generate_messages
[100%] [32m[1mLinking CXX shared library /home/bryan/dissertation/Dissertation-/summit_sim_git/devel/.private/costmap_prohibition_layer/lib/libcostmap_prohibition_layer.so[0m
[100%] Built target costmap_prohibition_layer
