Symlinking /home/bryan/dissertation/Dissertation-/summit_sim_git/devel/include/interbotix_xs_sdk/MotorGainsResponse.h
Symlinking /home/bryan/dissertation/Dissertation-/summit_sim_git/devel/include/interbotix_xs_sdk/RobotInfoRequest.h
Symlinking /home/bryan/dissertation/Dissertation-/summit_sim_git/devel/include/interbotix_xs_sdk/RegisterValuesResponse.h
Symlinking /home/bryan/dissertation/Dissertation-/summit_sim_git/devel/include/interbotix_xs_sdk/OperatingModesResponse.h
Symlinking /home/bryan/dissertation/Dissertation-/summit_sim_git/devel/include/interbotix_xs_sdk/RobotInfoResponse.h
Symlinking /home/bryan/dissertation/Dissertation-/summit_sim_git/devel/include/interbotix_xs_sdk/OperatingModes.h
Symlinking /home/bryan/dissertation/Dissertation-/summit_sim_git/devel/include/interbotix_xs_sdk/RegisterValues.h
Symlinking /home/bryan/dissertation/Dissertation-/summit_sim_git/devel/include/interbotix_xs_sdk/JointGroupCommand.h
Symlinking /home/bryan/dissertation/Dissertation-/summit_sim_git/devel/include/interbotix_xs_sdk/TorqueEnable.h
Symlinking /home/bryan/dissertation/Dissertation-/summit_sim_git/devel/include/interbotix_xs_sdk/RegisterValuesRequest.h
Symlinking /home/bryan/dissertation/Dissertation-/summit_sim_git/devel/include/interbotix_xs_sdk/OperatingModesRequest.h
Symlinking /home/bryan/dissertation/Dissertation-/summit_sim_git/devel/include/interbotix_xs_sdk/RebootResponse.h
Symlinking /home/bryan/dissertation/Dissertation-/summit_sim_git/devel/include/interbotix_xs_sdk/TorqueEnableRequest.h
Symlinking /home/bryan/dissertation/Dissertation-/summit_sim_git/devel/include/interbotix_xs_sdk/Reboot.h
Symlinking /home/bryan/dissertation/Dissertation-/summit_sim_git/devel/include/interbotix_xs_sdk/TorqueEnableResponse.h
Symlinking /home/bryan/dissertation/Dissertation-/summit_sim_git/devel/include/interbotix_xs_sdk/MotorGainsRequest.h
Symlinking /home/bryan/dissertation/Dissertation-/summit_sim_git/devel/include/interbotix_xs_sdk/JointTrajectoryCommand.h
Symlinking /home/bryan/dissertation/Dissertation-/summit_sim_git/devel/include/interbotix_xs_sdk/RobotInfo.h
Symlinking /home/bryan/dissertation/Dissertation-/summit_sim_git/devel/include/interbotix_xs_sdk/JointSingleCommand.h
Symlinking /home/bryan/dissertation/Dissertation-/summit_sim_git/devel/include/interbotix_xs_sdk/RebootRequest.h
Symlinking /home/bryan/dissertation/Dissertation-/summit_sim_git/devel/include/interbotix_xs_sdk/MotorGains.h
Symlinking /home/bryan/dissertation/Dissertation-/summit_sim_git/devel/lib/libinterbotix_xs_sdk.so
Symlinking /home/bryan/dissertation/Dissertation-/summit_sim_git/devel/lib/python3/dist-packages/interbotix_xs_sdk/__init__.py
Symlinking /home/bryan/dissertation/Dissertation-/summit_sim_git/devel/lib/python3/dist-packages/interbotix_xs_sdk/msg/_JointSingleCommand.py
Symlinking /home/bryan/dissertation/Dissertation-/summit_sim_git/devel/lib/python3/dist-packages/interbotix_xs_sdk/msg/_JointGroupCommand.py
Symlinking /home/bryan/dissertation/Dissertation-/summit_sim_git/devel/lib/python3/dist-packages/interbotix_xs_sdk/msg/__init__.py
Symlinking /home/bryan/dissertation/Dissertation-/summit_sim_git/devel/lib/python3/dist-packages/interbotix_xs_sdk/msg/_JointTrajectoryCommand.py
Symlinking /home/bryan/dissertation/Dissertation-/summit_sim_git/devel/lib/python3/dist-packages/interbotix_xs_sdk/srv/_TorqueEnable.py
Symlinking /home/bryan/dissertation/Dissertation-/summit_sim_git/devel/lib/python3/dist-packages/interbotix_xs_sdk/srv/_RobotInfo.py
Symlinking /home/bryan/dissertation/Dissertation-/summit_sim_git/devel/lib/python3/dist-packages/interbotix_xs_sdk/srv/_RegisterValues.py
Symlinking /home/bryan/dissertation/Dissertation-/summit_sim_git/devel/lib/python3/dist-packages/interbotix_xs_sdk/srv/_Reboot.py
Symlinking /home/bryan/dissertation/Dissertation-/summit_sim_git/devel/lib/python3/dist-packages/interbotix_xs_sdk/srv/_OperatingModes.py
Symlinking /home/bryan/dissertation/Dissertation-/summit_sim_git/devel/lib/python3/dist-packages/interbotix_xs_sdk/srv/__init__.py
Symlinking /home/bryan/dissertation/Dissertation-/summit_sim_git/devel/lib/python3/dist-packages/interbotix_xs_sdk/srv/_MotorGains.py
Symlinking /home/bryan/dissertation/Dissertation-/summit_sim_git/devel/lib/interbotix_xs_sdk/xs_sdk
Symlinking /home/bryan/dissertation/Dissertation-/summit_sim_git/devel/lib/interbotix_xs_sdk/xs_sdk_sim
Symlinking /home/bryan/dissertation/Dissertation-/summit_sim_git/devel/lib/interbotix_xs_sdk/cmake.lock
Symlinking /home/bryan/dissertation/Dissertation-/summit_sim_git/devel/lib/pkgconfig/interbotix_xs_sdk.pc
Symlinking /home/bryan/dissertation/Dissertation-/summit_sim_git/devel/share/roseus/ros/interbotix_xs_sdk/manifest.l
Symlinking /home/bryan/dissertation/Dissertation-/summit_sim_git/devel/share/roseus/ros/interbotix_xs_sdk/msg/JointGroupCommand.l
Symlinking /home/bryan/dissertation/Dissertation-/summit_sim_git/devel/share/roseus/ros/interbotix_xs_sdk/msg/JointTrajectoryCommand.l
Symlinking /home/bryan/dissertation/Dissertation-/summit_sim_git/devel/share/roseus/ros/interbotix_xs_sdk/msg/JointSingleCommand.l
Symlinking /home/bryan/dissertation/Dissertation-/summit_sim_git/devel/share/roseus/ros/interbotix_xs_sdk/srv/RegisterValues.l
Symlinking /home/bryan/dissertation/Dissertation-/summit_sim_git/devel/share/roseus/ros/interbotix_xs_sdk/srv/OperatingModes.l
Symlinking /home/bryan/dissertation/Dissertation-/summit_sim_git/devel/share/roseus/ros/interbotix_xs_sdk/srv/TorqueEnable.l
Symlinking /home/bryan/dissertation/Dissertation-/summit_sim_git/devel/share/roseus/ros/interbotix_xs_sdk/srv/MotorGains.l
Symlinking /home/bryan/dissertation/Dissertation-/summit_sim_git/devel/share/roseus/ros/interbotix_xs_sdk/srv/RobotInfo.l
Symlinking /home/bryan/dissertation/Dissertation-/summit_sim_git/devel/share/roseus/ros/interbotix_xs_sdk/srv/Reboot.l
Symlinking /home/bryan/dissertation/Dissertation-/summit_sim_git/devel/share/gennodejs/ros/interbotix_xs_sdk/_index.js
Symlinking /home/bryan/dissertation/Dissertation-/summit_sim_git/devel/share/gennodejs/ros/interbotix_xs_sdk/msg/JointSingleCommand.js
Symlinking /home/bryan/dissertation/Dissertation-/summit_sim_git/devel/share/gennodejs/ros/interbotix_xs_sdk/msg/JointGroupCommand.js
Symlinking /home/bryan/dissertation/Dissertation-/summit_sim_git/devel/share/gennodejs/ros/interbotix_xs_sdk/msg/_index.js
Symlinking /home/bryan/dissertation/Dissertation-/summit_sim_git/devel/share/gennodejs/ros/interbotix_xs_sdk/msg/JointTrajectoryCommand.js
Symlinking /home/bryan/dissertation/Dissertation-/summit_sim_git/devel/share/gennodejs/ros/interbotix_xs_sdk/srv/Reboot.js
Symlinking /home/bryan/dissertation/Dissertation-/summit_sim_git/devel/share/gennodejs/ros/interbotix_xs_sdk/srv/OperatingModes.js
Symlinking /home/bryan/dissertation/Dissertation-/summit_sim_git/devel/share/gennodejs/ros/interbotix_xs_sdk/srv/RobotInfo.js
Symlinking /home/bryan/dissertation/Dissertation-/summit_sim_git/devel/share/gennodejs/ros/interbotix_xs_sdk/srv/MotorGains.js
Symlinking /home/bryan/dissertation/Dissertation-/summit_sim_git/devel/share/gennodejs/ros/interbotix_xs_sdk/srv/RegisterValues.js
Symlinking /home/bryan/dissertation/Dissertation-/summit_sim_git/devel/share/gennodejs/ros/interbotix_xs_sdk/srv/_index.js
Symlinking /home/bryan/dissertation/Dissertation-/summit_sim_git/devel/share/gennodejs/ros/interbotix_xs_sdk/srv/TorqueEnable.js
Symlinking /home/bryan/dissertation/Dissertation-/summit_sim_git/devel/share/interbotix_xs_sdk/cmake/interbotix_xs_sdkConfig-version.cmake
Symlinking /home/bryan/dissertation/Dissertation-/summit_sim_git/devel/share/interbotix_xs_sdk/cmake/interbotix_xs_sdk-msg-extras.cmake
Symlinking /home/bryan/dissertation/Dissertation-/summit_sim_git/devel/share/interbotix_xs_sdk/cmake/interbotix_xs_sdk-msg-paths.cmake
Symlinking /home/bryan/dissertation/Dissertation-/summit_sim_git/devel/share/interbotix_xs_sdk/cmake/interbotix_xs_sdkConfig.cmake
Symlinking /home/bryan/dissertation/Dissertation-/summit_sim_git/devel/share/common-lisp/ros/interbotix_xs_sdk/msg/_package_JointGroupCommand.lisp
Symlinking /home/bryan/dissertation/Dissertation-/summit_sim_git/devel/share/common-lisp/ros/interbotix_xs_sdk/msg/_package.lisp
Symlinking /home/bryan/dissertation/Dissertation-/summit_sim_git/devel/share/common-lisp/ros/interbotix_xs_sdk/msg/_package_JointSingleCommand.lisp
Symlinking /home/bryan/dissertation/Dissertation-/summit_sim_git/devel/share/common-lisp/ros/interbotix_xs_sdk/msg/JointTrajectoryCommand.lisp
Symlinking /home/bryan/dissertation/Dissertation-/summit_sim_git/devel/share/common-lisp/ros/interbotix_xs_sdk/msg/JointSingleCommand.lisp
Symlinking /home/bryan/dissertation/Dissertation-/summit_sim_git/devel/share/common-lisp/ros/interbotix_xs_sdk/msg/interbotix_xs_sdk-msg.asd
Symlinking /home/bryan/dissertation/Dissertation-/summit_sim_git/devel/share/common-lisp/ros/interbotix_xs_sdk/msg/_package_JointTrajectoryCommand.lisp
Symlinking /home/bryan/dissertation/Dissertation-/summit_sim_git/devel/share/common-lisp/ros/interbotix_xs_sdk/msg/JointGroupCommand.lisp
Symlinking /home/bryan/dissertation/Dissertation-/summit_sim_git/devel/share/common-lisp/ros/interbotix_xs_sdk/srv/_package.lisp
Symlinking /home/bryan/dissertation/Dissertation-/summit_sim_git/devel/share/common-lisp/ros/interbotix_xs_sdk/srv/RobotInfo.lisp
Symlinking /home/bryan/dissertation/Dissertation-/summit_sim_git/devel/share/common-lisp/ros/interbotix_xs_sdk/srv/_package_RegisterValues.lisp
Symlinking /home/bryan/dissertation/Dissertation-/summit_sim_git/devel/share/common-lisp/ros/interbotix_xs_sdk/srv/Reboot.lisp
Symlinking /home/bryan/dissertation/Dissertation-/summit_sim_git/devel/share/common-lisp/ros/interbotix_xs_sdk/srv/OperatingModes.lisp
Symlinking /home/bryan/dissertation/Dissertation-/summit_sim_git/devel/share/common-lisp/ros/interbotix_xs_sdk/srv/_package_Reboot.lisp
Symlinking /home/bryan/dissertation/Dissertation-/summit_sim_git/devel/share/common-lisp/ros/interbotix_xs_sdk/srv/_package_TorqueEnable.lisp
Symlinking /home/bryan/dissertation/Dissertation-/summit_sim_git/devel/share/common-lisp/ros/interbotix_xs_sdk/srv/RegisterValues.lisp
Symlinking /home/bryan/dissertation/Dissertation-/summit_sim_git/devel/share/common-lisp/ros/interbotix_xs_sdk/srv/_package_RobotInfo.lisp
Symlinking /home/bryan/dissertation/Dissertation-/summit_sim_git/devel/share/common-lisp/ros/interbotix_xs_sdk/srv/_package_MotorGains.lisp
Symlinking /home/bryan/dissertation/Dissertation-/summit_sim_git/devel/share/common-lisp/ros/interbotix_xs_sdk/srv/MotorGains.lisp
Symlinking /home/bryan/dissertation/Dissertation-/summit_sim_git/devel/share/common-lisp/ros/interbotix_xs_sdk/srv/_package_OperatingModes.lisp
Symlinking /home/bryan/dissertation/Dissertation-/summit_sim_git/devel/share/common-lisp/ros/interbotix_xs_sdk/srv/interbotix_xs_sdk-srv.asd
Symlinking /home/bryan/dissertation/Dissertation-/summit_sim_git/devel/share/common-lisp/ros/interbotix_xs_sdk/srv/TorqueEnable.lisp
Cleaning: (/home/bryan/dissertation/summit_sim_git/devel/.private/interbotix_xs_sdk/cmake.lock, /home/bryan/dissertation/summit_sim_git/devel/./cmake.lock)
Cleaning: (/home/bryan/dissertation/summit_sim_git/devel/.private/interbotix_xs_sdk/include/interbotix_xs_sdk/MotorGainsResponse.h, /home/bryan/dissertation/summit_sim_git/devel/include/interbotix_xs_sdk/MotorGainsResponse.h)
Cleaning: (/home/bryan/dissertation/summit_sim_git/devel/.private/interbotix_xs_sdk/include/interbotix_xs_sdk/RobotInfoRequest.h, /home/bryan/dissertation/summit_sim_git/devel/include/interbotix_xs_sdk/RobotInfoRequest.h)
Cleaning: (/home/bryan/dissertation/summit_sim_git/devel/.private/interbotix_xs_sdk/include/interbotix_xs_sdk/RegisterValuesResponse.h, /home/bryan/dissertation/summit_sim_git/devel/include/interbotix_xs_sdk/RegisterValuesResponse.h)
Cleaning: (/home/bryan/dissertation/summit_sim_git/devel/.private/interbotix_xs_sdk/include/interbotix_xs_sdk/OperatingModesResponse.h, /home/bryan/dissertation/summit_sim_git/devel/include/interbotix_xs_sdk/OperatingModesResponse.h)
Cleaning: (/home/bryan/dissertation/summit_sim_git/devel/.private/interbotix_xs_sdk/include/interbotix_xs_sdk/RobotInfoResponse.h, /home/bryan/dissertation/summit_sim_git/devel/include/interbotix_xs_sdk/RobotInfoResponse.h)
Cleaning: (/home/bryan/dissertation/summit_sim_git/devel/.private/interbotix_xs_sdk/include/interbotix_xs_sdk/OperatingModes.h, /home/bryan/dissertation/summit_sim_git/devel/include/interbotix_xs_sdk/OperatingModes.h)
Cleaning: (/home/bryan/dissertation/summit_sim_git/devel/.private/interbotix_xs_sdk/include/interbotix_xs_sdk/RegisterValues.h, /home/bryan/dissertation/summit_sim_git/devel/include/interbotix_xs_sdk/RegisterValues.h)
Cleaning: (/home/bryan/dissertation/summit_sim_git/devel/.private/interbotix_xs_sdk/include/interbotix_xs_sdk/JointGroupCommand.h, /home/bryan/dissertation/summit_sim_git/devel/include/interbotix_xs_sdk/JointGroupCommand.h)
Cleaning: (/home/bryan/dissertation/summit_sim_git/devel/.private/interbotix_xs_sdk/include/interbotix_xs_sdk/TorqueEnable.h, /home/bryan/dissertation/summit_sim_git/devel/include/interbotix_xs_sdk/TorqueEnable.h)
Cleaning: (/home/bryan/dissertation/summit_sim_git/devel/.private/interbotix_xs_sdk/include/interbotix_xs_sdk/RegisterValuesRequest.h, /home/bryan/dissertation/summit_sim_git/devel/include/interbotix_xs_sdk/RegisterValuesRequest.h)
Cleaning: (/home/bryan/dissertation/summit_sim_git/devel/.private/interbotix_xs_sdk/include/interbotix_xs_sdk/OperatingModesRequest.h, /home/bryan/dissertation/summit_sim_git/devel/include/interbotix_xs_sdk/OperatingModesRequest.h)
Cleaning: (/home/bryan/dissertation/summit_sim_git/devel/.private/interbotix_xs_sdk/include/interbotix_xs_sdk/RebootResponse.h, /home/bryan/dissertation/summit_sim_git/devel/include/interbotix_xs_sdk/RebootResponse.h)
Cleaning: (/home/bryan/dissertation/summit_sim_git/devel/.private/interbotix_xs_sdk/include/interbotix_xs_sdk/TorqueEnableRequest.h, /home/bryan/dissertation/summit_sim_git/devel/include/interbotix_xs_sdk/TorqueEnableRequest.h)
Cleaning: (/home/bryan/dissertation/summit_sim_git/devel/.private/interbotix_xs_sdk/include/interbotix_xs_sdk/Reboot.h, /home/bryan/dissertation/summit_sim_git/devel/include/interbotix_xs_sdk/Reboot.h)
Cleaning: (/home/bryan/dissertation/summit_sim_git/devel/.private/interbotix_xs_sdk/include/interbotix_xs_sdk/TorqueEnableResponse.h, /home/bryan/dissertation/summit_sim_git/devel/include/interbotix_xs_sdk/TorqueEnableResponse.h)
Cleaning: (/home/bryan/dissertation/summit_sim_git/devel/.private/interbotix_xs_sdk/include/interbotix_xs_sdk/MotorGainsRequest.h, /home/bryan/dissertation/summit_sim_git/devel/include/interbotix_xs_sdk/MotorGainsRequest.h)
Cleaning: (/home/bryan/dissertation/summit_sim_git/devel/.private/interbotix_xs_sdk/include/interbotix_xs_sdk/JointTrajectoryCommand.h, /home/bryan/dissertation/summit_sim_git/devel/include/interbotix_xs_sdk/JointTrajectoryCommand.h)
Cleaning: (/home/bryan/dissertation/summit_sim_git/devel/.private/interbotix_xs_sdk/include/interbotix_xs_sdk/RobotInfo.h, /home/bryan/dissertation/summit_sim_git/devel/include/interbotix_xs_sdk/RobotInfo.h)
Cleaning: (/home/bryan/dissertation/summit_sim_git/devel/.private/interbotix_xs_sdk/include/interbotix_xs_sdk/JointSingleCommand.h, /home/bryan/dissertation/summit_sim_git/devel/include/interbotix_xs_sdk/JointSingleCommand.h)
Cleaning: (/home/bryan/dissertation/summit_sim_git/devel/.private/interbotix_xs_sdk/include/interbotix_xs_sdk/RebootRequest.h, /home/bryan/dissertation/summit_sim_git/devel/include/interbotix_xs_sdk/RebootRequest.h)
Cleaning: (/home/bryan/dissertation/summit_sim_git/devel/.private/interbotix_xs_sdk/include/interbotix_xs_sdk/MotorGains.h, /home/bryan/dissertation/summit_sim_git/devel/include/interbotix_xs_sdk/MotorGains.h)
Cleaning: (/home/bryan/dissertation/summit_sim_git/devel/.private/interbotix_xs_sdk/lib/libinterbotix_xs_sdk.so, /home/bryan/dissertation/summit_sim_git/devel/lib/libinterbotix_xs_sdk.so)
Cleaning: (/home/bryan/dissertation/summit_sim_git/devel/.private/interbotix_xs_sdk/lib/python3/dist-packages/interbotix_xs_sdk/__init__.py, /home/bryan/dissertation/summit_sim_git/devel/lib/python3/dist-packages/interbotix_xs_sdk/__init__.py)
Cleaning: (/home/bryan/dissertation/summit_sim_git/devel/.private/interbotix_xs_sdk/lib/python3/dist-packages/interbotix_xs_sdk/msg/_JointSingleCommand.py, /home/bryan/dissertation/summit_sim_git/devel/lib/python3/dist-packages/interbotix_xs_sdk/msg/_JointSingleCommand.py)
Cleaning: (/home/bryan/dissertation/summit_sim_git/devel/.private/interbotix_xs_sdk/lib/python3/dist-packages/interbotix_xs_sdk/msg/_JointGroupCommand.py, /home/bryan/dissertation/summit_sim_git/devel/lib/python3/dist-packages/interbotix_xs_sdk/msg/_JointGroupCommand.py)
Cleaning: (/home/bryan/dissertation/summit_sim_git/devel/.private/interbotix_xs_sdk/lib/python3/dist-packages/interbotix_xs_sdk/msg/__init__.py, /home/bryan/dissertation/summit_sim_git/devel/lib/python3/dist-packages/interbotix_xs_sdk/msg/__init__.py)
Cleaning: (/home/bryan/dissertation/summit_sim_git/devel/.private/interbotix_xs_sdk/lib/python3/dist-packages/interbotix_xs_sdk/msg/_JointTrajectoryCommand.py, /home/bryan/dissertation/summit_sim_git/devel/lib/python3/dist-packages/interbotix_xs_sdk/msg/_JointTrajectoryCommand.py)
Cleaning: (/home/bryan/dissertation/summit_sim_git/devel/.private/interbotix_xs_sdk/lib/python3/dist-packages/interbotix_xs_sdk/srv/_TorqueEnable.py, /home/bryan/dissertation/summit_sim_git/devel/lib/python3/dist-packages/interbotix_xs_sdk/srv/_TorqueEnable.py)
Cleaning: (/home/bryan/dissertation/summit_sim_git/devel/.private/interbotix_xs_sdk/lib/python3/dist-packages/interbotix_xs_sdk/srv/_RobotInfo.py, /home/bryan/dissertation/summit_sim_git/devel/lib/python3/dist-packages/interbotix_xs_sdk/srv/_RobotInfo.py)
Cleaning: (/home/bryan/dissertation/summit_sim_git/devel/.private/interbotix_xs_sdk/lib/python3/dist-packages/interbotix_xs_sdk/srv/_RegisterValues.py, /home/bryan/dissertation/summit_sim_git/devel/lib/python3/dist-packages/interbotix_xs_sdk/srv/_RegisterValues.py)
Cleaning: (/home/bryan/dissertation/summit_sim_git/devel/.private/interbotix_xs_sdk/lib/python3/dist-packages/interbotix_xs_sdk/srv/_Reboot.py, /home/bryan/dissertation/summit_sim_git/devel/lib/python3/dist-packages/interbotix_xs_sdk/srv/_Reboot.py)
Cleaning: (/home/bryan/dissertation/summit_sim_git/devel/.private/interbotix_xs_sdk/lib/python3/dist-packages/interbotix_xs_sdk/srv/_OperatingModes.py, /home/bryan/dissertation/summit_sim_git/devel/lib/python3/dist-packages/interbotix_xs_sdk/srv/_OperatingModes.py)
Cleaning: (/home/bryan/dissertation/summit_sim_git/devel/.private/interbotix_xs_sdk/lib/python3/dist-packages/interbotix_xs_sdk/srv/__init__.py, /home/bryan/dissertation/summit_sim_git/devel/lib/python3/dist-packages/interbotix_xs_sdk/srv/__init__.py)
Cleaning: (/home/bryan/dissertation/summit_sim_git/devel/.private/interbotix_xs_sdk/lib/python3/dist-packages/interbotix_xs_sdk/srv/_MotorGains.py, /home/bryan/dissertation/summit_sim_git/devel/lib/python3/dist-packages/interbotix_xs_sdk/srv/_MotorGains.py)
Cleaning: (/home/bryan/dissertation/summit_sim_git/devel/.private/interbotix_xs_sdk/lib/interbotix_xs_sdk/xs_sdk, /home/bryan/dissertation/summit_sim_git/devel/lib/interbotix_xs_sdk/xs_sdk)
Cleaning: (/home/bryan/dissertation/summit_sim_git/devel/.private/interbotix_xs_sdk/lib/interbotix_xs_sdk/xs_sdk_sim, /home/bryan/dissertation/summit_sim_git/devel/lib/interbotix_xs_sdk/xs_sdk_sim)
Cleaning: (/home/bryan/dissertation/summit_sim_git/devel/.private/interbotix_xs_sdk/lib/interbotix_xs_sdk/cmake.lock, /home/bryan/dissertation/summit_sim_git/devel/lib/interbotix_xs_sdk/cmake.lock)
Cleaning: (/home/bryan/dissertation/summit_sim_git/devel/.private/interbotix_xs_sdk/lib/pkgconfig/interbotix_xs_sdk.pc, /home/bryan/dissertation/summit_sim_git/devel/lib/pkgconfig/interbotix_xs_sdk.pc)
Cleaning: (/home/bryan/dissertation/summit_sim_git/devel/.private/interbotix_xs_sdk/share/roseus/ros/interbotix_xs_sdk/manifest.l, /home/bryan/dissertation/summit_sim_git/devel/share/roseus/ros/interbotix_xs_sdk/manifest.l)
Cleaning: (/home/bryan/dissertation/summit_sim_git/devel/.private/interbotix_xs_sdk/share/roseus/ros/interbotix_xs_sdk/msg/JointGroupCommand.l, /home/bryan/dissertation/summit_sim_git/devel/share/roseus/ros/interbotix_xs_sdk/msg/JointGroupCommand.l)
Cleaning: (/home/bryan/dissertation/summit_sim_git/devel/.private/interbotix_xs_sdk/share/roseus/ros/interbotix_xs_sdk/msg/JointTrajectoryCommand.l, /home/bryan/dissertation/summit_sim_git/devel/share/roseus/ros/interbotix_xs_sdk/msg/JointTrajectoryCommand.l)
Cleaning: (/home/bryan/dissertation/summit_sim_git/devel/.private/interbotix_xs_sdk/share/roseus/ros/interbotix_xs_sdk/msg/JointSingleCommand.l, /home/bryan/dissertation/summit_sim_git/devel/share/roseus/ros/interbotix_xs_sdk/msg/JointSingleCommand.l)
Cleaning: (/home/bryan/dissertation/summit_sim_git/devel/.private/interbotix_xs_sdk/share/roseus/ros/interbotix_xs_sdk/srv/RegisterValues.l, /home/bryan/dissertation/summit_sim_git/devel/share/roseus/ros/interbotix_xs_sdk/srv/RegisterValues.l)
Cleaning: (/home/bryan/dissertation/summit_sim_git/devel/.private/interbotix_xs_sdk/share/roseus/ros/interbotix_xs_sdk/srv/OperatingModes.l, /home/bryan/dissertation/summit_sim_git/devel/share/roseus/ros/interbotix_xs_sdk/srv/OperatingModes.l)
Cleaning: (/home/bryan/dissertation/summit_sim_git/devel/.private/interbotix_xs_sdk/share/roseus/ros/interbotix_xs_sdk/srv/TorqueEnable.l, /home/bryan/dissertation/summit_sim_git/devel/share/roseus/ros/interbotix_xs_sdk/srv/TorqueEnable.l)
Cleaning: (/home/bryan/dissertation/summit_sim_git/devel/.private/interbotix_xs_sdk/share/roseus/ros/interbotix_xs_sdk/srv/MotorGains.l, /home/bryan/dissertation/summit_sim_git/devel/share/roseus/ros/interbotix_xs_sdk/srv/MotorGains.l)
Cleaning: (/home/bryan/dissertation/summit_sim_git/devel/.private/interbotix_xs_sdk/share/roseus/ros/interbotix_xs_sdk/srv/RobotInfo.l, /home/bryan/dissertation/summit_sim_git/devel/share/roseus/ros/interbotix_xs_sdk/srv/RobotInfo.l)
Cleaning: (/home/bryan/dissertation/summit_sim_git/devel/.private/interbotix_xs_sdk/share/roseus/ros/interbotix_xs_sdk/srv/Reboot.l, /home/bryan/dissertation/summit_sim_git/devel/share/roseus/ros/interbotix_xs_sdk/srv/Reboot.l)
Cleaning: (/home/bryan/dissertation/summit_sim_git/devel/.private/interbotix_xs_sdk/share/gennodejs/ros/interbotix_xs_sdk/_index.js, /home/bryan/dissertation/summit_sim_git/devel/share/gennodejs/ros/interbotix_xs_sdk/_index.js)
Cleaning: (/home/bryan/dissertation/summit_sim_git/devel/.private/interbotix_xs_sdk/share/gennodejs/ros/interbotix_xs_sdk/msg/JointSingleCommand.js, /home/bryan/dissertation/summit_sim_git/devel/share/gennodejs/ros/interbotix_xs_sdk/msg/JointSingleCommand.js)
Cleaning: (/home/bryan/dissertation/summit_sim_git/devel/.private/interbotix_xs_sdk/share/gennodejs/ros/interbotix_xs_sdk/msg/JointGroupCommand.js, /home/bryan/dissertation/summit_sim_git/devel/share/gennodejs/ros/interbotix_xs_sdk/msg/JointGroupCommand.js)
Cleaning: (/home/bryan/dissertation/summit_sim_git/devel/.private/interbotix_xs_sdk/share/gennodejs/ros/interbotix_xs_sdk/msg/_index.js, /home/bryan/dissertation/summit_sim_git/devel/share/gennodejs/ros/interbotix_xs_sdk/msg/_index.js)
Cleaning: (/home/bryan/dissertation/summit_sim_git/devel/.private/interbotix_xs_sdk/share/gennodejs/ros/interbotix_xs_sdk/msg/JointTrajectoryCommand.js, /home/bryan/dissertation/summit_sim_git/devel/share/gennodejs/ros/interbotix_xs_sdk/msg/JointTrajectoryCommand.js)
Cleaning: (/home/bryan/dissertation/summit_sim_git/devel/.private/interbotix_xs_sdk/share/gennodejs/ros/interbotix_xs_sdk/srv/Reboot.js, /home/bryan/dissertation/summit_sim_git/devel/share/gennodejs/ros/interbotix_xs_sdk/srv/Reboot.js)
Cleaning: (/home/bryan/dissertation/summit_sim_git/devel/.private/interbotix_xs_sdk/share/gennodejs/ros/interbotix_xs_sdk/srv/OperatingModes.js, /home/bryan/dissertation/summit_sim_git/devel/share/gennodejs/ros/interbotix_xs_sdk/srv/OperatingModes.js)
Cleaning: (/home/bryan/dissertation/summit_sim_git/devel/.private/interbotix_xs_sdk/share/gennodejs/ros/interbotix_xs_sdk/srv/RobotInfo.js, /home/bryan/dissertation/summit_sim_git/devel/share/gennodejs/ros/interbotix_xs_sdk/srv/RobotInfo.js)
Cleaning: (/home/bryan/dissertation/summit_sim_git/devel/.private/interbotix_xs_sdk/share/gennodejs/ros/interbotix_xs_sdk/srv/MotorGains.js, /home/bryan/dissertation/summit_sim_git/devel/share/gennodejs/ros/interbotix_xs_sdk/srv/MotorGains.js)
Cleaning: (/home/bryan/dissertation/summit_sim_git/devel/.private/interbotix_xs_sdk/share/gennodejs/ros/interbotix_xs_sdk/srv/RegisterValues.js, /home/bryan/dissertation/summit_sim_git/devel/share/gennodejs/ros/interbotix_xs_sdk/srv/RegisterValues.js)
Cleaning: (/home/bryan/dissertation/summit_sim_git/devel/.private/interbotix_xs_sdk/share/gennodejs/ros/interbotix_xs_sdk/srv/_index.js, /home/bryan/dissertation/summit_sim_git/devel/share/gennodejs/ros/interbotix_xs_sdk/srv/_index.js)
Cleaning: (/home/bryan/dissertation/summit_sim_git/devel/.private/interbotix_xs_sdk/share/gennodejs/ros/interbotix_xs_sdk/srv/TorqueEnable.js, /home/bryan/dissertation/summit_sim_git/devel/share/gennodejs/ros/interbotix_xs_sdk/srv/TorqueEnable.js)
Cleaning: (/home/bryan/dissertation/summit_sim_git/devel/.private/interbotix_xs_sdk/share/interbotix_xs_sdk/cmake/interbotix_xs_sdkConfig-version.cmake, /home/bryan/dissertation/summit_sim_git/devel/share/interbotix_xs_sdk/cmake/interbotix_xs_sdkConfig-version.cmake)
Cleaning: (/home/bryan/dissertation/summit_sim_git/devel/.private/interbotix_xs_sdk/share/interbotix_xs_sdk/cmake/interbotix_xs_sdk-msg-extras.cmake, /home/bryan/dissertation/summit_sim_git/devel/share/interbotix_xs_sdk/cmake/interbotix_xs_sdk-msg-extras.cmake)
Cleaning: (/home/bryan/dissertation/summit_sim_git/devel/.private/interbotix_xs_sdk/share/interbotix_xs_sdk/cmake/interbotix_xs_sdk-msg-paths.cmake, /home/bryan/dissertation/summit_sim_git/devel/share/interbotix_xs_sdk/cmake/interbotix_xs_sdk-msg-paths.cmake)
Cleaning: (/home/bryan/dissertation/summit_sim_git/devel/.private/interbotix_xs_sdk/share/interbotix_xs_sdk/cmake/interbotix_xs_sdkConfig.cmake, /home/bryan/dissertation/summit_sim_git/devel/share/interbotix_xs_sdk/cmake/interbotix_xs_sdkConfig.cmake)
Cleaning: (/home/bryan/dissertation/summit_sim_git/devel/.private/interbotix_xs_sdk/share/common-lisp/ros/interbotix_xs_sdk/msg/_package_JointGroupCommand.lisp, /home/bryan/dissertation/summit_sim_git/devel/share/common-lisp/ros/interbotix_xs_sdk/msg/_package_JointGroupCommand.lisp)
Cleaning: (/home/bryan/dissertation/summit_sim_git/devel/.private/interbotix_xs_sdk/share/common-lisp/ros/interbotix_xs_sdk/msg/_package.lisp, /home/bryan/dissertation/summit_sim_git/devel/share/common-lisp/ros/interbotix_xs_sdk/msg/_package.lisp)
Cleaning: (/home/bryan/dissertation/summit_sim_git/devel/.private/interbotix_xs_sdk/share/common-lisp/ros/interbotix_xs_sdk/msg/_package_JointSingleCommand.lisp, /home/bryan/dissertation/summit_sim_git/devel/share/common-lisp/ros/interbotix_xs_sdk/msg/_package_JointSingleCommand.lisp)
Cleaning: (/home/bryan/dissertation/summit_sim_git/devel/.private/interbotix_xs_sdk/share/common-lisp/ros/interbotix_xs_sdk/msg/JointTrajectoryCommand.lisp, /home/bryan/dissertation/summit_sim_git/devel/share/common-lisp/ros/interbotix_xs_sdk/msg/JointTrajectoryCommand.lisp)
Cleaning: (/home/bryan/dissertation/summit_sim_git/devel/.private/interbotix_xs_sdk/share/common-lisp/ros/interbotix_xs_sdk/msg/JointSingleCommand.lisp, /home/bryan/dissertation/summit_sim_git/devel/share/common-lisp/ros/interbotix_xs_sdk/msg/JointSingleCommand.lisp)
Cleaning: (/home/bryan/dissertation/summit_sim_git/devel/.private/interbotix_xs_sdk/share/common-lisp/ros/interbotix_xs_sdk/msg/interbotix_xs_sdk-msg.asd, /home/bryan/dissertation/summit_sim_git/devel/share/common-lisp/ros/interbotix_xs_sdk/msg/interbotix_xs_sdk-msg.asd)
Cleaning: (/home/bryan/dissertation/summit_sim_git/devel/.private/interbotix_xs_sdk/share/common-lisp/ros/interbotix_xs_sdk/msg/_package_JointTrajectoryCommand.lisp, /home/bryan/dissertation/summit_sim_git/devel/share/common-lisp/ros/interbotix_xs_sdk/msg/_package_JointTrajectoryCommand.lisp)
Cleaning: (/home/bryan/dissertation/summit_sim_git/devel/.private/interbotix_xs_sdk/share/common-lisp/ros/interbotix_xs_sdk/msg/JointGroupCommand.lisp, /home/bryan/dissertation/summit_sim_git/devel/share/common-lisp/ros/interbotix_xs_sdk/msg/JointGroupCommand.lisp)
Cleaning: (/home/bryan/dissertation/summit_sim_git/devel/.private/interbotix_xs_sdk/share/common-lisp/ros/interbotix_xs_sdk/srv/_package.lisp, /home/bryan/dissertation/summit_sim_git/devel/share/common-lisp/ros/interbotix_xs_sdk/srv/_package.lisp)
Cleaning: (/home/bryan/dissertation/summit_sim_git/devel/.private/interbotix_xs_sdk/share/common-lisp/ros/interbotix_xs_sdk/srv/RobotInfo.lisp, /home/bryan/dissertation/summit_sim_git/devel/share/common-lisp/ros/interbotix_xs_sdk/srv/RobotInfo.lisp)
Cleaning: (/home/bryan/dissertation/summit_sim_git/devel/.private/interbotix_xs_sdk/share/common-lisp/ros/interbotix_xs_sdk/srv/_package_RegisterValues.lisp, /home/bryan/dissertation/summit_sim_git/devel/share/common-lisp/ros/interbotix_xs_sdk/srv/_package_RegisterValues.lisp)
Cleaning: (/home/bryan/dissertation/summit_sim_git/devel/.private/interbotix_xs_sdk/share/common-lisp/ros/interbotix_xs_sdk/srv/Reboot.lisp, /home/bryan/dissertation/summit_sim_git/devel/share/common-lisp/ros/interbotix_xs_sdk/srv/Reboot.lisp)
Cleaning: (/home/bryan/dissertation/summit_sim_git/devel/.private/interbotix_xs_sdk/share/common-lisp/ros/interbotix_xs_sdk/srv/OperatingModes.lisp, /home/bryan/dissertation/summit_sim_git/devel/share/common-lisp/ros/interbotix_xs_sdk/srv/OperatingModes.lisp)
Cleaning: (/home/bryan/dissertation/summit_sim_git/devel/.private/interbotix_xs_sdk/share/common-lisp/ros/interbotix_xs_sdk/srv/_package_Reboot.lisp, /home/bryan/dissertation/summit_sim_git/devel/share/common-lisp/ros/interbotix_xs_sdk/srv/_package_Reboot.lisp)
Cleaning: (/home/bryan/dissertation/summit_sim_git/devel/.private/interbotix_xs_sdk/share/common-lisp/ros/interbotix_xs_sdk/srv/_package_TorqueEnable.lisp, /home/bryan/dissertation/summit_sim_git/devel/share/common-lisp/ros/interbotix_xs_sdk/srv/_package_TorqueEnable.lisp)
Cleaning: (/home/bryan/dissertation/summit_sim_git/devel/.private/interbotix_xs_sdk/share/common-lisp/ros/interbotix_xs_sdk/srv/RegisterValues.lisp, /home/bryan/dissertation/summit_sim_git/devel/share/common-lisp/ros/interbotix_xs_sdk/srv/RegisterValues.lisp)
Cleaning: (/home/bryan/dissertation/summit_sim_git/devel/.private/interbotix_xs_sdk/share/common-lisp/ros/interbotix_xs_sdk/srv/_package_RobotInfo.lisp, /home/bryan/dissertation/summit_sim_git/devel/share/common-lisp/ros/interbotix_xs_sdk/srv/_package_RobotInfo.lisp)
Cleaning: (/home/bryan/dissertation/summit_sim_git/devel/.private/interbotix_xs_sdk/share/common-lisp/ros/interbotix_xs_sdk/srv/_package_MotorGains.lisp, /home/bryan/dissertation/summit_sim_git/devel/share/common-lisp/ros/interbotix_xs_sdk/srv/_package_MotorGains.lisp)
Cleaning: (/home/bryan/dissertation/summit_sim_git/devel/.private/interbotix_xs_sdk/share/common-lisp/ros/interbotix_xs_sdk/srv/MotorGains.lisp, /home/bryan/dissertation/summit_sim_git/devel/share/common-lisp/ros/interbotix_xs_sdk/srv/MotorGains.lisp)
Cleaning: (/home/bryan/dissertation/summit_sim_git/devel/.private/interbotix_xs_sdk/share/common-lisp/ros/interbotix_xs_sdk/srv/_package_OperatingModes.lisp, /home/bryan/dissertation/summit_sim_git/devel/share/common-lisp/ros/interbotix_xs_sdk/srv/_package_OperatingModes.lisp)
Cleaning: (/home/bryan/dissertation/summit_sim_git/devel/.private/interbotix_xs_sdk/share/common-lisp/ros/interbotix_xs_sdk/srv/interbotix_xs_sdk-srv.asd, /home/bryan/dissertation/summit_sim_git/devel/share/common-lisp/ros/interbotix_xs_sdk/srv/interbotix_xs_sdk-srv.asd)
Cleaning: (/home/bryan/dissertation/summit_sim_git/devel/.private/interbotix_xs_sdk/share/common-lisp/ros/interbotix_xs_sdk/srv/TorqueEnable.lisp, /home/bryan/dissertation/summit_sim_git/devel/share/common-lisp/ros/interbotix_xs_sdk/srv/TorqueEnable.lisp)
Unlinking: /home/bryan/dissertation/summit_sim_git/devel/include/interbotix_xs_sdk/MotorGainsResponse.h
Already unlinked: {}
Unlinking: /home/bryan/dissertation/summit_sim_git/devel/include/interbotix_xs_sdk/RobotInfoRequest.h
Already unlinked: {}
Unlinking: /home/bryan/dissertation/summit_sim_git/devel/include/interbotix_xs_sdk/RegisterValuesResponse.h
Already unlinked: {}
Unlinking: /home/bryan/dissertation/summit_sim_git/devel/include/interbotix_xs_sdk/OperatingModesResponse.h
Already unlinked: {}
Unlinking: /home/bryan/dissertation/summit_sim_git/devel/include/interbotix_xs_sdk/RobotInfoResponse.h
Already unlinked: {}
Unlinking: /home/bryan/dissertation/summit_sim_git/devel/include/interbotix_xs_sdk/OperatingModes.h
Already unlinked: {}
Unlinking: /home/bryan/dissertation/summit_sim_git/devel/include/interbotix_xs_sdk/RegisterValues.h
Already unlinked: {}
Unlinking: /home/bryan/dissertation/summit_sim_git/devel/include/interbotix_xs_sdk/JointGroupCommand.h
Already unlinked: {}
Unlinking: /home/bryan/dissertation/summit_sim_git/devel/include/interbotix_xs_sdk/TorqueEnable.h
Already unlinked: {}
Unlinking: /home/bryan/dissertation/summit_sim_git/devel/include/interbotix_xs_sdk/RegisterValuesRequest.h
Already unlinked: {}
Unlinking: /home/bryan/dissertation/summit_sim_git/devel/include/interbotix_xs_sdk/OperatingModesRequest.h
Already unlinked: {}
Unlinking: /home/bryan/dissertation/summit_sim_git/devel/include/interbotix_xs_sdk/RebootResponse.h
Already unlinked: {}
Unlinking: /home/bryan/dissertation/summit_sim_git/devel/include/interbotix_xs_sdk/TorqueEnableRequest.h
Already unlinked: {}
Unlinking: /home/bryan/dissertation/summit_sim_git/devel/include/interbotix_xs_sdk/Reboot.h
Already unlinked: {}
Unlinking: /home/bryan/dissertation/summit_sim_git/devel/include/interbotix_xs_sdk/TorqueEnableResponse.h
Already unlinked: {}
Unlinking: /home/bryan/dissertation/summit_sim_git/devel/include/interbotix_xs_sdk/MotorGainsRequest.h
Already unlinked: {}
Unlinking: /home/bryan/dissertation/summit_sim_git/devel/include/interbotix_xs_sdk/JointTrajectoryCommand.h
Already unlinked: {}
Unlinking: /home/bryan/dissertation/summit_sim_git/devel/include/interbotix_xs_sdk/RobotInfo.h
Already unlinked: {}
Unlinking: /home/bryan/dissertation/summit_sim_git/devel/include/interbotix_xs_sdk/JointSingleCommand.h
Already unlinked: {}
Unlinking: /home/bryan/dissertation/summit_sim_git/devel/include/interbotix_xs_sdk/RebootRequest.h
Already unlinked: {}
Unlinking: /home/bryan/dissertation/summit_sim_git/devel/include/interbotix_xs_sdk/MotorGains.h
Already unlinked: {}
Unlinking: /home/bryan/dissertation/summit_sim_git/devel/lib/libinterbotix_xs_sdk.so
Already unlinked: {}
Unlinking: /home/bryan/dissertation/summit_sim_git/devel/lib/python3/dist-packages/interbotix_xs_sdk/__init__.py
Already unlinked: {}
Unlinking: /home/bryan/dissertation/summit_sim_git/devel/lib/python3/dist-packages/interbotix_xs_sdk/msg/_JointSingleCommand.py
Already unlinked: {}
Unlinking: /home/bryan/dissertation/summit_sim_git/devel/lib/python3/dist-packages/interbotix_xs_sdk/msg/_JointGroupCommand.py
Already unlinked: {}
Unlinking: /home/bryan/dissertation/summit_sim_git/devel/lib/python3/dist-packages/interbotix_xs_sdk/msg/__init__.py
Already unlinked: {}
Unlinking: /home/bryan/dissertation/summit_sim_git/devel/lib/python3/dist-packages/interbotix_xs_sdk/msg/_JointTrajectoryCommand.py
Already unlinked: {}
Unlinking: /home/bryan/dissertation/summit_sim_git/devel/lib/python3/dist-packages/interbotix_xs_sdk/srv/_TorqueEnable.py
Already unlinked: {}
Unlinking: /home/bryan/dissertation/summit_sim_git/devel/lib/python3/dist-packages/interbotix_xs_sdk/srv/_RobotInfo.py
Already unlinked: {}
Unlinking: /home/bryan/dissertation/summit_sim_git/devel/lib/python3/dist-packages/interbotix_xs_sdk/srv/_RegisterValues.py
Already unlinked: {}
Unlinking: /home/bryan/dissertation/summit_sim_git/devel/lib/python3/dist-packages/interbotix_xs_sdk/srv/_Reboot.py
Already unlinked: {}
Unlinking: /home/bryan/dissertation/summit_sim_git/devel/lib/python3/dist-packages/interbotix_xs_sdk/srv/_OperatingModes.py
Already unlinked: {}
Unlinking: /home/bryan/dissertation/summit_sim_git/devel/lib/python3/dist-packages/interbotix_xs_sdk/srv/__init__.py
Already unlinked: {}
Unlinking: /home/bryan/dissertation/summit_sim_git/devel/lib/python3/dist-packages/interbotix_xs_sdk/srv/_MotorGains.py
Already unlinked: {}
Unlinking: /home/bryan/dissertation/summit_sim_git/devel/lib/interbotix_xs_sdk/xs_sdk
Already unlinked: {}
Unlinking: /home/bryan/dissertation/summit_sim_git/devel/lib/interbotix_xs_sdk/xs_sdk_sim
Already unlinked: {}
Unlinking: /home/bryan/dissertation/summit_sim_git/devel/lib/interbotix_xs_sdk/cmake.lock
Already unlinked: {}
Unlinking: /home/bryan/dissertation/summit_sim_git/devel/lib/pkgconfig/interbotix_xs_sdk.pc
Already unlinked: {}
Unlinking: /home/bryan/dissertation/summit_sim_git/devel/share/roseus/ros/interbotix_xs_sdk/manifest.l
Already unlinked: {}
Unlinking: /home/bryan/dissertation/summit_sim_git/devel/share/roseus/ros/interbotix_xs_sdk/msg/JointGroupCommand.l
Already unlinked: {}
Unlinking: /home/bryan/dissertation/summit_sim_git/devel/share/roseus/ros/interbotix_xs_sdk/msg/JointTrajectoryCommand.l
Already unlinked: {}
Unlinking: /home/bryan/dissertation/summit_sim_git/devel/share/roseus/ros/interbotix_xs_sdk/msg/JointSingleCommand.l
Already unlinked: {}
Unlinking: /home/bryan/dissertation/summit_sim_git/devel/share/roseus/ros/interbotix_xs_sdk/srv/RegisterValues.l
Already unlinked: {}
Unlinking: /home/bryan/dissertation/summit_sim_git/devel/share/roseus/ros/interbotix_xs_sdk/srv/OperatingModes.l
Already unlinked: {}
Unlinking: /home/bryan/dissertation/summit_sim_git/devel/share/roseus/ros/interbotix_xs_sdk/srv/TorqueEnable.l
Already unlinked: {}
Unlinking: /home/bryan/dissertation/summit_sim_git/devel/share/roseus/ros/interbotix_xs_sdk/srv/MotorGains.l
Already unlinked: {}
Unlinking: /home/bryan/dissertation/summit_sim_git/devel/share/roseus/ros/interbotix_xs_sdk/srv/RobotInfo.l
Already unlinked: {}
Unlinking: /home/bryan/dissertation/summit_sim_git/devel/share/roseus/ros/interbotix_xs_sdk/srv/Reboot.l
Already unlinked: {}
Unlinking: /home/bryan/dissertation/summit_sim_git/devel/share/gennodejs/ros/interbotix_xs_sdk/_index.js
Already unlinked: {}
Unlinking: /home/bryan/dissertation/summit_sim_git/devel/share/gennodejs/ros/interbotix_xs_sdk/msg/JointSingleCommand.js
Already unlinked: {}
Unlinking: /home/bryan/dissertation/summit_sim_git/devel/share/gennodejs/ros/interbotix_xs_sdk/msg/JointGroupCommand.js
Already unlinked: {}
Unlinking: /home/bryan/dissertation/summit_sim_git/devel/share/gennodejs/ros/interbotix_xs_sdk/msg/_index.js
Already unlinked: {}
Unlinking: /home/bryan/dissertation/summit_sim_git/devel/share/gennodejs/ros/interbotix_xs_sdk/msg/JointTrajectoryCommand.js
Already unlinked: {}
Unlinking: /home/bryan/dissertation/summit_sim_git/devel/share/gennodejs/ros/interbotix_xs_sdk/srv/Reboot.js
Already unlinked: {}
Unlinking: /home/bryan/dissertation/summit_sim_git/devel/share/gennodejs/ros/interbotix_xs_sdk/srv/OperatingModes.js
Already unlinked: {}
Unlinking: /home/bryan/dissertation/summit_sim_git/devel/share/gennodejs/ros/interbotix_xs_sdk/srv/RobotInfo.js
Already unlinked: {}
Unlinking: /home/bryan/dissertation/summit_sim_git/devel/share/gennodejs/ros/interbotix_xs_sdk/srv/MotorGains.js
Already unlinked: {}
Unlinking: /home/bryan/dissertation/summit_sim_git/devel/share/gennodejs/ros/interbotix_xs_sdk/srv/RegisterValues.js
Already unlinked: {}
Unlinking: /home/bryan/dissertation/summit_sim_git/devel/share/gennodejs/ros/interbotix_xs_sdk/srv/_index.js
Already unlinked: {}
Unlinking: /home/bryan/dissertation/summit_sim_git/devel/share/gennodejs/ros/interbotix_xs_sdk/srv/TorqueEnable.js
Already unlinked: {}
Unlinking: /home/bryan/dissertation/summit_sim_git/devel/share/interbotix_xs_sdk/cmake/interbotix_xs_sdkConfig-version.cmake
Already unlinked: {}
Unlinking: /home/bryan/dissertation/summit_sim_git/devel/share/interbotix_xs_sdk/cmake/interbotix_xs_sdk-msg-extras.cmake
Already unlinked: {}
Unlinking: /home/bryan/dissertation/summit_sim_git/devel/share/interbotix_xs_sdk/cmake/interbotix_xs_sdk-msg-paths.cmake
Already unlinked: {}
Unlinking: /home/bryan/dissertation/summit_sim_git/devel/share/interbotix_xs_sdk/cmake/interbotix_xs_sdkConfig.cmake
Already unlinked: {}
Unlinking: /home/bryan/dissertation/summit_sim_git/devel/share/common-lisp/ros/interbotix_xs_sdk/msg/_package_JointGroupCommand.lisp
Already unlinked: {}
Unlinking: /home/bryan/dissertation/summit_sim_git/devel/share/common-lisp/ros/interbotix_xs_sdk/msg/_package.lisp
Already unlinked: {}
Unlinking: /home/bryan/dissertation/summit_sim_git/devel/share/common-lisp/ros/interbotix_xs_sdk/msg/_package_JointSingleCommand.lisp
Already unlinked: {}
Unlinking: /home/bryan/dissertation/summit_sim_git/devel/share/common-lisp/ros/interbotix_xs_sdk/msg/JointTrajectoryCommand.lisp
Already unlinked: {}
Unlinking: /home/bryan/dissertation/summit_sim_git/devel/share/common-lisp/ros/interbotix_xs_sdk/msg/JointSingleCommand.lisp
Already unlinked: {}
Unlinking: /home/bryan/dissertation/summit_sim_git/devel/share/common-lisp/ros/interbotix_xs_sdk/msg/interbotix_xs_sdk-msg.asd
Already unlinked: {}
Unlinking: /home/bryan/dissertation/summit_sim_git/devel/share/common-lisp/ros/interbotix_xs_sdk/msg/_package_JointTrajectoryCommand.lisp
Already unlinked: {}
Unlinking: /home/bryan/dissertation/summit_sim_git/devel/share/common-lisp/ros/interbotix_xs_sdk/msg/JointGroupCommand.lisp
Already unlinked: {}
Unlinking: /home/bryan/dissertation/summit_sim_git/devel/share/common-lisp/ros/interbotix_xs_sdk/srv/_package.lisp
Already unlinked: {}
Unlinking: /home/bryan/dissertation/summit_sim_git/devel/share/common-lisp/ros/interbotix_xs_sdk/srv/RobotInfo.lisp
Already unlinked: {}
Unlinking: /home/bryan/dissertation/summit_sim_git/devel/share/common-lisp/ros/interbotix_xs_sdk/srv/_package_RegisterValues.lisp
Already unlinked: {}
Unlinking: /home/bryan/dissertation/summit_sim_git/devel/share/common-lisp/ros/interbotix_xs_sdk/srv/Reboot.lisp
Already unlinked: {}
Unlinking: /home/bryan/dissertation/summit_sim_git/devel/share/common-lisp/ros/interbotix_xs_sdk/srv/OperatingModes.lisp
Already unlinked: {}
Unlinking: /home/bryan/dissertation/summit_sim_git/devel/share/common-lisp/ros/interbotix_xs_sdk/srv/_package_Reboot.lisp
Already unlinked: {}
Unlinking: /home/bryan/dissertation/summit_sim_git/devel/share/common-lisp/ros/interbotix_xs_sdk/srv/_package_TorqueEnable.lisp
Already unlinked: {}
Unlinking: /home/bryan/dissertation/summit_sim_git/devel/share/common-lisp/ros/interbotix_xs_sdk/srv/RegisterValues.lisp
Already unlinked: {}
Unlinking: /home/bryan/dissertation/summit_sim_git/devel/share/common-lisp/ros/interbotix_xs_sdk/srv/_package_RobotInfo.lisp
Already unlinked: {}
Unlinking: /home/bryan/dissertation/summit_sim_git/devel/share/common-lisp/ros/interbotix_xs_sdk/srv/_package_MotorGains.lisp
Already unlinked: {}
Unlinking: /home/bryan/dissertation/summit_sim_git/devel/share/common-lisp/ros/interbotix_xs_sdk/srv/MotorGains.lisp
Already unlinked: {}
Unlinking: /home/bryan/dissertation/summit_sim_git/devel/share/common-lisp/ros/interbotix_xs_sdk/srv/_package_OperatingModes.lisp
Already unlinked: {}
Unlinking: /home/bryan/dissertation/summit_sim_git/devel/share/common-lisp/ros/interbotix_xs_sdk/srv/interbotix_xs_sdk-srv.asd
Already unlinked: {}
Unlinking: /home/bryan/dissertation/summit_sim_git/devel/share/common-lisp/ros/interbotix_xs_sdk/srv/TorqueEnable.lisp
Already unlinked: {}
