Performing C SOURCE FILE Test CMAKE_HAVE_LIBC_PTHREAD failed with the following output:
Change Dir: /home/bryan/dissertation/Dissertation-/summit_sim_git/build/j2s6s300_ikfast/CMakeFiles/CMakeTmp

Run Build Command(s):/usr/bin/make cmTC_7858e/fast && /usr/bin/make -f CMakeFiles/cmTC_7858e.dir/build.make CMakeFiles/cmTC_7858e.dir/build
make[1]: Entering directory '/home/bryan/dissertation/Dissertation-/summit_sim_git/build/j2s6s300_ikfast/CMakeFiles/CMakeTmp'
Building C object CMakeFiles/cmTC_7858e.dir/src.c.o
/usr/bin/cc   -DCMAKE_HAVE_LIBC_PTHREAD   -o CMakeFiles/cmTC_7858e.dir/src.c.o   -c /home/bryan/dissertation/Dissertation-/summit_sim_git/build/j2s6s300_ikfast/CMakeFiles/CMakeTmp/src.c
Linking C executable cmTC_7858e
/usr/bin/cmake -E cmake_link_script CMakeFiles/cmTC_7858e.dir/link.txt --verbose=1
/usr/bin/cc  -DCMAKE_HAVE_LIBC_PTHREAD    -rdynamic CMakeFiles/cmTC_7858e.dir/src.c.o  -o cmTC_7858e 
/usr/bin/ld: CMakeFiles/cmTC_7858e.dir/src.c.o: in function `main':
src.c:(.text+0x46): undefined reference to `pthread_create'
/usr/bin/ld: src.c:(.text+0x52): undefined reference to `pthread_detach'
/usr/bin/ld: src.c:(.text+0x63): undefined reference to `pthread_join'
collect2: error: ld returned 1 exit status
make[1]: *** [CMakeFiles/cmTC_7858e.dir/build.make:87: cmTC_7858e] Error 1
make[1]: Leaving directory '/home/bryan/dissertation/Dissertation-/summit_sim_git/build/j2s6s300_ikfast/CMakeFiles/CMakeTmp'
make: *** [Makefile:121: cmTC_7858e/fast] Error 2


Source file was:
#include <pthread.h>

void* test_func(void* data)
{
  return data;
}

int main(void)
{
  pthread_t thread;
  pthread_create(&thread, NULL, test_func, NULL);
  pthread_detach(thread);
  pthread_join(thread, NULL);
  pthread_atfork(NULL, NULL, NULL);
  pthread_exit(NULL);

  return 0;
}

Determining if the function pthread_create exists in the pthreads failed with the following output:
Change Dir: /home/bryan/dissertation/Dissertation-/summit_sim_git/build/j2s6s300_ikfast/CMakeFiles/CMakeTmp

Run Build Command(s):/usr/bin/make cmTC_76d6c/fast && /usr/bin/make -f CMakeFiles/cmTC_76d6c.dir/build.make CMakeFiles/cmTC_76d6c.dir/build
make[1]: Entering directory '/home/bryan/dissertation/Dissertation-/summit_sim_git/build/j2s6s300_ikfast/CMakeFiles/CMakeTmp'
Building C object CMakeFiles/cmTC_76d6c.dir/CheckFunctionExists.c.o
/usr/bin/cc   -DCHECK_FUNCTION_EXISTS=pthread_create   -o CMakeFiles/cmTC_76d6c.dir/CheckFunctionExists.c.o   -c /usr/share/cmake-3.16/Modules/CheckFunctionExists.c
Linking C executable cmTC_76d6c
/usr/bin/cmake -E cmake_link_script CMakeFiles/cmTC_76d6c.dir/link.txt --verbose=1
/usr/bin/cc  -DCHECK_FUNCTION_EXISTS=pthread_create    -rdynamic CMakeFiles/cmTC_76d6c.dir/CheckFunctionExists.c.o  -o cmTC_76d6c  -lpthreads 
/usr/bin/ld: cannot find -lpthreads
collect2: error: ld returned 1 exit status
make[1]: *** [CMakeFiles/cmTC_76d6c.dir/build.make:87: cmTC_76d6c] Error 1
make[1]: Leaving directory '/home/bryan/dissertation/Dissertation-/summit_sim_git/build/j2s6s300_ikfast/CMakeFiles/CMakeTmp'
make: *** [Makefile:121: cmTC_76d6c/fast] Error 2



Determining if the function sgemm_ exists failed with the following output:
Change Dir: /home/bryan/dissertation/Dissertation-/summit_sim_git/build/j2s6s300_ikfast/CMakeFiles/CMakeTmp

Run Build Command(s):/usr/bin/make cmTC_d8dc5/fast && /usr/bin/make -f CMakeFiles/cmTC_d8dc5.dir/build.make CMakeFiles/cmTC_d8dc5.dir/build
make[1]: Entering directory '/home/bryan/dissertation/Dissertation-/summit_sim_git/build/j2s6s300_ikfast/CMakeFiles/CMakeTmp'
Building C object CMakeFiles/cmTC_d8dc5.dir/CheckFunctionExists.c.o
/usr/bin/cc   -DCHECK_FUNCTION_EXISTS=sgemm_   -o CMakeFiles/cmTC_d8dc5.dir/CheckFunctionExists.c.o   -c /usr/share/cmake-3.16/Modules/CheckFunctionExists.c
Linking C executable cmTC_d8dc5
/usr/bin/cmake -E cmake_link_script CMakeFiles/cmTC_d8dc5.dir/link.txt --verbose=1
/usr/bin/cc  -DCHECK_FUNCTION_EXISTS=sgemm_    -rdynamic CMakeFiles/cmTC_d8dc5.dir/CheckFunctionExists.c.o  -o cmTC_d8dc5 
/usr/bin/ld: CMakeFiles/cmTC_d8dc5.dir/CheckFunctionExists.c.o: in function `main':
CheckFunctionExists.c:(.text+0x14): undefined reference to `sgemm_'
collect2: error: ld returned 1 exit status
make[1]: *** [CMakeFiles/cmTC_d8dc5.dir/build.make:87: cmTC_d8dc5] Error 1
make[1]: Leaving directory '/home/bryan/dissertation/Dissertation-/summit_sim_git/build/j2s6s300_ikfast/CMakeFiles/CMakeTmp'
make: *** [Makefile:121: cmTC_d8dc5/fast] Error 2



Determining if the function cheev_ exists failed with the following output:
Change Dir: /home/bryan/dissertation/Dissertation-/summit_sim_git/build/j2s6s300_ikfast/CMakeFiles/CMakeTmp

Run Build Command(s):/usr/bin/make cmTC_540ea/fast && /usr/bin/make -f CMakeFiles/cmTC_540ea.dir/build.make CMakeFiles/cmTC_540ea.dir/build
make[1]: Entering directory '/home/bryan/dissertation/Dissertation-/summit_sim_git/build/j2s6s300_ikfast/CMakeFiles/CMakeTmp'
Building C object CMakeFiles/cmTC_540ea.dir/CheckFunctionExists.c.o
/usr/bin/cc   -DCHECK_FUNCTION_EXISTS=cheev_   -o CMakeFiles/cmTC_540ea.dir/CheckFunctionExists.c.o   -c /usr/share/cmake-3.16/Modules/CheckFunctionExists.c
Linking C executable cmTC_540ea
/usr/bin/cmake -E cmake_link_script CMakeFiles/cmTC_540ea.dir/link.txt --verbose=1
/usr/bin/cc  -DCHECK_FUNCTION_EXISTS=cheev_    -rdynamic CMakeFiles/cmTC_540ea.dir/CheckFunctionExists.c.o  -o cmTC_540ea  /usr/lib/x86_64-linux-gnu/libf77blas.so /usr/lib/x86_64-linux-gnu/libatlas.so 
/usr/bin/ld: CMakeFiles/cmTC_540ea.dir/CheckFunctionExists.c.o: in function `main':
CheckFunctionExists.c:(.text+0x14): undefined reference to `cheev_'
collect2: error: ld returned 1 exit status
make[1]: *** [CMakeFiles/cmTC_540ea.dir/build.make:89: cmTC_540ea] Error 1
make[1]: Leaving directory '/home/bryan/dissertation/Dissertation-/summit_sim_git/build/j2s6s300_ikfast/CMakeFiles/CMakeTmp'
make: *** [Makefile:121: cmTC_540ea/fast] Error 2



