Symlinking /home/bryan/dissertation/Dissertation-/summit_sim_git/devel/include/robotnik_pad_msgs/MovementStatus.h
Symlinking /home/bryan/dissertation/Dissertation-/summit_sim_git/devel/lib/python3/dist-packages/robotnik_pad_msgs/__init__.py
Symlinking /home/bryan/dissertation/Dissertation-/summit_sim_git/devel/lib/python3/dist-packages/robotnik_pad_msgs/msg/_MovementStatus.py
Symlinking /home/bryan/dissertation/Dissertation-/summit_sim_git/devel/lib/python3/dist-packages/robotnik_pad_msgs/msg/__init__.py
Symlinking /home/bryan/dissertation/Dissertation-/summit_sim_git/devel/lib/pkgconfig/robotnik_pad_msgs.pc
Symlinking /home/bryan/dissertation/Dissertation-/summit_sim_git/devel/share/roseus/ros/robotnik_pad_msgs/manifest.l
Symlinking /home/bryan/dissertation/Dissertation-/summit_sim_git/devel/share/roseus/ros/robotnik_pad_msgs/msg/MovementStatus.l
Symlinking /home/bryan/dissertation/Dissertation-/summit_sim_git/devel/share/gennodejs/ros/robotnik_pad_msgs/_index.js
Symlinking /home/bryan/dissertation/Dissertation-/summit_sim_git/devel/share/gennodejs/ros/robotnik_pad_msgs/msg/_index.js
Symlinking /home/bryan/dissertation/Dissertation-/summit_sim_git/devel/share/gennodejs/ros/robotnik_pad_msgs/msg/MovementStatus.js
Symlinking /home/bryan/dissertation/Dissertation-/summit_sim_git/devel/share/common-lisp/ros/robotnik_pad_msgs/msg/_package.lisp
Symlinking /home/bryan/dissertation/Dissertation-/summit_sim_git/devel/share/common-lisp/ros/robotnik_pad_msgs/msg/robotnik_pad_msgs-msg.asd
Symlinking /home/bryan/dissertation/Dissertation-/summit_sim_git/devel/share/common-lisp/ros/robotnik_pad_msgs/msg/_package_MovementStatus.lisp
Symlinking /home/bryan/dissertation/Dissertation-/summit_sim_git/devel/share/common-lisp/ros/robotnik_pad_msgs/msg/MovementStatus.lisp
Symlinking /home/bryan/dissertation/Dissertation-/summit_sim_git/devel/share/robotnik_pad_msgs/cmake/robotnik_pad_msgs-msg-paths.cmake
Symlinking /home/bryan/dissertation/Dissertation-/summit_sim_git/devel/share/robotnik_pad_msgs/cmake/robotnik_pad_msgsConfig.cmake
Symlinking /home/bryan/dissertation/Dissertation-/summit_sim_git/devel/share/robotnik_pad_msgs/cmake/robotnik_pad_msgsConfig-version.cmake
Symlinking /home/bryan/dissertation/Dissertation-/summit_sim_git/devel/share/robotnik_pad_msgs/cmake/robotnik_pad_msgs-msg-extras.cmake
Cleaning: (/home/bryan/dissertation/summit_sim_git/devel/.private/robotnik_pad_msgs/cmake.lock, /home/bryan/dissertation/summit_sim_git/devel/./cmake.lock)
Cleaning: (/home/bryan/dissertation/summit_sim_git/devel/.private/robotnik_pad_msgs/include/robotnik_pad_msgs/MovementStatus.h, /home/bryan/dissertation/summit_sim_git/devel/include/robotnik_pad_msgs/MovementStatus.h)
Cleaning: (/home/bryan/dissertation/summit_sim_git/devel/.private/robotnik_pad_msgs/lib/python3/dist-packages/robotnik_pad_msgs/__init__.py, /home/bryan/dissertation/summit_sim_git/devel/lib/python3/dist-packages/robotnik_pad_msgs/__init__.py)
Cleaning: (/home/bryan/dissertation/summit_sim_git/devel/.private/robotnik_pad_msgs/lib/python3/dist-packages/robotnik_pad_msgs/msg/_MovementStatus.py, /home/bryan/dissertation/summit_sim_git/devel/lib/python3/dist-packages/robotnik_pad_msgs/msg/_MovementStatus.py)
Cleaning: (/home/bryan/dissertation/summit_sim_git/devel/.private/robotnik_pad_msgs/lib/python3/dist-packages/robotnik_pad_msgs/msg/__init__.py, /home/bryan/dissertation/summit_sim_git/devel/lib/python3/dist-packages/robotnik_pad_msgs/msg/__init__.py)
Cleaning: (/home/bryan/dissertation/summit_sim_git/devel/.private/robotnik_pad_msgs/lib/pkgconfig/robotnik_pad_msgs.pc, /home/bryan/dissertation/summit_sim_git/devel/lib/pkgconfig/robotnik_pad_msgs.pc)
Cleaning: (/home/bryan/dissertation/summit_sim_git/devel/.private/robotnik_pad_msgs/share/roseus/ros/robotnik_pad_msgs/manifest.l, /home/bryan/dissertation/summit_sim_git/devel/share/roseus/ros/robotnik_pad_msgs/manifest.l)
Cleaning: (/home/bryan/dissertation/summit_sim_git/devel/.private/robotnik_pad_msgs/share/roseus/ros/robotnik_pad_msgs/msg/MovementStatus.l, /home/bryan/dissertation/summit_sim_git/devel/share/roseus/ros/robotnik_pad_msgs/msg/MovementStatus.l)
Cleaning: (/home/bryan/dissertation/summit_sim_git/devel/.private/robotnik_pad_msgs/share/gennodejs/ros/robotnik_pad_msgs/_index.js, /home/bryan/dissertation/summit_sim_git/devel/share/gennodejs/ros/robotnik_pad_msgs/_index.js)
Cleaning: (/home/bryan/dissertation/summit_sim_git/devel/.private/robotnik_pad_msgs/share/gennodejs/ros/robotnik_pad_msgs/msg/_index.js, /home/bryan/dissertation/summit_sim_git/devel/share/gennodejs/ros/robotnik_pad_msgs/msg/_index.js)
Cleaning: (/home/bryan/dissertation/summit_sim_git/devel/.private/robotnik_pad_msgs/share/gennodejs/ros/robotnik_pad_msgs/msg/MovementStatus.js, /home/bryan/dissertation/summit_sim_git/devel/share/gennodejs/ros/robotnik_pad_msgs/msg/MovementStatus.js)
Cleaning: (/home/bryan/dissertation/summit_sim_git/devel/.private/robotnik_pad_msgs/share/common-lisp/ros/robotnik_pad_msgs/msg/_package.lisp, /home/bryan/dissertation/summit_sim_git/devel/share/common-lisp/ros/robotnik_pad_msgs/msg/_package.lisp)
Cleaning: (/home/bryan/dissertation/summit_sim_git/devel/.private/robotnik_pad_msgs/share/common-lisp/ros/robotnik_pad_msgs/msg/robotnik_pad_msgs-msg.asd, /home/bryan/dissertation/summit_sim_git/devel/share/common-lisp/ros/robotnik_pad_msgs/msg/robotnik_pad_msgs-msg.asd)
Cleaning: (/home/bryan/dissertation/summit_sim_git/devel/.private/robotnik_pad_msgs/share/common-lisp/ros/robotnik_pad_msgs/msg/_package_MovementStatus.lisp, /home/bryan/dissertation/summit_sim_git/devel/share/common-lisp/ros/robotnik_pad_msgs/msg/_package_MovementStatus.lisp)
Cleaning: (/home/bryan/dissertation/summit_sim_git/devel/.private/robotnik_pad_msgs/share/common-lisp/ros/robotnik_pad_msgs/msg/MovementStatus.lisp, /home/bryan/dissertation/summit_sim_git/devel/share/common-lisp/ros/robotnik_pad_msgs/msg/MovementStatus.lisp)
Cleaning: (/home/bryan/dissertation/summit_sim_git/devel/.private/robotnik_pad_msgs/share/robotnik_pad_msgs/cmake/robotnik_pad_msgs-msg-paths.cmake, /home/bryan/dissertation/summit_sim_git/devel/share/robotnik_pad_msgs/cmake/robotnik_pad_msgs-msg-paths.cmake)
Cleaning: (/home/bryan/dissertation/summit_sim_git/devel/.private/robotnik_pad_msgs/share/robotnik_pad_msgs/cmake/robotnik_pad_msgsConfig.cmake, /home/bryan/dissertation/summit_sim_git/devel/share/robotnik_pad_msgs/cmake/robotnik_pad_msgsConfig.cmake)
Cleaning: (/home/bryan/dissertation/summit_sim_git/devel/.private/robotnik_pad_msgs/share/robotnik_pad_msgs/cmake/robotnik_pad_msgsConfig-version.cmake, /home/bryan/dissertation/summit_sim_git/devel/share/robotnik_pad_msgs/cmake/robotnik_pad_msgsConfig-version.cmake)
Cleaning: (/home/bryan/dissertation/summit_sim_git/devel/.private/robotnik_pad_msgs/share/robotnik_pad_msgs/cmake/robotnik_pad_msgs-msg-extras.cmake, /home/bryan/dissertation/summit_sim_git/devel/share/robotnik_pad_msgs/cmake/robotnik_pad_msgs-msg-extras.cmake)
Unlinking: /home/bryan/dissertation/summit_sim_git/devel/include/robotnik_pad_msgs/MovementStatus.h
Already unlinked: {}
Unlinking: /home/bryan/dissertation/summit_sim_git/devel/lib/python3/dist-packages/robotnik_pad_msgs/__init__.py
Already unlinked: {}
Unlinking: /home/bryan/dissertation/summit_sim_git/devel/lib/python3/dist-packages/robotnik_pad_msgs/msg/_MovementStatus.py
Already unlinked: {}
Unlinking: /home/bryan/dissertation/summit_sim_git/devel/lib/python3/dist-packages/robotnik_pad_msgs/msg/__init__.py
Already unlinked: {}
Unlinking: /home/bryan/dissertation/summit_sim_git/devel/lib/pkgconfig/robotnik_pad_msgs.pc
Already unlinked: {}
Unlinking: /home/bryan/dissertation/summit_sim_git/devel/share/roseus/ros/robotnik_pad_msgs/manifest.l
Already unlinked: {}
Unlinking: /home/bryan/dissertation/summit_sim_git/devel/share/roseus/ros/robotnik_pad_msgs/msg/MovementStatus.l
Already unlinked: {}
Unlinking: /home/bryan/dissertation/summit_sim_git/devel/share/gennodejs/ros/robotnik_pad_msgs/_index.js
Already unlinked: {}
Unlinking: /home/bryan/dissertation/summit_sim_git/devel/share/gennodejs/ros/robotnik_pad_msgs/msg/_index.js
Already unlinked: {}
Unlinking: /home/bryan/dissertation/summit_sim_git/devel/share/gennodejs/ros/robotnik_pad_msgs/msg/MovementStatus.js
Already unlinked: {}
Unlinking: /home/bryan/dissertation/summit_sim_git/devel/share/common-lisp/ros/robotnik_pad_msgs/msg/_package.lisp
Already unlinked: {}
Unlinking: /home/bryan/dissertation/summit_sim_git/devel/share/common-lisp/ros/robotnik_pad_msgs/msg/robotnik_pad_msgs-msg.asd
Already unlinked: {}
Unlinking: /home/bryan/dissertation/summit_sim_git/devel/share/common-lisp/ros/robotnik_pad_msgs/msg/_package_MovementStatus.lisp
Already unlinked: {}
Unlinking: /home/bryan/dissertation/summit_sim_git/devel/share/common-lisp/ros/robotnik_pad_msgs/msg/MovementStatus.lisp
Already unlinked: {}
Unlinking: /home/bryan/dissertation/summit_sim_git/devel/share/robotnik_pad_msgs/cmake/robotnik_pad_msgs-msg-paths.cmake
Already unlinked: {}
Unlinking: /home/bryan/dissertation/summit_sim_git/devel/share/robotnik_pad_msgs/cmake/robotnik_pad_msgsConfig.cmake
Already unlinked: {}
Unlinking: /home/bryan/dissertation/summit_sim_git/devel/share/robotnik_pad_msgs/cmake/robotnik_pad_msgsConfig-version.cmake
Already unlinked: {}
Unlinking: /home/bryan/dissertation/summit_sim_git/devel/share/robotnik_pad_msgs/cmake/robotnik_pad_msgs-msg-extras.cmake
Already unlinked: {}
