Symlinking /home/bryan/dissertation/Dissertation-/summit_sim_git/devel/include/interbotix_xsarm_joy/ArmJoy.h
Symlinking /home/bryan/dissertation/Dissertation-/summit_sim_git/devel/lib/python3/dist-packages/interbotix_xsarm_joy/__init__.py
Symlinking /home/bryan/dissertation/Dissertation-/summit_sim_git/devel/lib/python3/dist-packages/interbotix_xsarm_joy/msg/__init__.py
Symlinking /home/bryan/dissertation/Dissertation-/summit_sim_git/devel/lib/python3/dist-packages/interbotix_xsarm_joy/msg/_ArmJoy.py
Symlinking /home/bryan/dissertation/Dissertation-/summit_sim_git/devel/lib/interbotix_xsarm_joy/xsarm_joy
Symlinking /home/bryan/dissertation/Dissertation-/summit_sim_git/devel/lib/interbotix_xsarm_joy/xsarm_robot
Symlinking /home/bryan/dissertation/Dissertation-/summit_sim_git/devel/lib/interbotix_xsarm_joy/cmake.lock
Symlinking /home/bryan/dissertation/Dissertation-/summit_sim_git/devel/lib/pkgconfig/interbotix_xsarm_joy.pc
Symlinking /home/bryan/dissertation/Dissertation-/summit_sim_git/devel/share/roseus/ros/interbotix_xsarm_joy/manifest.l
Symlinking /home/bryan/dissertation/Dissertation-/summit_sim_git/devel/share/roseus/ros/interbotix_xsarm_joy/msg/ArmJoy.l
Symlinking /home/bryan/dissertation/Dissertation-/summit_sim_git/devel/share/interbotix_xsarm_joy/cmake/interbotix_xsarm_joyConfig.cmake
Symlinking /home/bryan/dissertation/Dissertation-/summit_sim_git/devel/share/interbotix_xsarm_joy/cmake/interbotix_xsarm_joy-msg-paths.cmake
Symlinking /home/bryan/dissertation/Dissertation-/summit_sim_git/devel/share/interbotix_xsarm_joy/cmake/interbotix_xsarm_joy-msg-extras.cmake
Symlinking /home/bryan/dissertation/Dissertation-/summit_sim_git/devel/share/interbotix_xsarm_joy/cmake/interbotix_xsarm_joyConfig-version.cmake
Symlinking /home/bryan/dissertation/Dissertation-/summit_sim_git/devel/share/gennodejs/ros/interbotix_xsarm_joy/_index.js
Symlinking /home/bryan/dissertation/Dissertation-/summit_sim_git/devel/share/gennodejs/ros/interbotix_xsarm_joy/msg/ArmJoy.js
Symlinking /home/bryan/dissertation/Dissertation-/summit_sim_git/devel/share/gennodejs/ros/interbotix_xsarm_joy/msg/_index.js
Symlinking /home/bryan/dissertation/Dissertation-/summit_sim_git/devel/share/common-lisp/ros/interbotix_xsarm_joy/msg/_package.lisp
Symlinking /home/bryan/dissertation/Dissertation-/summit_sim_git/devel/share/common-lisp/ros/interbotix_xsarm_joy/msg/_package_ArmJoy.lisp
Symlinking /home/bryan/dissertation/Dissertation-/summit_sim_git/devel/share/common-lisp/ros/interbotix_xsarm_joy/msg/ArmJoy.lisp
Symlinking /home/bryan/dissertation/Dissertation-/summit_sim_git/devel/share/common-lisp/ros/interbotix_xsarm_joy/msg/interbotix_xsarm_joy-msg.asd
Cleaning: (/home/bryan/dissertation/summit_sim_git/devel/.private/interbotix_xsarm_joy/cmake.lock, /home/bryan/dissertation/summit_sim_git/devel/./cmake.lock)
Cleaning: (/home/bryan/dissertation/summit_sim_git/devel/.private/interbotix_xsarm_joy/include/interbotix_xsarm_joy/ArmJoy.h, /home/bryan/dissertation/summit_sim_git/devel/include/interbotix_xsarm_joy/ArmJoy.h)
Cleaning: (/home/bryan/dissertation/summit_sim_git/devel/.private/interbotix_xsarm_joy/lib/python3/dist-packages/interbotix_xsarm_joy/__init__.py, /home/bryan/dissertation/summit_sim_git/devel/lib/python3/dist-packages/interbotix_xsarm_joy/__init__.py)
Cleaning: (/home/bryan/dissertation/summit_sim_git/devel/.private/interbotix_xsarm_joy/lib/python3/dist-packages/interbotix_xsarm_joy/msg/__init__.py, /home/bryan/dissertation/summit_sim_git/devel/lib/python3/dist-packages/interbotix_xsarm_joy/msg/__init__.py)
Cleaning: (/home/bryan/dissertation/summit_sim_git/devel/.private/interbotix_xsarm_joy/lib/python3/dist-packages/interbotix_xsarm_joy/msg/_ArmJoy.py, /home/bryan/dissertation/summit_sim_git/devel/lib/python3/dist-packages/interbotix_xsarm_joy/msg/_ArmJoy.py)
Cleaning: (/home/bryan/dissertation/summit_sim_git/devel/.private/interbotix_xsarm_joy/lib/interbotix_xsarm_joy/xsarm_joy, /home/bryan/dissertation/summit_sim_git/devel/lib/interbotix_xsarm_joy/xsarm_joy)
Cleaning: (/home/bryan/dissertation/summit_sim_git/devel/.private/interbotix_xsarm_joy/lib/interbotix_xsarm_joy/xsarm_robot, /home/bryan/dissertation/summit_sim_git/devel/lib/interbotix_xsarm_joy/xsarm_robot)
Cleaning: (/home/bryan/dissertation/summit_sim_git/devel/.private/interbotix_xsarm_joy/lib/interbotix_xsarm_joy/cmake.lock, /home/bryan/dissertation/summit_sim_git/devel/lib/interbotix_xsarm_joy/cmake.lock)
Cleaning: (/home/bryan/dissertation/summit_sim_git/devel/.private/interbotix_xsarm_joy/lib/pkgconfig/interbotix_xsarm_joy.pc, /home/bryan/dissertation/summit_sim_git/devel/lib/pkgconfig/interbotix_xsarm_joy.pc)
Cleaning: (/home/bryan/dissertation/summit_sim_git/devel/.private/interbotix_xsarm_joy/share/roseus/ros/interbotix_xsarm_joy/manifest.l, /home/bryan/dissertation/summit_sim_git/devel/share/roseus/ros/interbotix_xsarm_joy/manifest.l)
Cleaning: (/home/bryan/dissertation/summit_sim_git/devel/.private/interbotix_xsarm_joy/share/roseus/ros/interbotix_xsarm_joy/msg/ArmJoy.l, /home/bryan/dissertation/summit_sim_git/devel/share/roseus/ros/interbotix_xsarm_joy/msg/ArmJoy.l)
Cleaning: (/home/bryan/dissertation/summit_sim_git/devel/.private/interbotix_xsarm_joy/share/interbotix_xsarm_joy/cmake/interbotix_xsarm_joyConfig.cmake, /home/bryan/dissertation/summit_sim_git/devel/share/interbotix_xsarm_joy/cmake/interbotix_xsarm_joyConfig.cmake)
Cleaning: (/home/bryan/dissertation/summit_sim_git/devel/.private/interbotix_xsarm_joy/share/interbotix_xsarm_joy/cmake/interbotix_xsarm_joy-msg-paths.cmake, /home/bryan/dissertation/summit_sim_git/devel/share/interbotix_xsarm_joy/cmake/interbotix_xsarm_joy-msg-paths.cmake)
Cleaning: (/home/bryan/dissertation/summit_sim_git/devel/.private/interbotix_xsarm_joy/share/interbotix_xsarm_joy/cmake/interbotix_xsarm_joy-msg-extras.cmake, /home/bryan/dissertation/summit_sim_git/devel/share/interbotix_xsarm_joy/cmake/interbotix_xsarm_joy-msg-extras.cmake)
Cleaning: (/home/bryan/dissertation/summit_sim_git/devel/.private/interbotix_xsarm_joy/share/interbotix_xsarm_joy/cmake/interbotix_xsarm_joyConfig-version.cmake, /home/bryan/dissertation/summit_sim_git/devel/share/interbotix_xsarm_joy/cmake/interbotix_xsarm_joyConfig-version.cmake)
Cleaning: (/home/bryan/dissertation/summit_sim_git/devel/.private/interbotix_xsarm_joy/share/gennodejs/ros/interbotix_xsarm_joy/_index.js, /home/bryan/dissertation/summit_sim_git/devel/share/gennodejs/ros/interbotix_xsarm_joy/_index.js)
Cleaning: (/home/bryan/dissertation/summit_sim_git/devel/.private/interbotix_xsarm_joy/share/gennodejs/ros/interbotix_xsarm_joy/msg/ArmJoy.js, /home/bryan/dissertation/summit_sim_git/devel/share/gennodejs/ros/interbotix_xsarm_joy/msg/ArmJoy.js)
Cleaning: (/home/bryan/dissertation/summit_sim_git/devel/.private/interbotix_xsarm_joy/share/gennodejs/ros/interbotix_xsarm_joy/msg/_index.js, /home/bryan/dissertation/summit_sim_git/devel/share/gennodejs/ros/interbotix_xsarm_joy/msg/_index.js)
Cleaning: (/home/bryan/dissertation/summit_sim_git/devel/.private/interbotix_xsarm_joy/share/common-lisp/ros/interbotix_xsarm_joy/msg/_package.lisp, /home/bryan/dissertation/summit_sim_git/devel/share/common-lisp/ros/interbotix_xsarm_joy/msg/_package.lisp)
Cleaning: (/home/bryan/dissertation/summit_sim_git/devel/.private/interbotix_xsarm_joy/share/common-lisp/ros/interbotix_xsarm_joy/msg/_package_ArmJoy.lisp, /home/bryan/dissertation/summit_sim_git/devel/share/common-lisp/ros/interbotix_xsarm_joy/msg/_package_ArmJoy.lisp)
Cleaning: (/home/bryan/dissertation/summit_sim_git/devel/.private/interbotix_xsarm_joy/share/common-lisp/ros/interbotix_xsarm_joy/msg/ArmJoy.lisp, /home/bryan/dissertation/summit_sim_git/devel/share/common-lisp/ros/interbotix_xsarm_joy/msg/ArmJoy.lisp)
Cleaning: (/home/bryan/dissertation/summit_sim_git/devel/.private/interbotix_xsarm_joy/share/common-lisp/ros/interbotix_xsarm_joy/msg/interbotix_xsarm_joy-msg.asd, /home/bryan/dissertation/summit_sim_git/devel/share/common-lisp/ros/interbotix_xsarm_joy/msg/interbotix_xsarm_joy-msg.asd)
Unlinking: /home/bryan/dissertation/summit_sim_git/devel/include/interbotix_xsarm_joy/ArmJoy.h
Already unlinked: {}
Unlinking: /home/bryan/dissertation/summit_sim_git/devel/lib/python3/dist-packages/interbotix_xsarm_joy/__init__.py
Already unlinked: {}
Unlinking: /home/bryan/dissertation/summit_sim_git/devel/lib/python3/dist-packages/interbotix_xsarm_joy/msg/__init__.py
Already unlinked: {}
Unlinking: /home/bryan/dissertation/summit_sim_git/devel/lib/python3/dist-packages/interbotix_xsarm_joy/msg/_ArmJoy.py
Already unlinked: {}
Unlinking: /home/bryan/dissertation/summit_sim_git/devel/lib/interbotix_xsarm_joy/xsarm_joy
Already unlinked: {}
Unlinking: /home/bryan/dissertation/summit_sim_git/devel/lib/interbotix_xsarm_joy/xsarm_robot
Already unlinked: {}
Unlinking: /home/bryan/dissertation/summit_sim_git/devel/lib/interbotix_xsarm_joy/cmake.lock
Already unlinked: {}
Unlinking: /home/bryan/dissertation/summit_sim_git/devel/lib/pkgconfig/interbotix_xsarm_joy.pc
Already unlinked: {}
Unlinking: /home/bryan/dissertation/summit_sim_git/devel/share/roseus/ros/interbotix_xsarm_joy/manifest.l
Already unlinked: {}
Unlinking: /home/bryan/dissertation/summit_sim_git/devel/share/roseus/ros/interbotix_xsarm_joy/msg/ArmJoy.l
Already unlinked: {}
Unlinking: /home/bryan/dissertation/summit_sim_git/devel/share/interbotix_xsarm_joy/cmake/interbotix_xsarm_joyConfig.cmake
Already unlinked: {}
Unlinking: /home/bryan/dissertation/summit_sim_git/devel/share/interbotix_xsarm_joy/cmake/interbotix_xsarm_joy-msg-paths.cmake
Already unlinked: {}
Unlinking: /home/bryan/dissertation/summit_sim_git/devel/share/interbotix_xsarm_joy/cmake/interbotix_xsarm_joy-msg-extras.cmake
Already unlinked: {}
Unlinking: /home/bryan/dissertation/summit_sim_git/devel/share/interbotix_xsarm_joy/cmake/interbotix_xsarm_joyConfig-version.cmake
Already unlinked: {}
Unlinking: /home/bryan/dissertation/summit_sim_git/devel/share/gennodejs/ros/interbotix_xsarm_joy/_index.js
Already unlinked: {}
Unlinking: /home/bryan/dissertation/summit_sim_git/devel/share/gennodejs/ros/interbotix_xsarm_joy/msg/ArmJoy.js
Already unlinked: {}
Unlinking: /home/bryan/dissertation/summit_sim_git/devel/share/gennodejs/ros/interbotix_xsarm_joy/msg/_index.js
Already unlinked: {}
Unlinking: /home/bryan/dissertation/summit_sim_git/devel/share/common-lisp/ros/interbotix_xsarm_joy/msg/_package.lisp
Already unlinked: {}
Unlinking: /home/bryan/dissertation/summit_sim_git/devel/share/common-lisp/ros/interbotix_xsarm_joy/msg/_package_ArmJoy.lisp
Already unlinked: {}
Unlinking: /home/bryan/dissertation/summit_sim_git/devel/share/common-lisp/ros/interbotix_xsarm_joy/msg/ArmJoy.lisp
Already unlinked: {}
Unlinking: /home/bryan/dissertation/summit_sim_git/devel/share/common-lisp/ros/interbotix_xsarm_joy/msg/interbotix_xsarm_joy-msg.asd
Already unlinked: {}
