Symlinking /home/bryan/dissertation/Dissertation-/summit_sim_git/devel/include/xarm_msgs/SetLoadResponse.h
Symlinking /home/bryan/dissertation/Dissertation-/summit_sim_git/devel/include/xarm_msgs/MoveRequest.h
Symlinking /home/bryan/dissertation/Dissertation-/summit_sim_git/devel/include/xarm_msgs/TCPOffset.h
Symlinking /home/bryan/dissertation/Dissertation-/summit_sim_git/devel/include/xarm_msgs/GetAnalogIORequest.h
Symlinking /home/bryan/dissertation/Dissertation-/summit_sim_git/devel/include/xarm_msgs/Move.h
Symlinking /home/bryan/dissertation/Dissertation-/summit_sim_git/devel/include/xarm_msgs/SetToolModbusResponse.h
Symlinking /home/bryan/dissertation/Dissertation-/summit_sim_git/devel/include/xarm_msgs/ConfigToolModbusRequest.h
Symlinking /home/bryan/dissertation/Dissertation-/summit_sim_git/devel/include/xarm_msgs/SetToolModbus.h
Symlinking /home/bryan/dissertation/Dissertation-/summit_sim_git/devel/include/xarm_msgs/GripperMoveResponse.h
Symlinking /home/bryan/dissertation/Dissertation-/summit_sim_git/devel/include/xarm_msgs/GetControllerDigitalIOResponse.h
Symlinking /home/bryan/dissertation/Dissertation-/summit_sim_git/devel/include/xarm_msgs/SetLoadRequest.h
Symlinking /home/bryan/dissertation/Dissertation-/summit_sim_git/devel/include/xarm_msgs/GripperMove.h
Symlinking /home/bryan/dissertation/Dissertation-/summit_sim_git/devel/include/xarm_msgs/GetAnalogIOResponse.h
Symlinking /home/bryan/dissertation/Dissertation-/summit_sim_git/devel/include/xarm_msgs/SetInt16Response.h
Symlinking /home/bryan/dissertation/Dissertation-/summit_sim_git/devel/include/xarm_msgs/GripperConfigResponse.h
Symlinking /home/bryan/dissertation/Dissertation-/summit_sim_git/devel/include/xarm_msgs/GetErrRequest.h
Symlinking /home/bryan/dissertation/Dissertation-/summit_sim_git/devel/include/xarm_msgs/ClearErrResponse.h
Symlinking /home/bryan/dissertation/Dissertation-/summit_sim_git/devel/include/xarm_msgs/GetDigitalIOResponse.h
Symlinking /home/bryan/dissertation/Dissertation-/summit_sim_git/devel/include/xarm_msgs/SetAxisResponse.h
Symlinking /home/bryan/dissertation/Dissertation-/summit_sim_git/devel/include/xarm_msgs/TCPOffsetRequest.h
Symlinking /home/bryan/dissertation/Dissertation-/summit_sim_git/devel/include/xarm_msgs/IOState.h
Symlinking /home/bryan/dissertation/Dissertation-/summit_sim_git/devel/include/xarm_msgs/SetDigitalIO.h
Symlinking /home/bryan/dissertation/Dissertation-/summit_sim_git/devel/include/xarm_msgs/GripperStateResponse.h
Symlinking /home/bryan/dissertation/Dissertation-/summit_sim_git/devel/include/xarm_msgs/GripperState.h
Symlinking /home/bryan/dissertation/Dissertation-/summit_sim_git/devel/include/xarm_msgs/GetControllerDigitalIO.h
Symlinking /home/bryan/dissertation/Dissertation-/summit_sim_git/devel/include/xarm_msgs/SetAxisRequest.h
Symlinking /home/bryan/dissertation/Dissertation-/summit_sim_git/devel/include/xarm_msgs/SetInt16.h
Symlinking /home/bryan/dissertation/Dissertation-/summit_sim_git/devel/include/xarm_msgs/TCPOffsetResponse.h
Symlinking /home/bryan/dissertation/Dissertation-/summit_sim_git/devel/include/xarm_msgs/GripperMoveRequest.h
Symlinking /home/bryan/dissertation/Dissertation-/summit_sim_git/devel/include/xarm_msgs/SetDigitalIORequest.h
Symlinking /home/bryan/dissertation/Dissertation-/summit_sim_git/devel/include/xarm_msgs/ConfigToolModbusResponse.h
Symlinking /home/bryan/dissertation/Dissertation-/summit_sim_git/devel/include/xarm_msgs/SetInt16Request.h
Symlinking /home/bryan/dissertation/Dissertation-/summit_sim_git/devel/include/xarm_msgs/ConfigToolModbus.h
Symlinking /home/bryan/dissertation/Dissertation-/summit_sim_git/devel/include/xarm_msgs/GetControllerDigitalIORequest.h
Symlinking /home/bryan/dissertation/Dissertation-/summit_sim_git/devel/include/xarm_msgs/GripperConfigRequest.h
Symlinking /home/bryan/dissertation/Dissertation-/summit_sim_git/devel/include/xarm_msgs/GetAnalogIO.h
Symlinking /home/bryan/dissertation/Dissertation-/summit_sim_git/devel/include/xarm_msgs/SetToolModbusRequest.h
Symlinking /home/bryan/dissertation/Dissertation-/summit_sim_git/devel/include/xarm_msgs/GripperStateRequest.h
Symlinking /home/bryan/dissertation/Dissertation-/summit_sim_git/devel/include/xarm_msgs/GetErrResponse.h
Symlinking /home/bryan/dissertation/Dissertation-/summit_sim_git/devel/include/xarm_msgs/GripperConfig.h
Symlinking /home/bryan/dissertation/Dissertation-/summit_sim_git/devel/include/xarm_msgs/ClearErrRequest.h
Symlinking /home/bryan/dissertation/Dissertation-/summit_sim_git/devel/include/xarm_msgs/GetErr.h
Symlinking /home/bryan/dissertation/Dissertation-/summit_sim_git/devel/include/xarm_msgs/SetLoad.h
Symlinking /home/bryan/dissertation/Dissertation-/summit_sim_git/devel/include/xarm_msgs/SetAxis.h
Symlinking /home/bryan/dissertation/Dissertation-/summit_sim_git/devel/include/xarm_msgs/MoveResponse.h
Symlinking /home/bryan/dissertation/Dissertation-/summit_sim_git/devel/include/xarm_msgs/RobotMsg.h
Symlinking /home/bryan/dissertation/Dissertation-/summit_sim_git/devel/include/xarm_msgs/SetDigitalIOResponse.h
Symlinking /home/bryan/dissertation/Dissertation-/summit_sim_git/devel/include/xarm_msgs/GetDigitalIORequest.h
Symlinking /home/bryan/dissertation/Dissertation-/summit_sim_git/devel/include/xarm_msgs/GetDigitalIO.h
Symlinking /home/bryan/dissertation/Dissertation-/summit_sim_git/devel/include/xarm_msgs/ClearErr.h
Symlinking /home/bryan/dissertation/Dissertation-/summit_sim_git/devel/lib/python3/dist-packages/xarm_msgs/__init__.py
Symlinking /home/bryan/dissertation/Dissertation-/summit_sim_git/devel/lib/python3/dist-packages/xarm_msgs/msg/_RobotMsg.py
Symlinking /home/bryan/dissertation/Dissertation-/summit_sim_git/devel/lib/python3/dist-packages/xarm_msgs/msg/__init__.py
Symlinking /home/bryan/dissertation/Dissertation-/summit_sim_git/devel/lib/python3/dist-packages/xarm_msgs/msg/_IOState.py
Symlinking /home/bryan/dissertation/Dissertation-/summit_sim_git/devel/lib/python3/dist-packages/xarm_msgs/srv/_GetDigitalIO.py
Symlinking /home/bryan/dissertation/Dissertation-/summit_sim_git/devel/lib/python3/dist-packages/xarm_msgs/srv/_SetDigitalIO.py
Symlinking /home/bryan/dissertation/Dissertation-/summit_sim_git/devel/lib/python3/dist-packages/xarm_msgs/srv/_SetAxis.py
Symlinking /home/bryan/dissertation/Dissertation-/summit_sim_git/devel/lib/python3/dist-packages/xarm_msgs/srv/_GetAnalogIO.py
Symlinking /home/bryan/dissertation/Dissertation-/summit_sim_git/devel/lib/python3/dist-packages/xarm_msgs/srv/_ClearErr.py
Symlinking /home/bryan/dissertation/Dissertation-/summit_sim_git/devel/lib/python3/dist-packages/xarm_msgs/srv/_GetControllerDigitalIO.py
Symlinking /home/bryan/dissertation/Dissertation-/summit_sim_git/devel/lib/python3/dist-packages/xarm_msgs/srv/_GripperConfig.py
Symlinking /home/bryan/dissertation/Dissertation-/summit_sim_git/devel/lib/python3/dist-packages/xarm_msgs/srv/_TCPOffset.py
Symlinking /home/bryan/dissertation/Dissertation-/summit_sim_git/devel/lib/python3/dist-packages/xarm_msgs/srv/_Move.py
Symlinking /home/bryan/dissertation/Dissertation-/summit_sim_git/devel/lib/python3/dist-packages/xarm_msgs/srv/_GripperState.py
Symlinking /home/bryan/dissertation/Dissertation-/summit_sim_git/devel/lib/python3/dist-packages/xarm_msgs/srv/_GripperMove.py
Symlinking /home/bryan/dissertation/Dissertation-/summit_sim_git/devel/lib/python3/dist-packages/xarm_msgs/srv/__init__.py
Symlinking /home/bryan/dissertation/Dissertation-/summit_sim_git/devel/lib/python3/dist-packages/xarm_msgs/srv/_SetToolModbus.py
Symlinking /home/bryan/dissertation/Dissertation-/summit_sim_git/devel/lib/python3/dist-packages/xarm_msgs/srv/_GetErr.py
Symlinking /home/bryan/dissertation/Dissertation-/summit_sim_git/devel/lib/python3/dist-packages/xarm_msgs/srv/_SetLoad.py
Symlinking /home/bryan/dissertation/Dissertation-/summit_sim_git/devel/lib/python3/dist-packages/xarm_msgs/srv/_SetInt16.py
Symlinking /home/bryan/dissertation/Dissertation-/summit_sim_git/devel/lib/python3/dist-packages/xarm_msgs/srv/_ConfigToolModbus.py
Symlinking /home/bryan/dissertation/Dissertation-/summit_sim_git/devel/lib/pkgconfig/xarm_msgs.pc
Symlinking /home/bryan/dissertation/Dissertation-/summit_sim_git/devel/share/roseus/ros/xarm_msgs/manifest.l
Symlinking /home/bryan/dissertation/Dissertation-/summit_sim_git/devel/share/roseus/ros/xarm_msgs/msg/RobotMsg.l
Symlinking /home/bryan/dissertation/Dissertation-/summit_sim_git/devel/share/roseus/ros/xarm_msgs/msg/IOState.l
Symlinking /home/bryan/dissertation/Dissertation-/summit_sim_git/devel/share/roseus/ros/xarm_msgs/srv/SetLoad.l
Symlinking /home/bryan/dissertation/Dissertation-/summit_sim_git/devel/share/roseus/ros/xarm_msgs/srv/SetDigitalIO.l
Symlinking /home/bryan/dissertation/Dissertation-/summit_sim_git/devel/share/roseus/ros/xarm_msgs/srv/GripperConfig.l
Symlinking /home/bryan/dissertation/Dissertation-/summit_sim_git/devel/share/roseus/ros/xarm_msgs/srv/GripperState.l
Symlinking /home/bryan/dissertation/Dissertation-/summit_sim_git/devel/share/roseus/ros/xarm_msgs/srv/GetErr.l
Symlinking /home/bryan/dissertation/Dissertation-/summit_sim_git/devel/share/roseus/ros/xarm_msgs/srv/SetAxis.l
Symlinking /home/bryan/dissertation/Dissertation-/summit_sim_git/devel/share/roseus/ros/xarm_msgs/srv/SetToolModbus.l
Symlinking /home/bryan/dissertation/Dissertation-/summit_sim_git/devel/share/roseus/ros/xarm_msgs/srv/Move.l
Symlinking /home/bryan/dissertation/Dissertation-/summit_sim_git/devel/share/roseus/ros/xarm_msgs/srv/TCPOffset.l
Symlinking /home/bryan/dissertation/Dissertation-/summit_sim_git/devel/share/roseus/ros/xarm_msgs/srv/ClearErr.l
Symlinking /home/bryan/dissertation/Dissertation-/summit_sim_git/devel/share/roseus/ros/xarm_msgs/srv/GetDigitalIO.l
Symlinking /home/bryan/dissertation/Dissertation-/summit_sim_git/devel/share/roseus/ros/xarm_msgs/srv/ConfigToolModbus.l
Symlinking /home/bryan/dissertation/Dissertation-/summit_sim_git/devel/share/roseus/ros/xarm_msgs/srv/SetInt16.l
Symlinking /home/bryan/dissertation/Dissertation-/summit_sim_git/devel/share/roseus/ros/xarm_msgs/srv/GetAnalogIO.l
Symlinking /home/bryan/dissertation/Dissertation-/summit_sim_git/devel/share/roseus/ros/xarm_msgs/srv/GripperMove.l
Symlinking /home/bryan/dissertation/Dissertation-/summit_sim_git/devel/share/roseus/ros/xarm_msgs/srv/GetControllerDigitalIO.l
Symlinking /home/bryan/dissertation/Dissertation-/summit_sim_git/devel/share/xarm_msgs/cmake/xarm_msgs-msg-paths.cmake
Symlinking /home/bryan/dissertation/Dissertation-/summit_sim_git/devel/share/xarm_msgs/cmake/xarm_msgsConfig.cmake
Symlinking /home/bryan/dissertation/Dissertation-/summit_sim_git/devel/share/xarm_msgs/cmake/xarm_msgs-msg-extras.cmake
Symlinking /home/bryan/dissertation/Dissertation-/summit_sim_git/devel/share/xarm_msgs/cmake/xarm_msgsConfig-version.cmake
Symlinking /home/bryan/dissertation/Dissertation-/summit_sim_git/devel/share/gennodejs/ros/xarm_msgs/_index.js
Symlinking /home/bryan/dissertation/Dissertation-/summit_sim_git/devel/share/gennodejs/ros/xarm_msgs/msg/IOState.js
Symlinking /home/bryan/dissertation/Dissertation-/summit_sim_git/devel/share/gennodejs/ros/xarm_msgs/msg/RobotMsg.js
Symlinking /home/bryan/dissertation/Dissertation-/summit_sim_git/devel/share/gennodejs/ros/xarm_msgs/msg/_index.js
Symlinking /home/bryan/dissertation/Dissertation-/summit_sim_git/devel/share/gennodejs/ros/xarm_msgs/srv/GripperState.js
Symlinking /home/bryan/dissertation/Dissertation-/summit_sim_git/devel/share/gennodejs/ros/xarm_msgs/srv/GetControllerDigitalIO.js
Symlinking /home/bryan/dissertation/Dissertation-/summit_sim_git/devel/share/gennodejs/ros/xarm_msgs/srv/SetToolModbus.js
Symlinking /home/bryan/dissertation/Dissertation-/summit_sim_git/devel/share/gennodejs/ros/xarm_msgs/srv/TCPOffset.js
Symlinking /home/bryan/dissertation/Dissertation-/summit_sim_git/devel/share/gennodejs/ros/xarm_msgs/srv/GetDigitalIO.js
Symlinking /home/bryan/dissertation/Dissertation-/summit_sim_git/devel/share/gennodejs/ros/xarm_msgs/srv/SetInt16.js
Symlinking /home/bryan/dissertation/Dissertation-/summit_sim_git/devel/share/gennodejs/ros/xarm_msgs/srv/GetAnalogIO.js
Symlinking /home/bryan/dissertation/Dissertation-/summit_sim_git/devel/share/gennodejs/ros/xarm_msgs/srv/SetDigitalIO.js
Symlinking /home/bryan/dissertation/Dissertation-/summit_sim_git/devel/share/gennodejs/ros/xarm_msgs/srv/GripperConfig.js
Symlinking /home/bryan/dissertation/Dissertation-/summit_sim_git/devel/share/gennodejs/ros/xarm_msgs/srv/GetErr.js
Symlinking /home/bryan/dissertation/Dissertation-/summit_sim_git/devel/share/gennodejs/ros/xarm_msgs/srv/SetAxis.js
Symlinking /home/bryan/dissertation/Dissertation-/summit_sim_git/devel/share/gennodejs/ros/xarm_msgs/srv/Move.js
Symlinking /home/bryan/dissertation/Dissertation-/summit_sim_git/devel/share/gennodejs/ros/xarm_msgs/srv/SetLoad.js
Symlinking /home/bryan/dissertation/Dissertation-/summit_sim_git/devel/share/gennodejs/ros/xarm_msgs/srv/_index.js
Symlinking /home/bryan/dissertation/Dissertation-/summit_sim_git/devel/share/gennodejs/ros/xarm_msgs/srv/ConfigToolModbus.js
Symlinking /home/bryan/dissertation/Dissertation-/summit_sim_git/devel/share/gennodejs/ros/xarm_msgs/srv/GripperMove.js
Symlinking /home/bryan/dissertation/Dissertation-/summit_sim_git/devel/share/gennodejs/ros/xarm_msgs/srv/ClearErr.js
Symlinking /home/bryan/dissertation/Dissertation-/summit_sim_git/devel/share/common-lisp/ros/xarm_msgs/msg/_package.lisp
Symlinking /home/bryan/dissertation/Dissertation-/summit_sim_git/devel/share/common-lisp/ros/xarm_msgs/msg/RobotMsg.lisp
Symlinking /home/bryan/dissertation/Dissertation-/summit_sim_git/devel/share/common-lisp/ros/xarm_msgs/msg/IOState.lisp
Symlinking /home/bryan/dissertation/Dissertation-/summit_sim_git/devel/share/common-lisp/ros/xarm_msgs/msg/_package_IOState.lisp
Symlinking /home/bryan/dissertation/Dissertation-/summit_sim_git/devel/share/common-lisp/ros/xarm_msgs/msg/_package_RobotMsg.lisp
Symlinking /home/bryan/dissertation/Dissertation-/summit_sim_git/devel/share/common-lisp/ros/xarm_msgs/msg/xarm_msgs-msg.asd
Symlinking /home/bryan/dissertation/Dissertation-/summit_sim_git/devel/share/common-lisp/ros/xarm_msgs/srv/TCPOffset.lisp
Symlinking /home/bryan/dissertation/Dissertation-/summit_sim_git/devel/share/common-lisp/ros/xarm_msgs/srv/_package.lisp
Symlinking /home/bryan/dissertation/Dissertation-/summit_sim_git/devel/share/common-lisp/ros/xarm_msgs/srv/_package_GetDigitalIO.lisp
Symlinking /home/bryan/dissertation/Dissertation-/summit_sim_git/devel/share/common-lisp/ros/xarm_msgs/srv/_package_SetAxis.lisp
Symlinking /home/bryan/dissertation/Dissertation-/summit_sim_git/devel/share/common-lisp/ros/xarm_msgs/srv/SetAxis.lisp
Symlinking /home/bryan/dissertation/Dissertation-/summit_sim_git/devel/share/common-lisp/ros/xarm_msgs/srv/_package_ConfigToolModbus.lisp
Symlinking /home/bryan/dissertation/Dissertation-/summit_sim_git/devel/share/common-lisp/ros/xarm_msgs/srv/_package_ClearErr.lisp
Symlinking /home/bryan/dissertation/Dissertation-/summit_sim_git/devel/share/common-lisp/ros/xarm_msgs/srv/GripperMove.lisp
Symlinking /home/bryan/dissertation/Dissertation-/summit_sim_git/devel/share/common-lisp/ros/xarm_msgs/srv/SetLoad.lisp
Symlinking /home/bryan/dissertation/Dissertation-/summit_sim_git/devel/share/common-lisp/ros/xarm_msgs/srv/ConfigToolModbus.lisp
Symlinking /home/bryan/dissertation/Dissertation-/summit_sim_git/devel/share/common-lisp/ros/xarm_msgs/srv/_package_GetErr.lisp
Symlinking /home/bryan/dissertation/Dissertation-/summit_sim_git/devel/share/common-lisp/ros/xarm_msgs/srv/GetAnalogIO.lisp
Symlinking /home/bryan/dissertation/Dissertation-/summit_sim_git/devel/share/common-lisp/ros/xarm_msgs/srv/_package_Move.lisp
Symlinking /home/bryan/dissertation/Dissertation-/summit_sim_git/devel/share/common-lisp/ros/xarm_msgs/srv/xarm_msgs-srv.asd
Symlinking /home/bryan/dissertation/Dissertation-/summit_sim_git/devel/share/common-lisp/ros/xarm_msgs/srv/_package_GripperState.lisp
Symlinking /home/bryan/dissertation/Dissertation-/summit_sim_git/devel/share/common-lisp/ros/xarm_msgs/srv/_package_GetControllerDigitalIO.lisp
Symlinking /home/bryan/dissertation/Dissertation-/summit_sim_git/devel/share/common-lisp/ros/xarm_msgs/srv/GetDigitalIO.lisp
Symlinking /home/bryan/dissertation/Dissertation-/summit_sim_git/devel/share/common-lisp/ros/xarm_msgs/srv/_package_SetLoad.lisp
Symlinking /home/bryan/dissertation/Dissertation-/summit_sim_git/devel/share/common-lisp/ros/xarm_msgs/srv/ClearErr.lisp
Symlinking /home/bryan/dissertation/Dissertation-/summit_sim_git/devel/share/common-lisp/ros/xarm_msgs/srv/GetErr.lisp
Symlinking /home/bryan/dissertation/Dissertation-/summit_sim_git/devel/share/common-lisp/ros/xarm_msgs/srv/_package_SetInt16.lisp
Symlinking /home/bryan/dissertation/Dissertation-/summit_sim_git/devel/share/common-lisp/ros/xarm_msgs/srv/SetInt16.lisp
Symlinking /home/bryan/dissertation/Dissertation-/summit_sim_git/devel/share/common-lisp/ros/xarm_msgs/srv/_package_GripperConfig.lisp
Symlinking /home/bryan/dissertation/Dissertation-/summit_sim_git/devel/share/common-lisp/ros/xarm_msgs/srv/_package_GripperMove.lisp
Symlinking /home/bryan/dissertation/Dissertation-/summit_sim_git/devel/share/common-lisp/ros/xarm_msgs/srv/_package_TCPOffset.lisp
Symlinking /home/bryan/dissertation/Dissertation-/summit_sim_git/devel/share/common-lisp/ros/xarm_msgs/srv/SetToolModbus.lisp
Symlinking /home/bryan/dissertation/Dissertation-/summit_sim_git/devel/share/common-lisp/ros/xarm_msgs/srv/GripperState.lisp
Symlinking /home/bryan/dissertation/Dissertation-/summit_sim_git/devel/share/common-lisp/ros/xarm_msgs/srv/GetControllerDigitalIO.lisp
Symlinking /home/bryan/dissertation/Dissertation-/summit_sim_git/devel/share/common-lisp/ros/xarm_msgs/srv/_package_SetDigitalIO.lisp
Symlinking /home/bryan/dissertation/Dissertation-/summit_sim_git/devel/share/common-lisp/ros/xarm_msgs/srv/_package_GetAnalogIO.lisp
Symlinking /home/bryan/dissertation/Dissertation-/summit_sim_git/devel/share/common-lisp/ros/xarm_msgs/srv/SetDigitalIO.lisp
Symlinking /home/bryan/dissertation/Dissertation-/summit_sim_git/devel/share/common-lisp/ros/xarm_msgs/srv/_package_SetToolModbus.lisp
Symlinking /home/bryan/dissertation/Dissertation-/summit_sim_git/devel/share/common-lisp/ros/xarm_msgs/srv/Move.lisp
Symlinking /home/bryan/dissertation/Dissertation-/summit_sim_git/devel/share/common-lisp/ros/xarm_msgs/srv/GripperConfig.lisp
Cleaning: (/home/bryan/dissertation/summit_sim_git/devel/.private/xarm_msgs/cmake.lock, /home/bryan/dissertation/summit_sim_git/devel/./cmake.lock)
Cleaning: (/home/bryan/dissertation/summit_sim_git/devel/.private/xarm_msgs/include/xarm_msgs/SetLoadResponse.h, /home/bryan/dissertation/summit_sim_git/devel/include/xarm_msgs/SetLoadResponse.h)
Cleaning: (/home/bryan/dissertation/summit_sim_git/devel/.private/xarm_msgs/include/xarm_msgs/MoveRequest.h, /home/bryan/dissertation/summit_sim_git/devel/include/xarm_msgs/MoveRequest.h)
Cleaning: (/home/bryan/dissertation/summit_sim_git/devel/.private/xarm_msgs/include/xarm_msgs/TCPOffset.h, /home/bryan/dissertation/summit_sim_git/devel/include/xarm_msgs/TCPOffset.h)
Cleaning: (/home/bryan/dissertation/summit_sim_git/devel/.private/xarm_msgs/include/xarm_msgs/GetAnalogIORequest.h, /home/bryan/dissertation/summit_sim_git/devel/include/xarm_msgs/GetAnalogIORequest.h)
Cleaning: (/home/bryan/dissertation/summit_sim_git/devel/.private/xarm_msgs/include/xarm_msgs/Move.h, /home/bryan/dissertation/summit_sim_git/devel/include/xarm_msgs/Move.h)
Cleaning: (/home/bryan/dissertation/summit_sim_git/devel/.private/xarm_msgs/include/xarm_msgs/SetToolModbusResponse.h, /home/bryan/dissertation/summit_sim_git/devel/include/xarm_msgs/SetToolModbusResponse.h)
Cleaning: (/home/bryan/dissertation/summit_sim_git/devel/.private/xarm_msgs/include/xarm_msgs/ConfigToolModbusRequest.h, /home/bryan/dissertation/summit_sim_git/devel/include/xarm_msgs/ConfigToolModbusRequest.h)
Cleaning: (/home/bryan/dissertation/summit_sim_git/devel/.private/xarm_msgs/include/xarm_msgs/SetToolModbus.h, /home/bryan/dissertation/summit_sim_git/devel/include/xarm_msgs/SetToolModbus.h)
Cleaning: (/home/bryan/dissertation/summit_sim_git/devel/.private/xarm_msgs/include/xarm_msgs/GripperMoveResponse.h, /home/bryan/dissertation/summit_sim_git/devel/include/xarm_msgs/GripperMoveResponse.h)
Cleaning: (/home/bryan/dissertation/summit_sim_git/devel/.private/xarm_msgs/include/xarm_msgs/GetControllerDigitalIOResponse.h, /home/bryan/dissertation/summit_sim_git/devel/include/xarm_msgs/GetControllerDigitalIOResponse.h)
Cleaning: (/home/bryan/dissertation/summit_sim_git/devel/.private/xarm_msgs/include/xarm_msgs/SetLoadRequest.h, /home/bryan/dissertation/summit_sim_git/devel/include/xarm_msgs/SetLoadRequest.h)
Cleaning: (/home/bryan/dissertation/summit_sim_git/devel/.private/xarm_msgs/include/xarm_msgs/GripperMove.h, /home/bryan/dissertation/summit_sim_git/devel/include/xarm_msgs/GripperMove.h)
Cleaning: (/home/bryan/dissertation/summit_sim_git/devel/.private/xarm_msgs/include/xarm_msgs/GetAnalogIOResponse.h, /home/bryan/dissertation/summit_sim_git/devel/include/xarm_msgs/GetAnalogIOResponse.h)
Cleaning: (/home/bryan/dissertation/summit_sim_git/devel/.private/xarm_msgs/include/xarm_msgs/SetInt16Response.h, /home/bryan/dissertation/summit_sim_git/devel/include/xarm_msgs/SetInt16Response.h)
Cleaning: (/home/bryan/dissertation/summit_sim_git/devel/.private/xarm_msgs/include/xarm_msgs/GripperConfigResponse.h, /home/bryan/dissertation/summit_sim_git/devel/include/xarm_msgs/GripperConfigResponse.h)
Cleaning: (/home/bryan/dissertation/summit_sim_git/devel/.private/xarm_msgs/include/xarm_msgs/GetErrRequest.h, /home/bryan/dissertation/summit_sim_git/devel/include/xarm_msgs/GetErrRequest.h)
Cleaning: (/home/bryan/dissertation/summit_sim_git/devel/.private/xarm_msgs/include/xarm_msgs/ClearErrResponse.h, /home/bryan/dissertation/summit_sim_git/devel/include/xarm_msgs/ClearErrResponse.h)
Cleaning: (/home/bryan/dissertation/summit_sim_git/devel/.private/xarm_msgs/include/xarm_msgs/GetDigitalIOResponse.h, /home/bryan/dissertation/summit_sim_git/devel/include/xarm_msgs/GetDigitalIOResponse.h)
Cleaning: (/home/bryan/dissertation/summit_sim_git/devel/.private/xarm_msgs/include/xarm_msgs/SetAxisResponse.h, /home/bryan/dissertation/summit_sim_git/devel/include/xarm_msgs/SetAxisResponse.h)
Cleaning: (/home/bryan/dissertation/summit_sim_git/devel/.private/xarm_msgs/include/xarm_msgs/TCPOffsetRequest.h, /home/bryan/dissertation/summit_sim_git/devel/include/xarm_msgs/TCPOffsetRequest.h)
Cleaning: (/home/bryan/dissertation/summit_sim_git/devel/.private/xarm_msgs/include/xarm_msgs/IOState.h, /home/bryan/dissertation/summit_sim_git/devel/include/xarm_msgs/IOState.h)
Cleaning: (/home/bryan/dissertation/summit_sim_git/devel/.private/xarm_msgs/include/xarm_msgs/SetDigitalIO.h, /home/bryan/dissertation/summit_sim_git/devel/include/xarm_msgs/SetDigitalIO.h)
Cleaning: (/home/bryan/dissertation/summit_sim_git/devel/.private/xarm_msgs/include/xarm_msgs/GripperStateResponse.h, /home/bryan/dissertation/summit_sim_git/devel/include/xarm_msgs/GripperStateResponse.h)
Cleaning: (/home/bryan/dissertation/summit_sim_git/devel/.private/xarm_msgs/include/xarm_msgs/GripperState.h, /home/bryan/dissertation/summit_sim_git/devel/include/xarm_msgs/GripperState.h)
Cleaning: (/home/bryan/dissertation/summit_sim_git/devel/.private/xarm_msgs/include/xarm_msgs/GetControllerDigitalIO.h, /home/bryan/dissertation/summit_sim_git/devel/include/xarm_msgs/GetControllerDigitalIO.h)
Cleaning: (/home/bryan/dissertation/summit_sim_git/devel/.private/xarm_msgs/include/xarm_msgs/SetAxisRequest.h, /home/bryan/dissertation/summit_sim_git/devel/include/xarm_msgs/SetAxisRequest.h)
Cleaning: (/home/bryan/dissertation/summit_sim_git/devel/.private/xarm_msgs/include/xarm_msgs/SetInt16.h, /home/bryan/dissertation/summit_sim_git/devel/include/xarm_msgs/SetInt16.h)
Cleaning: (/home/bryan/dissertation/summit_sim_git/devel/.private/xarm_msgs/include/xarm_msgs/TCPOffsetResponse.h, /home/bryan/dissertation/summit_sim_git/devel/include/xarm_msgs/TCPOffsetResponse.h)
Cleaning: (/home/bryan/dissertation/summit_sim_git/devel/.private/xarm_msgs/include/xarm_msgs/GripperMoveRequest.h, /home/bryan/dissertation/summit_sim_git/devel/include/xarm_msgs/GripperMoveRequest.h)
Cleaning: (/home/bryan/dissertation/summit_sim_git/devel/.private/xarm_msgs/include/xarm_msgs/SetDigitalIORequest.h, /home/bryan/dissertation/summit_sim_git/devel/include/xarm_msgs/SetDigitalIORequest.h)
Cleaning: (/home/bryan/dissertation/summit_sim_git/devel/.private/xarm_msgs/include/xarm_msgs/ConfigToolModbusResponse.h, /home/bryan/dissertation/summit_sim_git/devel/include/xarm_msgs/ConfigToolModbusResponse.h)
Cleaning: (/home/bryan/dissertation/summit_sim_git/devel/.private/xarm_msgs/include/xarm_msgs/SetInt16Request.h, /home/bryan/dissertation/summit_sim_git/devel/include/xarm_msgs/SetInt16Request.h)
Cleaning: (/home/bryan/dissertation/summit_sim_git/devel/.private/xarm_msgs/include/xarm_msgs/ConfigToolModbus.h, /home/bryan/dissertation/summit_sim_git/devel/include/xarm_msgs/ConfigToolModbus.h)
Cleaning: (/home/bryan/dissertation/summit_sim_git/devel/.private/xarm_msgs/include/xarm_msgs/GetControllerDigitalIORequest.h, /home/bryan/dissertation/summit_sim_git/devel/include/xarm_msgs/GetControllerDigitalIORequest.h)
Cleaning: (/home/bryan/dissertation/summit_sim_git/devel/.private/xarm_msgs/include/xarm_msgs/GripperConfigRequest.h, /home/bryan/dissertation/summit_sim_git/devel/include/xarm_msgs/GripperConfigRequest.h)
Cleaning: (/home/bryan/dissertation/summit_sim_git/devel/.private/xarm_msgs/include/xarm_msgs/GetAnalogIO.h, /home/bryan/dissertation/summit_sim_git/devel/include/xarm_msgs/GetAnalogIO.h)
Cleaning: (/home/bryan/dissertation/summit_sim_git/devel/.private/xarm_msgs/include/xarm_msgs/SetToolModbusRequest.h, /home/bryan/dissertation/summit_sim_git/devel/include/xarm_msgs/SetToolModbusRequest.h)
Cleaning: (/home/bryan/dissertation/summit_sim_git/devel/.private/xarm_msgs/include/xarm_msgs/GripperStateRequest.h, /home/bryan/dissertation/summit_sim_git/devel/include/xarm_msgs/GripperStateRequest.h)
Cleaning: (/home/bryan/dissertation/summit_sim_git/devel/.private/xarm_msgs/include/xarm_msgs/GetErrResponse.h, /home/bryan/dissertation/summit_sim_git/devel/include/xarm_msgs/GetErrResponse.h)
Cleaning: (/home/bryan/dissertation/summit_sim_git/devel/.private/xarm_msgs/include/xarm_msgs/GripperConfig.h, /home/bryan/dissertation/summit_sim_git/devel/include/xarm_msgs/GripperConfig.h)
Cleaning: (/home/bryan/dissertation/summit_sim_git/devel/.private/xarm_msgs/include/xarm_msgs/ClearErrRequest.h, /home/bryan/dissertation/summit_sim_git/devel/include/xarm_msgs/ClearErrRequest.h)
Cleaning: (/home/bryan/dissertation/summit_sim_git/devel/.private/xarm_msgs/include/xarm_msgs/GetErr.h, /home/bryan/dissertation/summit_sim_git/devel/include/xarm_msgs/GetErr.h)
Cleaning: (/home/bryan/dissertation/summit_sim_git/devel/.private/xarm_msgs/include/xarm_msgs/SetLoad.h, /home/bryan/dissertation/summit_sim_git/devel/include/xarm_msgs/SetLoad.h)
Cleaning: (/home/bryan/dissertation/summit_sim_git/devel/.private/xarm_msgs/include/xarm_msgs/SetAxis.h, /home/bryan/dissertation/summit_sim_git/devel/include/xarm_msgs/SetAxis.h)
Cleaning: (/home/bryan/dissertation/summit_sim_git/devel/.private/xarm_msgs/include/xarm_msgs/MoveResponse.h, /home/bryan/dissertation/summit_sim_git/devel/include/xarm_msgs/MoveResponse.h)
Cleaning: (/home/bryan/dissertation/summit_sim_git/devel/.private/xarm_msgs/include/xarm_msgs/RobotMsg.h, /home/bryan/dissertation/summit_sim_git/devel/include/xarm_msgs/RobotMsg.h)
Cleaning: (/home/bryan/dissertation/summit_sim_git/devel/.private/xarm_msgs/include/xarm_msgs/SetDigitalIOResponse.h, /home/bryan/dissertation/summit_sim_git/devel/include/xarm_msgs/SetDigitalIOResponse.h)
Cleaning: (/home/bryan/dissertation/summit_sim_git/devel/.private/xarm_msgs/include/xarm_msgs/GetDigitalIORequest.h, /home/bryan/dissertation/summit_sim_git/devel/include/xarm_msgs/GetDigitalIORequest.h)
Cleaning: (/home/bryan/dissertation/summit_sim_git/devel/.private/xarm_msgs/include/xarm_msgs/GetDigitalIO.h, /home/bryan/dissertation/summit_sim_git/devel/include/xarm_msgs/GetDigitalIO.h)
Cleaning: (/home/bryan/dissertation/summit_sim_git/devel/.private/xarm_msgs/include/xarm_msgs/ClearErr.h, /home/bryan/dissertation/summit_sim_git/devel/include/xarm_msgs/ClearErr.h)
Cleaning: (/home/bryan/dissertation/summit_sim_git/devel/.private/xarm_msgs/lib/python3/dist-packages/xarm_msgs/__init__.py, /home/bryan/dissertation/summit_sim_git/devel/lib/python3/dist-packages/xarm_msgs/__init__.py)
Cleaning: (/home/bryan/dissertation/summit_sim_git/devel/.private/xarm_msgs/lib/python3/dist-packages/xarm_msgs/msg/_RobotMsg.py, /home/bryan/dissertation/summit_sim_git/devel/lib/python3/dist-packages/xarm_msgs/msg/_RobotMsg.py)
Cleaning: (/home/bryan/dissertation/summit_sim_git/devel/.private/xarm_msgs/lib/python3/dist-packages/xarm_msgs/msg/__init__.py, /home/bryan/dissertation/summit_sim_git/devel/lib/python3/dist-packages/xarm_msgs/msg/__init__.py)
Cleaning: (/home/bryan/dissertation/summit_sim_git/devel/.private/xarm_msgs/lib/python3/dist-packages/xarm_msgs/msg/_IOState.py, /home/bryan/dissertation/summit_sim_git/devel/lib/python3/dist-packages/xarm_msgs/msg/_IOState.py)
Cleaning: (/home/bryan/dissertation/summit_sim_git/devel/.private/xarm_msgs/lib/python3/dist-packages/xarm_msgs/srv/_GetDigitalIO.py, /home/bryan/dissertation/summit_sim_git/devel/lib/python3/dist-packages/xarm_msgs/srv/_GetDigitalIO.py)
Cleaning: (/home/bryan/dissertation/summit_sim_git/devel/.private/xarm_msgs/lib/python3/dist-packages/xarm_msgs/srv/_SetDigitalIO.py, /home/bryan/dissertation/summit_sim_git/devel/lib/python3/dist-packages/xarm_msgs/srv/_SetDigitalIO.py)
Cleaning: (/home/bryan/dissertation/summit_sim_git/devel/.private/xarm_msgs/lib/python3/dist-packages/xarm_msgs/srv/_SetAxis.py, /home/bryan/dissertation/summit_sim_git/devel/lib/python3/dist-packages/xarm_msgs/srv/_SetAxis.py)
Cleaning: (/home/bryan/dissertation/summit_sim_git/devel/.private/xarm_msgs/lib/python3/dist-packages/xarm_msgs/srv/_GetAnalogIO.py, /home/bryan/dissertation/summit_sim_git/devel/lib/python3/dist-packages/xarm_msgs/srv/_GetAnalogIO.py)
Cleaning: (/home/bryan/dissertation/summit_sim_git/devel/.private/xarm_msgs/lib/python3/dist-packages/xarm_msgs/srv/_ClearErr.py, /home/bryan/dissertation/summit_sim_git/devel/lib/python3/dist-packages/xarm_msgs/srv/_ClearErr.py)
Cleaning: (/home/bryan/dissertation/summit_sim_git/devel/.private/xarm_msgs/lib/python3/dist-packages/xarm_msgs/srv/_GetControllerDigitalIO.py, /home/bryan/dissertation/summit_sim_git/devel/lib/python3/dist-packages/xarm_msgs/srv/_GetControllerDigitalIO.py)
Cleaning: (/home/bryan/dissertation/summit_sim_git/devel/.private/xarm_msgs/lib/python3/dist-packages/xarm_msgs/srv/_GripperConfig.py, /home/bryan/dissertation/summit_sim_git/devel/lib/python3/dist-packages/xarm_msgs/srv/_GripperConfig.py)
Cleaning: (/home/bryan/dissertation/summit_sim_git/devel/.private/xarm_msgs/lib/python3/dist-packages/xarm_msgs/srv/_TCPOffset.py, /home/bryan/dissertation/summit_sim_git/devel/lib/python3/dist-packages/xarm_msgs/srv/_TCPOffset.py)
Cleaning: (/home/bryan/dissertation/summit_sim_git/devel/.private/xarm_msgs/lib/python3/dist-packages/xarm_msgs/srv/_Move.py, /home/bryan/dissertation/summit_sim_git/devel/lib/python3/dist-packages/xarm_msgs/srv/_Move.py)
Cleaning: (/home/bryan/dissertation/summit_sim_git/devel/.private/xarm_msgs/lib/python3/dist-packages/xarm_msgs/srv/_GripperState.py, /home/bryan/dissertation/summit_sim_git/devel/lib/python3/dist-packages/xarm_msgs/srv/_GripperState.py)
Cleaning: (/home/bryan/dissertation/summit_sim_git/devel/.private/xarm_msgs/lib/python3/dist-packages/xarm_msgs/srv/_GripperMove.py, /home/bryan/dissertation/summit_sim_git/devel/lib/python3/dist-packages/xarm_msgs/srv/_GripperMove.py)
Cleaning: (/home/bryan/dissertation/summit_sim_git/devel/.private/xarm_msgs/lib/python3/dist-packages/xarm_msgs/srv/__init__.py, /home/bryan/dissertation/summit_sim_git/devel/lib/python3/dist-packages/xarm_msgs/srv/__init__.py)
Cleaning: (/home/bryan/dissertation/summit_sim_git/devel/.private/xarm_msgs/lib/python3/dist-packages/xarm_msgs/srv/_SetToolModbus.py, /home/bryan/dissertation/summit_sim_git/devel/lib/python3/dist-packages/xarm_msgs/srv/_SetToolModbus.py)
Cleaning: (/home/bryan/dissertation/summit_sim_git/devel/.private/xarm_msgs/lib/python3/dist-packages/xarm_msgs/srv/_GetErr.py, /home/bryan/dissertation/summit_sim_git/devel/lib/python3/dist-packages/xarm_msgs/srv/_GetErr.py)
Cleaning: (/home/bryan/dissertation/summit_sim_git/devel/.private/xarm_msgs/lib/python3/dist-packages/xarm_msgs/srv/_SetLoad.py, /home/bryan/dissertation/summit_sim_git/devel/lib/python3/dist-packages/xarm_msgs/srv/_SetLoad.py)
Cleaning: (/home/bryan/dissertation/summit_sim_git/devel/.private/xarm_msgs/lib/python3/dist-packages/xarm_msgs/srv/_SetInt16.py, /home/bryan/dissertation/summit_sim_git/devel/lib/python3/dist-packages/xarm_msgs/srv/_SetInt16.py)
Cleaning: (/home/bryan/dissertation/summit_sim_git/devel/.private/xarm_msgs/lib/python3/dist-packages/xarm_msgs/srv/_ConfigToolModbus.py, /home/bryan/dissertation/summit_sim_git/devel/lib/python3/dist-packages/xarm_msgs/srv/_ConfigToolModbus.py)
Cleaning: (/home/bryan/dissertation/summit_sim_git/devel/.private/xarm_msgs/lib/pkgconfig/xarm_msgs.pc, /home/bryan/dissertation/summit_sim_git/devel/lib/pkgconfig/xarm_msgs.pc)
Cleaning: (/home/bryan/dissertation/summit_sim_git/devel/.private/xarm_msgs/share/roseus/ros/xarm_msgs/manifest.l, /home/bryan/dissertation/summit_sim_git/devel/share/roseus/ros/xarm_msgs/manifest.l)
Cleaning: (/home/bryan/dissertation/summit_sim_git/devel/.private/xarm_msgs/share/roseus/ros/xarm_msgs/msg/RobotMsg.l, /home/bryan/dissertation/summit_sim_git/devel/share/roseus/ros/xarm_msgs/msg/RobotMsg.l)
Cleaning: (/home/bryan/dissertation/summit_sim_git/devel/.private/xarm_msgs/share/roseus/ros/xarm_msgs/msg/IOState.l, /home/bryan/dissertation/summit_sim_git/devel/share/roseus/ros/xarm_msgs/msg/IOState.l)
Cleaning: (/home/bryan/dissertation/summit_sim_git/devel/.private/xarm_msgs/share/roseus/ros/xarm_msgs/srv/SetLoad.l, /home/bryan/dissertation/summit_sim_git/devel/share/roseus/ros/xarm_msgs/srv/SetLoad.l)
Cleaning: (/home/bryan/dissertation/summit_sim_git/devel/.private/xarm_msgs/share/roseus/ros/xarm_msgs/srv/SetDigitalIO.l, /home/bryan/dissertation/summit_sim_git/devel/share/roseus/ros/xarm_msgs/srv/SetDigitalIO.l)
Cleaning: (/home/bryan/dissertation/summit_sim_git/devel/.private/xarm_msgs/share/roseus/ros/xarm_msgs/srv/GripperConfig.l, /home/bryan/dissertation/summit_sim_git/devel/share/roseus/ros/xarm_msgs/srv/GripperConfig.l)
Cleaning: (/home/bryan/dissertation/summit_sim_git/devel/.private/xarm_msgs/share/roseus/ros/xarm_msgs/srv/GripperState.l, /home/bryan/dissertation/summit_sim_git/devel/share/roseus/ros/xarm_msgs/srv/GripperState.l)
Cleaning: (/home/bryan/dissertation/summit_sim_git/devel/.private/xarm_msgs/share/roseus/ros/xarm_msgs/srv/GetErr.l, /home/bryan/dissertation/summit_sim_git/devel/share/roseus/ros/xarm_msgs/srv/GetErr.l)
Cleaning: (/home/bryan/dissertation/summit_sim_git/devel/.private/xarm_msgs/share/roseus/ros/xarm_msgs/srv/SetAxis.l, /home/bryan/dissertation/summit_sim_git/devel/share/roseus/ros/xarm_msgs/srv/SetAxis.l)
Cleaning: (/home/bryan/dissertation/summit_sim_git/devel/.private/xarm_msgs/share/roseus/ros/xarm_msgs/srv/SetToolModbus.l, /home/bryan/dissertation/summit_sim_git/devel/share/roseus/ros/xarm_msgs/srv/SetToolModbus.l)
Cleaning: (/home/bryan/dissertation/summit_sim_git/devel/.private/xarm_msgs/share/roseus/ros/xarm_msgs/srv/Move.l, /home/bryan/dissertation/summit_sim_git/devel/share/roseus/ros/xarm_msgs/srv/Move.l)
Cleaning: (/home/bryan/dissertation/summit_sim_git/devel/.private/xarm_msgs/share/roseus/ros/xarm_msgs/srv/TCPOffset.l, /home/bryan/dissertation/summit_sim_git/devel/share/roseus/ros/xarm_msgs/srv/TCPOffset.l)
Cleaning: (/home/bryan/dissertation/summit_sim_git/devel/.private/xarm_msgs/share/roseus/ros/xarm_msgs/srv/ClearErr.l, /home/bryan/dissertation/summit_sim_git/devel/share/roseus/ros/xarm_msgs/srv/ClearErr.l)
Cleaning: (/home/bryan/dissertation/summit_sim_git/devel/.private/xarm_msgs/share/roseus/ros/xarm_msgs/srv/GetDigitalIO.l, /home/bryan/dissertation/summit_sim_git/devel/share/roseus/ros/xarm_msgs/srv/GetDigitalIO.l)
Cleaning: (/home/bryan/dissertation/summit_sim_git/devel/.private/xarm_msgs/share/roseus/ros/xarm_msgs/srv/ConfigToolModbus.l, /home/bryan/dissertation/summit_sim_git/devel/share/roseus/ros/xarm_msgs/srv/ConfigToolModbus.l)
Cleaning: (/home/bryan/dissertation/summit_sim_git/devel/.private/xarm_msgs/share/roseus/ros/xarm_msgs/srv/SetInt16.l, /home/bryan/dissertation/summit_sim_git/devel/share/roseus/ros/xarm_msgs/srv/SetInt16.l)
Cleaning: (/home/bryan/dissertation/summit_sim_git/devel/.private/xarm_msgs/share/roseus/ros/xarm_msgs/srv/GetAnalogIO.l, /home/bryan/dissertation/summit_sim_git/devel/share/roseus/ros/xarm_msgs/srv/GetAnalogIO.l)
Cleaning: (/home/bryan/dissertation/summit_sim_git/devel/.private/xarm_msgs/share/roseus/ros/xarm_msgs/srv/GripperMove.l, /home/bryan/dissertation/summit_sim_git/devel/share/roseus/ros/xarm_msgs/srv/GripperMove.l)
Cleaning: (/home/bryan/dissertation/summit_sim_git/devel/.private/xarm_msgs/share/roseus/ros/xarm_msgs/srv/GetControllerDigitalIO.l, /home/bryan/dissertation/summit_sim_git/devel/share/roseus/ros/xarm_msgs/srv/GetControllerDigitalIO.l)
Cleaning: (/home/bryan/dissertation/summit_sim_git/devel/.private/xarm_msgs/share/xarm_msgs/cmake/xarm_msgs-msg-paths.cmake, /home/bryan/dissertation/summit_sim_git/devel/share/xarm_msgs/cmake/xarm_msgs-msg-paths.cmake)
Cleaning: (/home/bryan/dissertation/summit_sim_git/devel/.private/xarm_msgs/share/xarm_msgs/cmake/xarm_msgsConfig.cmake, /home/bryan/dissertation/summit_sim_git/devel/share/xarm_msgs/cmake/xarm_msgsConfig.cmake)
Cleaning: (/home/bryan/dissertation/summit_sim_git/devel/.private/xarm_msgs/share/xarm_msgs/cmake/xarm_msgs-msg-extras.cmake, /home/bryan/dissertation/summit_sim_git/devel/share/xarm_msgs/cmake/xarm_msgs-msg-extras.cmake)
Cleaning: (/home/bryan/dissertation/summit_sim_git/devel/.private/xarm_msgs/share/xarm_msgs/cmake/xarm_msgsConfig-version.cmake, /home/bryan/dissertation/summit_sim_git/devel/share/xarm_msgs/cmake/xarm_msgsConfig-version.cmake)
Cleaning: (/home/bryan/dissertation/summit_sim_git/devel/.private/xarm_msgs/share/gennodejs/ros/xarm_msgs/_index.js, /home/bryan/dissertation/summit_sim_git/devel/share/gennodejs/ros/xarm_msgs/_index.js)
Cleaning: (/home/bryan/dissertation/summit_sim_git/devel/.private/xarm_msgs/share/gennodejs/ros/xarm_msgs/msg/IOState.js, /home/bryan/dissertation/summit_sim_git/devel/share/gennodejs/ros/xarm_msgs/msg/IOState.js)
Cleaning: (/home/bryan/dissertation/summit_sim_git/devel/.private/xarm_msgs/share/gennodejs/ros/xarm_msgs/msg/RobotMsg.js, /home/bryan/dissertation/summit_sim_git/devel/share/gennodejs/ros/xarm_msgs/msg/RobotMsg.js)
Cleaning: (/home/bryan/dissertation/summit_sim_git/devel/.private/xarm_msgs/share/gennodejs/ros/xarm_msgs/msg/_index.js, /home/bryan/dissertation/summit_sim_git/devel/share/gennodejs/ros/xarm_msgs/msg/_index.js)
Cleaning: (/home/bryan/dissertation/summit_sim_git/devel/.private/xarm_msgs/share/gennodejs/ros/xarm_msgs/srv/GripperState.js, /home/bryan/dissertation/summit_sim_git/devel/share/gennodejs/ros/xarm_msgs/srv/GripperState.js)
Cleaning: (/home/bryan/dissertation/summit_sim_git/devel/.private/xarm_msgs/share/gennodejs/ros/xarm_msgs/srv/GetControllerDigitalIO.js, /home/bryan/dissertation/summit_sim_git/devel/share/gennodejs/ros/xarm_msgs/srv/GetControllerDigitalIO.js)
Cleaning: (/home/bryan/dissertation/summit_sim_git/devel/.private/xarm_msgs/share/gennodejs/ros/xarm_msgs/srv/SetToolModbus.js, /home/bryan/dissertation/summit_sim_git/devel/share/gennodejs/ros/xarm_msgs/srv/SetToolModbus.js)
Cleaning: (/home/bryan/dissertation/summit_sim_git/devel/.private/xarm_msgs/share/gennodejs/ros/xarm_msgs/srv/TCPOffset.js, /home/bryan/dissertation/summit_sim_git/devel/share/gennodejs/ros/xarm_msgs/srv/TCPOffset.js)
Cleaning: (/home/bryan/dissertation/summit_sim_git/devel/.private/xarm_msgs/share/gennodejs/ros/xarm_msgs/srv/GetDigitalIO.js, /home/bryan/dissertation/summit_sim_git/devel/share/gennodejs/ros/xarm_msgs/srv/GetDigitalIO.js)
Cleaning: (/home/bryan/dissertation/summit_sim_git/devel/.private/xarm_msgs/share/gennodejs/ros/xarm_msgs/srv/SetInt16.js, /home/bryan/dissertation/summit_sim_git/devel/share/gennodejs/ros/xarm_msgs/srv/SetInt16.js)
Cleaning: (/home/bryan/dissertation/summit_sim_git/devel/.private/xarm_msgs/share/gennodejs/ros/xarm_msgs/srv/GetAnalogIO.js, /home/bryan/dissertation/summit_sim_git/devel/share/gennodejs/ros/xarm_msgs/srv/GetAnalogIO.js)
Cleaning: (/home/bryan/dissertation/summit_sim_git/devel/.private/xarm_msgs/share/gennodejs/ros/xarm_msgs/srv/SetDigitalIO.js, /home/bryan/dissertation/summit_sim_git/devel/share/gennodejs/ros/xarm_msgs/srv/SetDigitalIO.js)
Cleaning: (/home/bryan/dissertation/summit_sim_git/devel/.private/xarm_msgs/share/gennodejs/ros/xarm_msgs/srv/GripperConfig.js, /home/bryan/dissertation/summit_sim_git/devel/share/gennodejs/ros/xarm_msgs/srv/GripperConfig.js)
Cleaning: (/home/bryan/dissertation/summit_sim_git/devel/.private/xarm_msgs/share/gennodejs/ros/xarm_msgs/srv/GetErr.js, /home/bryan/dissertation/summit_sim_git/devel/share/gennodejs/ros/xarm_msgs/srv/GetErr.js)
Cleaning: (/home/bryan/dissertation/summit_sim_git/devel/.private/xarm_msgs/share/gennodejs/ros/xarm_msgs/srv/SetAxis.js, /home/bryan/dissertation/summit_sim_git/devel/share/gennodejs/ros/xarm_msgs/srv/SetAxis.js)
Cleaning: (/home/bryan/dissertation/summit_sim_git/devel/.private/xarm_msgs/share/gennodejs/ros/xarm_msgs/srv/Move.js, /home/bryan/dissertation/summit_sim_git/devel/share/gennodejs/ros/xarm_msgs/srv/Move.js)
Cleaning: (/home/bryan/dissertation/summit_sim_git/devel/.private/xarm_msgs/share/gennodejs/ros/xarm_msgs/srv/SetLoad.js, /home/bryan/dissertation/summit_sim_git/devel/share/gennodejs/ros/xarm_msgs/srv/SetLoad.js)
Cleaning: (/home/bryan/dissertation/summit_sim_git/devel/.private/xarm_msgs/share/gennodejs/ros/xarm_msgs/srv/_index.js, /home/bryan/dissertation/summit_sim_git/devel/share/gennodejs/ros/xarm_msgs/srv/_index.js)
Cleaning: (/home/bryan/dissertation/summit_sim_git/devel/.private/xarm_msgs/share/gennodejs/ros/xarm_msgs/srv/ConfigToolModbus.js, /home/bryan/dissertation/summit_sim_git/devel/share/gennodejs/ros/xarm_msgs/srv/ConfigToolModbus.js)
Cleaning: (/home/bryan/dissertation/summit_sim_git/devel/.private/xarm_msgs/share/gennodejs/ros/xarm_msgs/srv/GripperMove.js, /home/bryan/dissertation/summit_sim_git/devel/share/gennodejs/ros/xarm_msgs/srv/GripperMove.js)
Cleaning: (/home/bryan/dissertation/summit_sim_git/devel/.private/xarm_msgs/share/gennodejs/ros/xarm_msgs/srv/ClearErr.js, /home/bryan/dissertation/summit_sim_git/devel/share/gennodejs/ros/xarm_msgs/srv/ClearErr.js)
Cleaning: (/home/bryan/dissertation/summit_sim_git/devel/.private/xarm_msgs/share/common-lisp/ros/xarm_msgs/msg/_package.lisp, /home/bryan/dissertation/summit_sim_git/devel/share/common-lisp/ros/xarm_msgs/msg/_package.lisp)
Cleaning: (/home/bryan/dissertation/summit_sim_git/devel/.private/xarm_msgs/share/common-lisp/ros/xarm_msgs/msg/RobotMsg.lisp, /home/bryan/dissertation/summit_sim_git/devel/share/common-lisp/ros/xarm_msgs/msg/RobotMsg.lisp)
Cleaning: (/home/bryan/dissertation/summit_sim_git/devel/.private/xarm_msgs/share/common-lisp/ros/xarm_msgs/msg/IOState.lisp, /home/bryan/dissertation/summit_sim_git/devel/share/common-lisp/ros/xarm_msgs/msg/IOState.lisp)
Cleaning: (/home/bryan/dissertation/summit_sim_git/devel/.private/xarm_msgs/share/common-lisp/ros/xarm_msgs/msg/_package_IOState.lisp, /home/bryan/dissertation/summit_sim_git/devel/share/common-lisp/ros/xarm_msgs/msg/_package_IOState.lisp)
Cleaning: (/home/bryan/dissertation/summit_sim_git/devel/.private/xarm_msgs/share/common-lisp/ros/xarm_msgs/msg/_package_RobotMsg.lisp, /home/bryan/dissertation/summit_sim_git/devel/share/common-lisp/ros/xarm_msgs/msg/_package_RobotMsg.lisp)
Cleaning: (/home/bryan/dissertation/summit_sim_git/devel/.private/xarm_msgs/share/common-lisp/ros/xarm_msgs/msg/xarm_msgs-msg.asd, /home/bryan/dissertation/summit_sim_git/devel/share/common-lisp/ros/xarm_msgs/msg/xarm_msgs-msg.asd)
Cleaning: (/home/bryan/dissertation/summit_sim_git/devel/.private/xarm_msgs/share/common-lisp/ros/xarm_msgs/srv/TCPOffset.lisp, /home/bryan/dissertation/summit_sim_git/devel/share/common-lisp/ros/xarm_msgs/srv/TCPOffset.lisp)
Cleaning: (/home/bryan/dissertation/summit_sim_git/devel/.private/xarm_msgs/share/common-lisp/ros/xarm_msgs/srv/_package.lisp, /home/bryan/dissertation/summit_sim_git/devel/share/common-lisp/ros/xarm_msgs/srv/_package.lisp)
Cleaning: (/home/bryan/dissertation/summit_sim_git/devel/.private/xarm_msgs/share/common-lisp/ros/xarm_msgs/srv/_package_GetDigitalIO.lisp, /home/bryan/dissertation/summit_sim_git/devel/share/common-lisp/ros/xarm_msgs/srv/_package_GetDigitalIO.lisp)
Cleaning: (/home/bryan/dissertation/summit_sim_git/devel/.private/xarm_msgs/share/common-lisp/ros/xarm_msgs/srv/_package_SetAxis.lisp, /home/bryan/dissertation/summit_sim_git/devel/share/common-lisp/ros/xarm_msgs/srv/_package_SetAxis.lisp)
Cleaning: (/home/bryan/dissertation/summit_sim_git/devel/.private/xarm_msgs/share/common-lisp/ros/xarm_msgs/srv/SetAxis.lisp, /home/bryan/dissertation/summit_sim_git/devel/share/common-lisp/ros/xarm_msgs/srv/SetAxis.lisp)
Cleaning: (/home/bryan/dissertation/summit_sim_git/devel/.private/xarm_msgs/share/common-lisp/ros/xarm_msgs/srv/_package_ConfigToolModbus.lisp, /home/bryan/dissertation/summit_sim_git/devel/share/common-lisp/ros/xarm_msgs/srv/_package_ConfigToolModbus.lisp)
Cleaning: (/home/bryan/dissertation/summit_sim_git/devel/.private/xarm_msgs/share/common-lisp/ros/xarm_msgs/srv/_package_ClearErr.lisp, /home/bryan/dissertation/summit_sim_git/devel/share/common-lisp/ros/xarm_msgs/srv/_package_ClearErr.lisp)
Cleaning: (/home/bryan/dissertation/summit_sim_git/devel/.private/xarm_msgs/share/common-lisp/ros/xarm_msgs/srv/GripperMove.lisp, /home/bryan/dissertation/summit_sim_git/devel/share/common-lisp/ros/xarm_msgs/srv/GripperMove.lisp)
Cleaning: (/home/bryan/dissertation/summit_sim_git/devel/.private/xarm_msgs/share/common-lisp/ros/xarm_msgs/srv/SetLoad.lisp, /home/bryan/dissertation/summit_sim_git/devel/share/common-lisp/ros/xarm_msgs/srv/SetLoad.lisp)
Cleaning: (/home/bryan/dissertation/summit_sim_git/devel/.private/xarm_msgs/share/common-lisp/ros/xarm_msgs/srv/ConfigToolModbus.lisp, /home/bryan/dissertation/summit_sim_git/devel/share/common-lisp/ros/xarm_msgs/srv/ConfigToolModbus.lisp)
Cleaning: (/home/bryan/dissertation/summit_sim_git/devel/.private/xarm_msgs/share/common-lisp/ros/xarm_msgs/srv/_package_GetErr.lisp, /home/bryan/dissertation/summit_sim_git/devel/share/common-lisp/ros/xarm_msgs/srv/_package_GetErr.lisp)
Cleaning: (/home/bryan/dissertation/summit_sim_git/devel/.private/xarm_msgs/share/common-lisp/ros/xarm_msgs/srv/GetAnalogIO.lisp, /home/bryan/dissertation/summit_sim_git/devel/share/common-lisp/ros/xarm_msgs/srv/GetAnalogIO.lisp)
Cleaning: (/home/bryan/dissertation/summit_sim_git/devel/.private/xarm_msgs/share/common-lisp/ros/xarm_msgs/srv/_package_Move.lisp, /home/bryan/dissertation/summit_sim_git/devel/share/common-lisp/ros/xarm_msgs/srv/_package_Move.lisp)
Cleaning: (/home/bryan/dissertation/summit_sim_git/devel/.private/xarm_msgs/share/common-lisp/ros/xarm_msgs/srv/xarm_msgs-srv.asd, /home/bryan/dissertation/summit_sim_git/devel/share/common-lisp/ros/xarm_msgs/srv/xarm_msgs-srv.asd)
Cleaning: (/home/bryan/dissertation/summit_sim_git/devel/.private/xarm_msgs/share/common-lisp/ros/xarm_msgs/srv/_package_GripperState.lisp, /home/bryan/dissertation/summit_sim_git/devel/share/common-lisp/ros/xarm_msgs/srv/_package_GripperState.lisp)
Cleaning: (/home/bryan/dissertation/summit_sim_git/devel/.private/xarm_msgs/share/common-lisp/ros/xarm_msgs/srv/_package_GetControllerDigitalIO.lisp, /home/bryan/dissertation/summit_sim_git/devel/share/common-lisp/ros/xarm_msgs/srv/_package_GetControllerDigitalIO.lisp)
Cleaning: (/home/bryan/dissertation/summit_sim_git/devel/.private/xarm_msgs/share/common-lisp/ros/xarm_msgs/srv/GetDigitalIO.lisp, /home/bryan/dissertation/summit_sim_git/devel/share/common-lisp/ros/xarm_msgs/srv/GetDigitalIO.lisp)
Cleaning: (/home/bryan/dissertation/summit_sim_git/devel/.private/xarm_msgs/share/common-lisp/ros/xarm_msgs/srv/_package_SetLoad.lisp, /home/bryan/dissertation/summit_sim_git/devel/share/common-lisp/ros/xarm_msgs/srv/_package_SetLoad.lisp)
Cleaning: (/home/bryan/dissertation/summit_sim_git/devel/.private/xarm_msgs/share/common-lisp/ros/xarm_msgs/srv/ClearErr.lisp, /home/bryan/dissertation/summit_sim_git/devel/share/common-lisp/ros/xarm_msgs/srv/ClearErr.lisp)
Cleaning: (/home/bryan/dissertation/summit_sim_git/devel/.private/xarm_msgs/share/common-lisp/ros/xarm_msgs/srv/GetErr.lisp, /home/bryan/dissertation/summit_sim_git/devel/share/common-lisp/ros/xarm_msgs/srv/GetErr.lisp)
Cleaning: (/home/bryan/dissertation/summit_sim_git/devel/.private/xarm_msgs/share/common-lisp/ros/xarm_msgs/srv/_package_SetInt16.lisp, /home/bryan/dissertation/summit_sim_git/devel/share/common-lisp/ros/xarm_msgs/srv/_package_SetInt16.lisp)
Cleaning: (/home/bryan/dissertation/summit_sim_git/devel/.private/xarm_msgs/share/common-lisp/ros/xarm_msgs/srv/SetInt16.lisp, /home/bryan/dissertation/summit_sim_git/devel/share/common-lisp/ros/xarm_msgs/srv/SetInt16.lisp)
Cleaning: (/home/bryan/dissertation/summit_sim_git/devel/.private/xarm_msgs/share/common-lisp/ros/xarm_msgs/srv/_package_GripperConfig.lisp, /home/bryan/dissertation/summit_sim_git/devel/share/common-lisp/ros/xarm_msgs/srv/_package_GripperConfig.lisp)
Cleaning: (/home/bryan/dissertation/summit_sim_git/devel/.private/xarm_msgs/share/common-lisp/ros/xarm_msgs/srv/_package_GripperMove.lisp, /home/bryan/dissertation/summit_sim_git/devel/share/common-lisp/ros/xarm_msgs/srv/_package_GripperMove.lisp)
Cleaning: (/home/bryan/dissertation/summit_sim_git/devel/.private/xarm_msgs/share/common-lisp/ros/xarm_msgs/srv/_package_TCPOffset.lisp, /home/bryan/dissertation/summit_sim_git/devel/share/common-lisp/ros/xarm_msgs/srv/_package_TCPOffset.lisp)
Cleaning: (/home/bryan/dissertation/summit_sim_git/devel/.private/xarm_msgs/share/common-lisp/ros/xarm_msgs/srv/SetToolModbus.lisp, /home/bryan/dissertation/summit_sim_git/devel/share/common-lisp/ros/xarm_msgs/srv/SetToolModbus.lisp)
Cleaning: (/home/bryan/dissertation/summit_sim_git/devel/.private/xarm_msgs/share/common-lisp/ros/xarm_msgs/srv/GripperState.lisp, /home/bryan/dissertation/summit_sim_git/devel/share/common-lisp/ros/xarm_msgs/srv/GripperState.lisp)
Cleaning: (/home/bryan/dissertation/summit_sim_git/devel/.private/xarm_msgs/share/common-lisp/ros/xarm_msgs/srv/GetControllerDigitalIO.lisp, /home/bryan/dissertation/summit_sim_git/devel/share/common-lisp/ros/xarm_msgs/srv/GetControllerDigitalIO.lisp)
Cleaning: (/home/bryan/dissertation/summit_sim_git/devel/.private/xarm_msgs/share/common-lisp/ros/xarm_msgs/srv/_package_SetDigitalIO.lisp, /home/bryan/dissertation/summit_sim_git/devel/share/common-lisp/ros/xarm_msgs/srv/_package_SetDigitalIO.lisp)
Cleaning: (/home/bryan/dissertation/summit_sim_git/devel/.private/xarm_msgs/share/common-lisp/ros/xarm_msgs/srv/_package_GetAnalogIO.lisp, /home/bryan/dissertation/summit_sim_git/devel/share/common-lisp/ros/xarm_msgs/srv/_package_GetAnalogIO.lisp)
Cleaning: (/home/bryan/dissertation/summit_sim_git/devel/.private/xarm_msgs/share/common-lisp/ros/xarm_msgs/srv/SetDigitalIO.lisp, /home/bryan/dissertation/summit_sim_git/devel/share/common-lisp/ros/xarm_msgs/srv/SetDigitalIO.lisp)
Cleaning: (/home/bryan/dissertation/summit_sim_git/devel/.private/xarm_msgs/share/common-lisp/ros/xarm_msgs/srv/_package_SetToolModbus.lisp, /home/bryan/dissertation/summit_sim_git/devel/share/common-lisp/ros/xarm_msgs/srv/_package_SetToolModbus.lisp)
Cleaning: (/home/bryan/dissertation/summit_sim_git/devel/.private/xarm_msgs/share/common-lisp/ros/xarm_msgs/srv/Move.lisp, /home/bryan/dissertation/summit_sim_git/devel/share/common-lisp/ros/xarm_msgs/srv/Move.lisp)
Cleaning: (/home/bryan/dissertation/summit_sim_git/devel/.private/xarm_msgs/share/common-lisp/ros/xarm_msgs/srv/GripperConfig.lisp, /home/bryan/dissertation/summit_sim_git/devel/share/common-lisp/ros/xarm_msgs/srv/GripperConfig.lisp)
Unlinking: /home/bryan/dissertation/summit_sim_git/devel/include/xarm_msgs/SetLoadResponse.h
Already unlinked: {}
Unlinking: /home/bryan/dissertation/summit_sim_git/devel/include/xarm_msgs/MoveRequest.h
Already unlinked: {}
Unlinking: /home/bryan/dissertation/summit_sim_git/devel/include/xarm_msgs/TCPOffset.h
Already unlinked: {}
Unlinking: /home/bryan/dissertation/summit_sim_git/devel/include/xarm_msgs/GetAnalogIORequest.h
Already unlinked: {}
Unlinking: /home/bryan/dissertation/summit_sim_git/devel/include/xarm_msgs/Move.h
Already unlinked: {}
Unlinking: /home/bryan/dissertation/summit_sim_git/devel/include/xarm_msgs/SetToolModbusResponse.h
Already unlinked: {}
Unlinking: /home/bryan/dissertation/summit_sim_git/devel/include/xarm_msgs/ConfigToolModbusRequest.h
Already unlinked: {}
Unlinking: /home/bryan/dissertation/summit_sim_git/devel/include/xarm_msgs/SetToolModbus.h
Already unlinked: {}
Unlinking: /home/bryan/dissertation/summit_sim_git/devel/include/xarm_msgs/GripperMoveResponse.h
Already unlinked: {}
Unlinking: /home/bryan/dissertation/summit_sim_git/devel/include/xarm_msgs/GetControllerDigitalIOResponse.h
Already unlinked: {}
Unlinking: /home/bryan/dissertation/summit_sim_git/devel/include/xarm_msgs/SetLoadRequest.h
Already unlinked: {}
Unlinking: /home/bryan/dissertation/summit_sim_git/devel/include/xarm_msgs/GripperMove.h
Already unlinked: {}
Unlinking: /home/bryan/dissertation/summit_sim_git/devel/include/xarm_msgs/GetAnalogIOResponse.h
Already unlinked: {}
Unlinking: /home/bryan/dissertation/summit_sim_git/devel/include/xarm_msgs/SetInt16Response.h
Already unlinked: {}
Unlinking: /home/bryan/dissertation/summit_sim_git/devel/include/xarm_msgs/GripperConfigResponse.h
Already unlinked: {}
Unlinking: /home/bryan/dissertation/summit_sim_git/devel/include/xarm_msgs/GetErrRequest.h
Already unlinked: {}
Unlinking: /home/bryan/dissertation/summit_sim_git/devel/include/xarm_msgs/ClearErrResponse.h
Already unlinked: {}
Unlinking: /home/bryan/dissertation/summit_sim_git/devel/include/xarm_msgs/GetDigitalIOResponse.h
Already unlinked: {}
Unlinking: /home/bryan/dissertation/summit_sim_git/devel/include/xarm_msgs/SetAxisResponse.h
Already unlinked: {}
Unlinking: /home/bryan/dissertation/summit_sim_git/devel/include/xarm_msgs/TCPOffsetRequest.h
Already unlinked: {}
Unlinking: /home/bryan/dissertation/summit_sim_git/devel/include/xarm_msgs/IOState.h
Already unlinked: {}
Unlinking: /home/bryan/dissertation/summit_sim_git/devel/include/xarm_msgs/SetDigitalIO.h
Already unlinked: {}
Unlinking: /home/bryan/dissertation/summit_sim_git/devel/include/xarm_msgs/GripperStateResponse.h
Already unlinked: {}
Unlinking: /home/bryan/dissertation/summit_sim_git/devel/include/xarm_msgs/GripperState.h
Already unlinked: {}
Unlinking: /home/bryan/dissertation/summit_sim_git/devel/include/xarm_msgs/GetControllerDigitalIO.h
Already unlinked: {}
Unlinking: /home/bryan/dissertation/summit_sim_git/devel/include/xarm_msgs/SetAxisRequest.h
Already unlinked: {}
Unlinking: /home/bryan/dissertation/summit_sim_git/devel/include/xarm_msgs/SetInt16.h
Already unlinked: {}
Unlinking: /home/bryan/dissertation/summit_sim_git/devel/include/xarm_msgs/TCPOffsetResponse.h
Already unlinked: {}
Unlinking: /home/bryan/dissertation/summit_sim_git/devel/include/xarm_msgs/GripperMoveRequest.h
Already unlinked: {}
Unlinking: /home/bryan/dissertation/summit_sim_git/devel/include/xarm_msgs/SetDigitalIORequest.h
Already unlinked: {}
Unlinking: /home/bryan/dissertation/summit_sim_git/devel/include/xarm_msgs/ConfigToolModbusResponse.h
Already unlinked: {}
Unlinking: /home/bryan/dissertation/summit_sim_git/devel/include/xarm_msgs/SetInt16Request.h
Already unlinked: {}
Unlinking: /home/bryan/dissertation/summit_sim_git/devel/include/xarm_msgs/ConfigToolModbus.h
Already unlinked: {}
Unlinking: /home/bryan/dissertation/summit_sim_git/devel/include/xarm_msgs/GetControllerDigitalIORequest.h
Already unlinked: {}
Unlinking: /home/bryan/dissertation/summit_sim_git/devel/include/xarm_msgs/GripperConfigRequest.h
Already unlinked: {}
Unlinking: /home/bryan/dissertation/summit_sim_git/devel/include/xarm_msgs/GetAnalogIO.h
Already unlinked: {}
Unlinking: /home/bryan/dissertation/summit_sim_git/devel/include/xarm_msgs/SetToolModbusRequest.h
Already unlinked: {}
Unlinking: /home/bryan/dissertation/summit_sim_git/devel/include/xarm_msgs/GripperStateRequest.h
Already unlinked: {}
Unlinking: /home/bryan/dissertation/summit_sim_git/devel/include/xarm_msgs/GetErrResponse.h
Already unlinked: {}
Unlinking: /home/bryan/dissertation/summit_sim_git/devel/include/xarm_msgs/GripperConfig.h
Already unlinked: {}
Unlinking: /home/bryan/dissertation/summit_sim_git/devel/include/xarm_msgs/ClearErrRequest.h
Already unlinked: {}
Unlinking: /home/bryan/dissertation/summit_sim_git/devel/include/xarm_msgs/GetErr.h
Already unlinked: {}
Unlinking: /home/bryan/dissertation/summit_sim_git/devel/include/xarm_msgs/SetLoad.h
Already unlinked: {}
Unlinking: /home/bryan/dissertation/summit_sim_git/devel/include/xarm_msgs/SetAxis.h
Already unlinked: {}
Unlinking: /home/bryan/dissertation/summit_sim_git/devel/include/xarm_msgs/MoveResponse.h
Already unlinked: {}
Unlinking: /home/bryan/dissertation/summit_sim_git/devel/include/xarm_msgs/RobotMsg.h
Already unlinked: {}
Unlinking: /home/bryan/dissertation/summit_sim_git/devel/include/xarm_msgs/SetDigitalIOResponse.h
Already unlinked: {}
Unlinking: /home/bryan/dissertation/summit_sim_git/devel/include/xarm_msgs/GetDigitalIORequest.h
Already unlinked: {}
Unlinking: /home/bryan/dissertation/summit_sim_git/devel/include/xarm_msgs/GetDigitalIO.h
Already unlinked: {}
Unlinking: /home/bryan/dissertation/summit_sim_git/devel/include/xarm_msgs/ClearErr.h
Already unlinked: {}
Unlinking: /home/bryan/dissertation/summit_sim_git/devel/lib/python3/dist-packages/xarm_msgs/__init__.py
Already unlinked: {}
Unlinking: /home/bryan/dissertation/summit_sim_git/devel/lib/python3/dist-packages/xarm_msgs/msg/_RobotMsg.py
Already unlinked: {}
Unlinking: /home/bryan/dissertation/summit_sim_git/devel/lib/python3/dist-packages/xarm_msgs/msg/__init__.py
Already unlinked: {}
Unlinking: /home/bryan/dissertation/summit_sim_git/devel/lib/python3/dist-packages/xarm_msgs/msg/_IOState.py
Already unlinked: {}
Unlinking: /home/bryan/dissertation/summit_sim_git/devel/lib/python3/dist-packages/xarm_msgs/srv/_GetDigitalIO.py
Already unlinked: {}
Unlinking: /home/bryan/dissertation/summit_sim_git/devel/lib/python3/dist-packages/xarm_msgs/srv/_SetDigitalIO.py
Already unlinked: {}
Unlinking: /home/bryan/dissertation/summit_sim_git/devel/lib/python3/dist-packages/xarm_msgs/srv/_SetAxis.py
Already unlinked: {}
Unlinking: /home/bryan/dissertation/summit_sim_git/devel/lib/python3/dist-packages/xarm_msgs/srv/_GetAnalogIO.py
Already unlinked: {}
Unlinking: /home/bryan/dissertation/summit_sim_git/devel/lib/python3/dist-packages/xarm_msgs/srv/_ClearErr.py
Already unlinked: {}
Unlinking: /home/bryan/dissertation/summit_sim_git/devel/lib/python3/dist-packages/xarm_msgs/srv/_GetControllerDigitalIO.py
Already unlinked: {}
Unlinking: /home/bryan/dissertation/summit_sim_git/devel/lib/python3/dist-packages/xarm_msgs/srv/_GripperConfig.py
Already unlinked: {}
Unlinking: /home/bryan/dissertation/summit_sim_git/devel/lib/python3/dist-packages/xarm_msgs/srv/_TCPOffset.py
Already unlinked: {}
Unlinking: /home/bryan/dissertation/summit_sim_git/devel/lib/python3/dist-packages/xarm_msgs/srv/_Move.py
Already unlinked: {}
Unlinking: /home/bryan/dissertation/summit_sim_git/devel/lib/python3/dist-packages/xarm_msgs/srv/_GripperState.py
Already unlinked: {}
Unlinking: /home/bryan/dissertation/summit_sim_git/devel/lib/python3/dist-packages/xarm_msgs/srv/_GripperMove.py
Already unlinked: {}
Unlinking: /home/bryan/dissertation/summit_sim_git/devel/lib/python3/dist-packages/xarm_msgs/srv/__init__.py
Already unlinked: {}
Unlinking: /home/bryan/dissertation/summit_sim_git/devel/lib/python3/dist-packages/xarm_msgs/srv/_SetToolModbus.py
Already unlinked: {}
Unlinking: /home/bryan/dissertation/summit_sim_git/devel/lib/python3/dist-packages/xarm_msgs/srv/_GetErr.py
Already unlinked: {}
Unlinking: /home/bryan/dissertation/summit_sim_git/devel/lib/python3/dist-packages/xarm_msgs/srv/_SetLoad.py
Already unlinked: {}
Unlinking: /home/bryan/dissertation/summit_sim_git/devel/lib/python3/dist-packages/xarm_msgs/srv/_SetInt16.py
Already unlinked: {}
Unlinking: /home/bryan/dissertation/summit_sim_git/devel/lib/python3/dist-packages/xarm_msgs/srv/_ConfigToolModbus.py
Already unlinked: {}
Unlinking: /home/bryan/dissertation/summit_sim_git/devel/lib/pkgconfig/xarm_msgs.pc
Already unlinked: {}
Unlinking: /home/bryan/dissertation/summit_sim_git/devel/share/roseus/ros/xarm_msgs/manifest.l
Already unlinked: {}
Unlinking: /home/bryan/dissertation/summit_sim_git/devel/share/roseus/ros/xarm_msgs/msg/RobotMsg.l
Already unlinked: {}
Unlinking: /home/bryan/dissertation/summit_sim_git/devel/share/roseus/ros/xarm_msgs/msg/IOState.l
Already unlinked: {}
Unlinking: /home/bryan/dissertation/summit_sim_git/devel/share/roseus/ros/xarm_msgs/srv/SetLoad.l
Already unlinked: {}
Unlinking: /home/bryan/dissertation/summit_sim_git/devel/share/roseus/ros/xarm_msgs/srv/SetDigitalIO.l
Already unlinked: {}
Unlinking: /home/bryan/dissertation/summit_sim_git/devel/share/roseus/ros/xarm_msgs/srv/GripperConfig.l
Already unlinked: {}
Unlinking: /home/bryan/dissertation/summit_sim_git/devel/share/roseus/ros/xarm_msgs/srv/GripperState.l
Already unlinked: {}
Unlinking: /home/bryan/dissertation/summit_sim_git/devel/share/roseus/ros/xarm_msgs/srv/GetErr.l
Already unlinked: {}
Unlinking: /home/bryan/dissertation/summit_sim_git/devel/share/roseus/ros/xarm_msgs/srv/SetAxis.l
Already unlinked: {}
Unlinking: /home/bryan/dissertation/summit_sim_git/devel/share/roseus/ros/xarm_msgs/srv/SetToolModbus.l
Already unlinked: {}
Unlinking: /home/bryan/dissertation/summit_sim_git/devel/share/roseus/ros/xarm_msgs/srv/Move.l
Already unlinked: {}
Unlinking: /home/bryan/dissertation/summit_sim_git/devel/share/roseus/ros/xarm_msgs/srv/TCPOffset.l
Already unlinked: {}
Unlinking: /home/bryan/dissertation/summit_sim_git/devel/share/roseus/ros/xarm_msgs/srv/ClearErr.l
Already unlinked: {}
Unlinking: /home/bryan/dissertation/summit_sim_git/devel/share/roseus/ros/xarm_msgs/srv/GetDigitalIO.l
Already unlinked: {}
Unlinking: /home/bryan/dissertation/summit_sim_git/devel/share/roseus/ros/xarm_msgs/srv/ConfigToolModbus.l
Already unlinked: {}
Unlinking: /home/bryan/dissertation/summit_sim_git/devel/share/roseus/ros/xarm_msgs/srv/SetInt16.l
Already unlinked: {}
Unlinking: /home/bryan/dissertation/summit_sim_git/devel/share/roseus/ros/xarm_msgs/srv/GetAnalogIO.l
Already unlinked: {}
Unlinking: /home/bryan/dissertation/summit_sim_git/devel/share/roseus/ros/xarm_msgs/srv/GripperMove.l
Already unlinked: {}
Unlinking: /home/bryan/dissertation/summit_sim_git/devel/share/roseus/ros/xarm_msgs/srv/GetControllerDigitalIO.l
Already unlinked: {}
Unlinking: /home/bryan/dissertation/summit_sim_git/devel/share/xarm_msgs/cmake/xarm_msgs-msg-paths.cmake
Already unlinked: {}
Unlinking: /home/bryan/dissertation/summit_sim_git/devel/share/xarm_msgs/cmake/xarm_msgsConfig.cmake
Already unlinked: {}
Unlinking: /home/bryan/dissertation/summit_sim_git/devel/share/xarm_msgs/cmake/xarm_msgs-msg-extras.cmake
Already unlinked: {}
Unlinking: /home/bryan/dissertation/summit_sim_git/devel/share/xarm_msgs/cmake/xarm_msgsConfig-version.cmake
Already unlinked: {}
Unlinking: /home/bryan/dissertation/summit_sim_git/devel/share/gennodejs/ros/xarm_msgs/_index.js
Already unlinked: {}
Unlinking: /home/bryan/dissertation/summit_sim_git/devel/share/gennodejs/ros/xarm_msgs/msg/IOState.js
Already unlinked: {}
Unlinking: /home/bryan/dissertation/summit_sim_git/devel/share/gennodejs/ros/xarm_msgs/msg/RobotMsg.js
Already unlinked: {}
Unlinking: /home/bryan/dissertation/summit_sim_git/devel/share/gennodejs/ros/xarm_msgs/msg/_index.js
Already unlinked: {}
Unlinking: /home/bryan/dissertation/summit_sim_git/devel/share/gennodejs/ros/xarm_msgs/srv/GripperState.js
Already unlinked: {}
Unlinking: /home/bryan/dissertation/summit_sim_git/devel/share/gennodejs/ros/xarm_msgs/srv/GetControllerDigitalIO.js
Already unlinked: {}
Unlinking: /home/bryan/dissertation/summit_sim_git/devel/share/gennodejs/ros/xarm_msgs/srv/SetToolModbus.js
Already unlinked: {}
Unlinking: /home/bryan/dissertation/summit_sim_git/devel/share/gennodejs/ros/xarm_msgs/srv/TCPOffset.js
Already unlinked: {}
Unlinking: /home/bryan/dissertation/summit_sim_git/devel/share/gennodejs/ros/xarm_msgs/srv/GetDigitalIO.js
Already unlinked: {}
Unlinking: /home/bryan/dissertation/summit_sim_git/devel/share/gennodejs/ros/xarm_msgs/srv/SetInt16.js
Already unlinked: {}
Unlinking: /home/bryan/dissertation/summit_sim_git/devel/share/gennodejs/ros/xarm_msgs/srv/GetAnalogIO.js
Already unlinked: {}
Unlinking: /home/bryan/dissertation/summit_sim_git/devel/share/gennodejs/ros/xarm_msgs/srv/SetDigitalIO.js
Already unlinked: {}
Unlinking: /home/bryan/dissertation/summit_sim_git/devel/share/gennodejs/ros/xarm_msgs/srv/GripperConfig.js
Already unlinked: {}
Unlinking: /home/bryan/dissertation/summit_sim_git/devel/share/gennodejs/ros/xarm_msgs/srv/GetErr.js
Already unlinked: {}
Unlinking: /home/bryan/dissertation/summit_sim_git/devel/share/gennodejs/ros/xarm_msgs/srv/SetAxis.js
Already unlinked: {}
Unlinking: /home/bryan/dissertation/summit_sim_git/devel/share/gennodejs/ros/xarm_msgs/srv/Move.js
Already unlinked: {}
Unlinking: /home/bryan/dissertation/summit_sim_git/devel/share/gennodejs/ros/xarm_msgs/srv/SetLoad.js
Already unlinked: {}
Unlinking: /home/bryan/dissertation/summit_sim_git/devel/share/gennodejs/ros/xarm_msgs/srv/_index.js
Already unlinked: {}
Unlinking: /home/bryan/dissertation/summit_sim_git/devel/share/gennodejs/ros/xarm_msgs/srv/ConfigToolModbus.js
Already unlinked: {}
Unlinking: /home/bryan/dissertation/summit_sim_git/devel/share/gennodejs/ros/xarm_msgs/srv/GripperMove.js
Already unlinked: {}
Unlinking: /home/bryan/dissertation/summit_sim_git/devel/share/gennodejs/ros/xarm_msgs/srv/ClearErr.js
Already unlinked: {}
Unlinking: /home/bryan/dissertation/summit_sim_git/devel/share/common-lisp/ros/xarm_msgs/msg/_package.lisp
Already unlinked: {}
Unlinking: /home/bryan/dissertation/summit_sim_git/devel/share/common-lisp/ros/xarm_msgs/msg/RobotMsg.lisp
Already unlinked: {}
Unlinking: /home/bryan/dissertation/summit_sim_git/devel/share/common-lisp/ros/xarm_msgs/msg/IOState.lisp
Already unlinked: {}
Unlinking: /home/bryan/dissertation/summit_sim_git/devel/share/common-lisp/ros/xarm_msgs/msg/_package_IOState.lisp
Already unlinked: {}
Unlinking: /home/bryan/dissertation/summit_sim_git/devel/share/common-lisp/ros/xarm_msgs/msg/_package_RobotMsg.lisp
Already unlinked: {}
Unlinking: /home/bryan/dissertation/summit_sim_git/devel/share/common-lisp/ros/xarm_msgs/msg/xarm_msgs-msg.asd
Already unlinked: {}
Unlinking: /home/bryan/dissertation/summit_sim_git/devel/share/common-lisp/ros/xarm_msgs/srv/TCPOffset.lisp
Already unlinked: {}
Unlinking: /home/bryan/dissertation/summit_sim_git/devel/share/common-lisp/ros/xarm_msgs/srv/_package.lisp
Already unlinked: {}
Unlinking: /home/bryan/dissertation/summit_sim_git/devel/share/common-lisp/ros/xarm_msgs/srv/_package_GetDigitalIO.lisp
Already unlinked: {}
Unlinking: /home/bryan/dissertation/summit_sim_git/devel/share/common-lisp/ros/xarm_msgs/srv/_package_SetAxis.lisp
Already unlinked: {}
Unlinking: /home/bryan/dissertation/summit_sim_git/devel/share/common-lisp/ros/xarm_msgs/srv/SetAxis.lisp
Already unlinked: {}
Unlinking: /home/bryan/dissertation/summit_sim_git/devel/share/common-lisp/ros/xarm_msgs/srv/_package_ConfigToolModbus.lisp
Already unlinked: {}
Unlinking: /home/bryan/dissertation/summit_sim_git/devel/share/common-lisp/ros/xarm_msgs/srv/_package_ClearErr.lisp
Already unlinked: {}
Unlinking: /home/bryan/dissertation/summit_sim_git/devel/share/common-lisp/ros/xarm_msgs/srv/GripperMove.lisp
Already unlinked: {}
Unlinking: /home/bryan/dissertation/summit_sim_git/devel/share/common-lisp/ros/xarm_msgs/srv/SetLoad.lisp
Already unlinked: {}
Unlinking: /home/bryan/dissertation/summit_sim_git/devel/share/common-lisp/ros/xarm_msgs/srv/ConfigToolModbus.lisp
Already unlinked: {}
Unlinking: /home/bryan/dissertation/summit_sim_git/devel/share/common-lisp/ros/xarm_msgs/srv/_package_GetErr.lisp
Already unlinked: {}
Unlinking: /home/bryan/dissertation/summit_sim_git/devel/share/common-lisp/ros/xarm_msgs/srv/GetAnalogIO.lisp
Already unlinked: {}
Unlinking: /home/bryan/dissertation/summit_sim_git/devel/share/common-lisp/ros/xarm_msgs/srv/_package_Move.lisp
Already unlinked: {}
Unlinking: /home/bryan/dissertation/summit_sim_git/devel/share/common-lisp/ros/xarm_msgs/srv/xarm_msgs-srv.asd
Already unlinked: {}
Unlinking: /home/bryan/dissertation/summit_sim_git/devel/share/common-lisp/ros/xarm_msgs/srv/_package_GripperState.lisp
Already unlinked: {}
Unlinking: /home/bryan/dissertation/summit_sim_git/devel/share/common-lisp/ros/xarm_msgs/srv/_package_GetControllerDigitalIO.lisp
Already unlinked: {}
Unlinking: /home/bryan/dissertation/summit_sim_git/devel/share/common-lisp/ros/xarm_msgs/srv/GetDigitalIO.lisp
Already unlinked: {}
Unlinking: /home/bryan/dissertation/summit_sim_git/devel/share/common-lisp/ros/xarm_msgs/srv/_package_SetLoad.lisp
Already unlinked: {}
Unlinking: /home/bryan/dissertation/summit_sim_git/devel/share/common-lisp/ros/xarm_msgs/srv/ClearErr.lisp
Already unlinked: {}
Unlinking: /home/bryan/dissertation/summit_sim_git/devel/share/common-lisp/ros/xarm_msgs/srv/GetErr.lisp
Already unlinked: {}
Unlinking: /home/bryan/dissertation/summit_sim_git/devel/share/common-lisp/ros/xarm_msgs/srv/_package_SetInt16.lisp
Already unlinked: {}
Unlinking: /home/bryan/dissertation/summit_sim_git/devel/share/common-lisp/ros/xarm_msgs/srv/SetInt16.lisp
Already unlinked: {}
Unlinking: /home/bryan/dissertation/summit_sim_git/devel/share/common-lisp/ros/xarm_msgs/srv/_package_GripperConfig.lisp
Already unlinked: {}
Unlinking: /home/bryan/dissertation/summit_sim_git/devel/share/common-lisp/ros/xarm_msgs/srv/_package_GripperMove.lisp
Already unlinked: {}
Unlinking: /home/bryan/dissertation/summit_sim_git/devel/share/common-lisp/ros/xarm_msgs/srv/_package_TCPOffset.lisp
Already unlinked: {}
Unlinking: /home/bryan/dissertation/summit_sim_git/devel/share/common-lisp/ros/xarm_msgs/srv/SetToolModbus.lisp
Already unlinked: {}
Unlinking: /home/bryan/dissertation/summit_sim_git/devel/share/common-lisp/ros/xarm_msgs/srv/GripperState.lisp
Already unlinked: {}
Unlinking: /home/bryan/dissertation/summit_sim_git/devel/share/common-lisp/ros/xarm_msgs/srv/GetControllerDigitalIO.lisp
Already unlinked: {}
Unlinking: /home/bryan/dissertation/summit_sim_git/devel/share/common-lisp/ros/xarm_msgs/srv/_package_SetDigitalIO.lisp
Already unlinked: {}
Unlinking: /home/bryan/dissertation/summit_sim_git/devel/share/common-lisp/ros/xarm_msgs/srv/_package_GetAnalogIO.lisp
Already unlinked: {}
Unlinking: /home/bryan/dissertation/summit_sim_git/devel/share/common-lisp/ros/xarm_msgs/srv/SetDigitalIO.lisp
Already unlinked: {}
Unlinking: /home/bryan/dissertation/summit_sim_git/devel/share/common-lisp/ros/xarm_msgs/srv/_package_SetToolModbus.lisp
Already unlinked: {}
Unlinking: /home/bryan/dissertation/summit_sim_git/devel/share/common-lisp/ros/xarm_msgs/srv/Move.lisp
Already unlinked: {}
Unlinking: /home/bryan/dissertation/summit_sim_git/devel/share/common-lisp/ros/xarm_msgs/srv/GripperConfig.lisp
Already unlinked: {}
